26-Feb-2021 09:08:41.923 信息 [main] org.apache.catalina.startup.VersionLoggerListener.log Server.æå¡å¨çæ¬: Apache Tomcat/@VERSION@
26-Feb-2021 09:08:41.927 信息 [main] org.apache.catalina.startup.VersionLoggerListener.log æå¡å¨æå»º:        @VERSION_BUILT@
26-Feb-2021 09:08:41.927 信息 [main] org.apache.catalina.startup.VersionLoggerListener.log æå¡å¨çæ¬å·:      @VERSION_NUMBER@
26-Feb-2021 09:08:41.927 信息 [main] org.apache.catalina.startup.VersionLoggerListener.log æä½ç³»ç»åç§°:      Windows 7
26-Feb-2021 09:08:41.927 信息 [main] org.apache.catalina.startup.VersionLoggerListener.log OS.çæ¬:           6.1
26-Feb-2021 09:08:41.927 信息 [main] org.apache.catalina.startup.VersionLoggerListener.log æ¶æ:              amd64
26-Feb-2021 09:08:41.927 信息 [main] org.apache.catalina.startup.VersionLoggerListener.log Java ç¯å¢åé:     D:\Program Files\Java\jdk1.8.0_202\jre
26-Feb-2021 09:08:41.927 信息 [main] org.apache.catalina.startup.VersionLoggerListener.log Javaèææºçæ¬:    1.8.0_202-b08
26-Feb-2021 09:08:41.927 信息 [main] org.apache.catalina.startup.VersionLoggerListener.log JVM.ä¾åºå:        Oracle Corporation
26-Feb-2021 09:08:41.927 信息 [main] org.apache.catalina.startup.VersionLoggerListener.log CATALINA_BASE:     E:\learn\tomcat\catalina-home
26-Feb-2021 09:08:41.928 信息 [main] org.apache.catalina.startup.VersionLoggerListener.log CATALINA_HOME:     E:\learn\tomcat\catalina-home
26-Feb-2021 09:08:41.928 信息 [main] org.apache.catalina.startup.VersionLoggerListener.log å½ä»¤è¡åæ°ï¼       -agentlib:jdwp=transport=dt_socket,address=127.0.0.1:54596,suspend=y,server=n
26-Feb-2021 09:08:41.928 信息 [main] org.apache.catalina.startup.VersionLoggerListener.log å½ä»¤è¡åæ°ï¼       -Dcatalina.home=catalina-home
26-Feb-2021 09:08:41.928 信息 [main] org.apache.catalina.startup.VersionLoggerListener.log å½ä»¤è¡åæ°ï¼       -Dcatalina.base=catalina-home
26-Feb-2021 09:08:41.928 信息 [main] org.apache.catalina.startup.VersionLoggerListener.log å½ä»¤è¡åæ°ï¼       -Djava.endorsed.dirs=catalina-home/endorsed
26-Feb-2021 09:08:41.928 信息 [main] org.apache.catalina.startup.VersionLoggerListener.log å½ä»¤è¡åæ°ï¼       -Djava.io.tmpdir=catalina-home/temp
26-Feb-2021 09:08:41.928 信息 [main] org.apache.catalina.startup.VersionLoggerListener.log å½ä»¤è¡åæ°ï¼       -Djava.util.logging.manager=org.apache.juli.ClassLoaderLogManager
26-Feb-2021 09:08:41.929 信息 [main] org.apache.catalina.startup.VersionLoggerListener.log å½ä»¤è¡åæ°ï¼       -Djava.util.logging.config.file=catalina-home/conf/logging.properties
26-Feb-2021 09:08:41.929 信息 [main] org.apache.catalina.startup.VersionLoggerListener.log å½ä»¤è¡åæ°ï¼       -Dfile.encoding=UTF-8
26-Feb-2021 09:08:41.929 信息 [main] org.apache.catalina.startup.VersionLoggerListener.log å½ä»¤è¡åæ°ï¼       -javaagent:C:\Users\Administrator\.IntelliJIdea2019.1\system\captureAgent\debugger-agent.jar
26-Feb-2021 09:08:41.929 信息 [main] org.apache.catalina.core.AprLifecycleListener.lifecycleEvent å¨java.library.path:[D:\Program Files\Java\jdk1.8.0_202\bin;C:\Windows\Sun\Java\bin;C:\Windows\system32;C:\Windows;D:\Program Files\JetBrains\IntelliJ IDEA 2019.1.4\jre64\\bin;D:\Program Files\JetBrains\IntelliJ IDEA 2019.1.4\jre64\\bin\server;C:\Program Files (x86)\Common Files\Oracle\Java\javapath;C:\Windows\system32;C:\Windows;C:\Windows\System32\Wbem;C:\Windows\System32\WindowsPowerShell\v1.0\;d:\Program Files\Git\cmd;D:\Program Files\TortoiseSVN\bin;D:\Program Files\apache-maven-3.5.2\bin;D:\Program Files\TortoiseGit\bin;D:\Go\bin;D:\Program Files\gradle-4.10.2\bin;.]ä¸æ¾ä¸å°åºäºAPRçApache Tomcatæ¬æºåºï¼è¯¥åºåè®¸å¨çäº§ç¯å¢ä¸­è·å¾æä½³æ§è½
26-Feb-2021 09:08:42.062 信息 [main] org.apache.coyote.AbstractProtocol.init åå§ååè®®å¤çå¨ ["http-nio-8080"]
26-Feb-2021 09:08:42.159 信息 [main] org.apache.tomcat.util.net.NioSelectorPool.getSharedSelector Using a shared selector for servlet write/read
26-Feb-2021 09:08:42.169 信息 [main] org.apache.catalina.startup.Catalina.load Initialization processed in 29354 ms
26-Feb-2021 09:08:42.210 信息 [main] org.apache.catalina.core.StandardService.startInternal æ­£å¨å¯å¨æå¡[Catalina]
26-Feb-2021 09:08:42.210 信息 [main] org.apache.catalina.core.StandardEngine.startInternal Starting Servlet Engine: Apache Tomcat/@VERSION@
26-Feb-2021 09:08:42.243 信息 [localhost-startStop-1] org.apache.catalina.startup.HostConfig.deployDirectory æweb åºç¨ç¨åºé¨ç½²å°ç®å½ [E:\learn\tomcat\catalina-home\webapps\docs]
26-Feb-2021 09:08:42.517 信息 [localhost-startStop-1] org.apache.jasper.servlet.TldScanner.scanJars è³å°æä¸ä¸ªJARè¢«æ«æç¨äºTLDä½å°æªåå«TLDã ä¸ºæ­¤è®°å½å¨å¯ç¨è°è¯æ¥å¿è®°å½ï¼ä»¥è·åå·²æ«æä½æªå¨å¶ä¸­æ¾å°TLDçå®æ´JARåè¡¨ã å¨æ«ææé´è·³è¿ä¸éè¦çJARå¯ä»¥ç¼©ç­å¯å¨æ¶é´åJSPç¼è¯æ¶é´ã
26-Feb-2021 09:08:42.538 信息 [localhost-startStop-1] org.apache.catalina.startup.HostConfig.deployDirectory Webåºç¨ç¨åºç®å½[E:\learn\tomcat\catalina-home\webapps\docs]çé¨ç½²å·²å¨[292]æ¯«ç§åå®æ
26-Feb-2021 09:08:42.538 信息 [localhost-startStop-1] org.apache.catalina.startup.HostConfig.deployDirectory æweb åºç¨ç¨åºé¨ç½²å°ç®å½ [E:\learn\tomcat\catalina-home\webapps\examples]
26-Feb-2021 09:08:42.724 信息 [localhost-startStop-1] org.apache.jasper.servlet.TldScanner.scanJars è³å°æä¸ä¸ªJARè¢«æ«æç¨äºTLDä½å°æªåå«TLDã ä¸ºæ­¤è®°å½å¨å¯ç¨è°è¯æ¥å¿è®°å½ï¼ä»¥è·åå·²æ«æä½æªå¨å¶ä¸­æ¾å°TLDçå®æ´JARåè¡¨ã å¨æ«ææé´è·³è¿ä¸éè¦çJARå¯ä»¥ç¼©ç­å¯å¨æ¶é´åJSPç¼è¯æ¶é´ã
26-Feb-2021 09:08:42.737 严重 [localhost-startStop-1] org.apache.catalina.core.StandardContext.startInternal ä¸ä¸ªæå¤ä¸ªlistenerså¯å¨å¤±è´¥ï¼æ´å¤è¯¦ç»ä¿¡æ¯æ¥çå¯¹åºçå®¹å¨æ¥å¿æä»¶
26-Feb-2021 09:08:42.737 严重 [localhost-startStop-1] org.apache.catalina.core.StandardContext.startInternal ç±äºä¹åçéè¯¯ï¼Context[/examples]å¯å¨å¤±è´¥
26-Feb-2021 09:08:42.749 信息 [localhost-startStop-1] org.apache.catalina.startup.HostConfig.deployDirectory Webåºç¨ç¨åºç®å½[E:\learn\tomcat\catalina-home\webapps\examples]çé¨ç½²å·²å¨[211]æ¯«ç§åå®æ
26-Feb-2021 09:08:42.750 信息 [localhost-startStop-1] org.apache.catalina.startup.HostConfig.deployDirectory æweb åºç¨ç¨åºé¨ç½²å°ç®å½ [E:\learn\tomcat\catalina-home\webapps\host-manager]
26-Feb-2021 09:08:42.829 信息 [localhost-startStop-1] org.apache.jasper.servlet.TldScanner.scanJars è³å°æä¸ä¸ªJARè¢«æ«æç¨äºTLDä½å°æªåå«TLDã ä¸ºæ­¤è®°å½å¨å¯ç¨è°è¯æ¥å¿è®°å½ï¼ä»¥è·åå·²æ«æä½æªå¨å¶ä¸­æ¾å°TLDçå®æ´JARåè¡¨ã å¨æ«ææé´è·³è¿ä¸éè¦çJARå¯ä»¥ç¼©ç­å¯å¨æ¶é´åJSPç¼è¯æ¶é´ã
26-Feb-2021 09:08:42.838 信息 [localhost-startStop-1] org.apache.catalina.startup.HostConfig.deployDirectory Webåºç¨ç¨åºç®å½[E:\learn\tomcat\catalina-home\webapps\host-manager]çé¨ç½²å·²å¨[88]æ¯«ç§åå®æ
26-Feb-2021 09:08:42.838 信息 [localhost-startStop-1] org.apache.catalina.startup.HostConfig.deployDirectory æweb åºç¨ç¨åºé¨ç½²å°ç®å½ [E:\learn\tomcat\catalina-home\webapps\manager]
26-Feb-2021 09:08:42.933 信息 [localhost-startStop-1] org.apache.jasper.servlet.TldScanner.scanJars è³å°æä¸ä¸ªJARè¢«æ«æç¨äºTLDä½å°æªåå«TLDã ä¸ºæ­¤è®°å½å¨å¯ç¨è°è¯æ¥å¿è®°å½ï¼ä»¥è·åå·²æ«æä½æªå¨å¶ä¸­æ¾å°TLDçå®æ´JARåè¡¨ã å¨æ«ææé´è·³è¿ä¸éè¦çJARå¯ä»¥ç¼©ç­å¯å¨æ¶é´åJSPç¼è¯æ¶é´ã
26-Feb-2021 09:08:42.935 信息 [localhost-startStop-1] org.apache.catalina.startup.HostConfig.deployDirectory Webåºç¨ç¨åºç®å½[E:\learn\tomcat\catalina-home\webapps\manager]çé¨ç½²å·²å¨[97]æ¯«ç§åå®æ
26-Feb-2021 09:08:42.935 信息 [localhost-startStop-1] org.apache.catalina.startup.HostConfig.deployDirectory æweb åºç¨ç¨åºé¨ç½²å°ç®å½ [E:\learn\tomcat\catalina-home\webapps\ROOT]
26-Feb-2021 09:08:43.001 信息 [localhost-startStop-1] org.apache.jasper.servlet.TldScanner.scanJars è³å°æä¸ä¸ªJARè¢«æ«æç¨äºTLDä½å°æªåå«TLDã ä¸ºæ­¤è®°å½å¨å¯ç¨è°è¯æ¥å¿è®°å½ï¼ä»¥è·åå·²æ«æä½æªå¨å¶ä¸­æ¾å°TLDçå®æ´JARåè¡¨ã å¨æ«ææé´è·³è¿ä¸éè¦çJARå¯ä»¥ç¼©ç­å¯å¨æ¶é´åJSPç¼è¯æ¶é´ã
26-Feb-2021 09:08:43.002 信息 [localhost-startStop-1] org.apache.catalina.startup.HostConfig.deployDirectory Webåºç¨ç¨åºç®å½[E:\learn\tomcat\catalina-home\webapps\ROOT]çé¨ç½²å·²å¨[67]æ¯«ç§åå®æ
26-Feb-2021 09:08:43.005 信息 [main] org.apache.coyote.AbstractProtocol.start å¼å§åè®®å¤çå¥æ["http-nio-8080"]
26-Feb-2021 09:08:43.013 信息 [main] org.apache.catalina.startup.Catalina.start Server startup in 842 ms
26-Feb-2021 14:56:37.108 警告 [main] org.apache.catalina.core.StandardServer.await æ¶å°æ æçå³é­å½ä»¤[]
26-Feb-2021 15:25:57.495 警告 [main] org.apache.catalina.core.StandardServer.await æ¶å°æ æçå³é­å½ä»¤[]
26-Feb-2021 16:51:34.639 信息 [Thread-4] org.apache.coyote.AbstractProtocol.pause æåProtocolHandler["http-nio-8080"]
26-Feb-2021 16:51:34.667 信息 [Thread-4] org.apache.catalina.core.StandardService.stopInternal æ­£å¨åæ­¢æå¡[Catalina]
26-Feb-2021 16:51:34.686 信息 [Thread-4] org.apache.coyote.AbstractProtocol.stop æ­£å¨åæ­¢ProtocolHandler ["http-nio-8080"]
26-Feb-2021 16:51:34.696 信息 [Thread-4] org.apache.coyote.AbstractProtocol.destroy æ­£å¨æ§æ¯åè®®å¤çå¨ ["http-nio-8080"]
26-Feb-2021 16:52:50.637 信息 [main] org.apache.catalina.startup.VersionLoggerListener.log Server.æå¡å¨çæ¬: Apache Tomcat/@VERSION@
26-Feb-2021 16:52:50.641 信息 [main] org.apache.catalina.startup.VersionLoggerListener.log æå¡å¨æå»º:        @VERSION_BUILT@
26-Feb-2021 16:52:50.641 信息 [main] org.apache.catalina.startup.VersionLoggerListener.log æå¡å¨çæ¬å·:      @VERSION_NUMBER@
26-Feb-2021 16:52:50.641 信息 [main] org.apache.catalina.startup.VersionLoggerListener.log æä½ç³»ç»åç§°:      Windows 7
26-Feb-2021 16:52:50.641 信息 [main] org.apache.catalina.startup.VersionLoggerListener.log OS.çæ¬:           6.1
26-Feb-2021 16:52:50.641 信息 [main] org.apache.catalina.startup.VersionLoggerListener.log æ¶æ:              amd64
26-Feb-2021 16:52:50.641 信息 [main] org.apache.catalina.startup.VersionLoggerListener.log Java ç¯å¢åé:     D:\Program Files\Java\jdk1.8.0_202\jre
26-Feb-2021 16:52:50.641 信息 [main] org.apache.catalina.startup.VersionLoggerListener.log Javaèææºçæ¬:    1.8.0_202-b08
26-Feb-2021 16:52:50.642 信息 [main] org.apache.catalina.startup.VersionLoggerListener.log JVM.ä¾åºå:        Oracle Corporation
26-Feb-2021 16:52:50.642 信息 [main] org.apache.catalina.startup.VersionLoggerListener.log CATALINA_BASE:     E:\learn\tomcat\catalina-home
26-Feb-2021 16:52:50.642 信息 [main] org.apache.catalina.startup.VersionLoggerListener.log CATALINA_HOME:     E:\learn\tomcat\catalina-home
26-Feb-2021 16:52:50.642 信息 [main] org.apache.catalina.startup.VersionLoggerListener.log å½ä»¤è¡åæ°ï¼       -agentlib:jdwp=transport=dt_socket,address=127.0.0.1:56148,suspend=y,server=n
26-Feb-2021 16:52:50.642 信息 [main] org.apache.catalina.startup.VersionLoggerListener.log å½ä»¤è¡åæ°ï¼       -Dcatalina.home=catalina-home
26-Feb-2021 16:52:50.642 信息 [main] org.apache.catalina.startup.VersionLoggerListener.log å½ä»¤è¡åæ°ï¼       -Dcatalina.base=catalina-home
26-Feb-2021 16:52:50.642 信息 [main] org.apache.catalina.startup.VersionLoggerListener.log å½ä»¤è¡åæ°ï¼       -Djava.endorsed.dirs=catalina-home/endorsed
26-Feb-2021 16:52:50.642 信息 [main] org.apache.catalina.startup.VersionLoggerListener.log å½ä»¤è¡åæ°ï¼       -Djava.io.tmpdir=catalina-home/temp
26-Feb-2021 16:52:50.642 信息 [main] org.apache.catalina.startup.VersionLoggerListener.log å½ä»¤è¡åæ°ï¼       -Djava.util.logging.manager=org.apache.juli.ClassLoaderLogManager
26-Feb-2021 16:52:50.643 信息 [main] org.apache.catalina.startup.VersionLoggerListener.log å½ä»¤è¡åæ°ï¼       -Djava.util.logging.config.file=catalina-home/conf/logging.properties
26-Feb-2021 16:52:50.643 信息 [main] org.apache.catalina.startup.VersionLoggerListener.log å½ä»¤è¡åæ°ï¼       -Dfile.encoding=UTF-8
26-Feb-2021 16:52:50.643 信息 [main] org.apache.catalina.startup.VersionLoggerListener.log å½ä»¤è¡åæ°ï¼       -javaagent:C:\Users\Administrator\.IntelliJIdea2019.1\system\captureAgent\debugger-agent.jar
26-Feb-2021 16:52:50.643 信息 [main] org.apache.catalina.core.AprLifecycleListener.lifecycleEvent å¨java.library.path:[D:\Program Files\Java\jdk1.8.0_202\bin;C:\Windows\Sun\Java\bin;C:\Windows\system32;C:\Windows;D:\Program Files\JetBrains\IntelliJ IDEA 2019.1.4\jre64\\bin;D:\Program Files\JetBrains\IntelliJ IDEA 2019.1.4\jre64\\bin\server;C:\Program Files (x86)\Common Files\Oracle\Java\javapath;C:\Windows\system32;C:\Windows;C:\Windows\System32\Wbem;C:\Windows\System32\WindowsPowerShell\v1.0\;d:\Program Files\Git\cmd;D:\Program Files\TortoiseSVN\bin;D:\Program Files\apache-maven-3.5.2\bin;D:\Program Files\TortoiseGit\bin;D:\Go\bin;D:\Program Files\gradle-4.10.2\bin;.]ä¸æ¾ä¸å°åºäºAPRçApache Tomcatæ¬æºåºï¼è¯¥åºåè®¸å¨çäº§ç¯å¢ä¸­è·å¾æä½³æ§è½
26-Feb-2021 16:52:50.765 信息 [main] org.apache.coyote.AbstractProtocol.init åå§ååè®®å¤çå¨ ["http-nio-8080"]
26-Feb-2021 16:52:50.875 信息 [main] org.apache.tomcat.util.net.NioSelectorPool.getSharedSelector Using a shared selector for servlet write/read
26-Feb-2021 16:52:50.890 信息 [main] org.apache.catalina.startup.Catalina.load Initialization processed in 67011 ms
26-Feb-2021 16:52:50.921 信息 [main] org.apache.catalina.core.StandardService.startInternal æ­£å¨å¯å¨æå¡[Catalina]
26-Feb-2021 16:52:50.921 信息 [main] org.apache.catalina.core.StandardEngine.startInternal Starting Servlet Engine: Apache Tomcat/@VERSION@
26-Feb-2021 16:52:50.960 信息 [localhost-startStop-1] org.apache.catalina.startup.HostConfig.deployDirectory æweb åºç¨ç¨åºé¨ç½²å°ç®å½ [E:\learn\tomcat\catalina-home\webapps\docs]
26-Feb-2021 16:52:51.280 信息 [localhost-startStop-1] org.apache.jasper.servlet.TldScanner.scanJars è³å°æä¸ä¸ªJARè¢«æ«æç¨äºTLDä½å°æªåå«TLDã ä¸ºæ­¤è®°å½å¨å¯ç¨è°è¯æ¥å¿è®°å½ï¼ä»¥è·åå·²æ«æä½æªå¨å¶ä¸­æ¾å°TLDçå®æ´JARåè¡¨ã å¨æ«ææé´è·³è¿ä¸éè¦çJARå¯ä»¥ç¼©ç­å¯å¨æ¶é´åJSPç¼è¯æ¶é´ã
26-Feb-2021 16:52:51.300 信息 [localhost-startStop-1] org.apache.catalina.startup.HostConfig.deployDirectory Webåºç¨ç¨åºç®å½[E:\learn\tomcat\catalina-home\webapps\docs]çé¨ç½²å·²å¨[338]æ¯«ç§åå®æ
26-Feb-2021 16:52:51.300 信息 [localhost-startStop-1] org.apache.catalina.startup.HostConfig.deployDirectory æweb åºç¨ç¨åºé¨ç½²å°ç®å½ [E:\learn\tomcat\catalina-home\webapps\examples]
26-Feb-2021 16:52:51.497 信息 [localhost-startStop-1] org.apache.jasper.servlet.TldScanner.scanJars è³å°æä¸ä¸ªJARè¢«æ«æç¨äºTLDä½å°æªåå«TLDã ä¸ºæ­¤è®°å½å¨å¯ç¨è°è¯æ¥å¿è®°å½ï¼ä»¥è·åå·²æ«æä½æªå¨å¶ä¸­æ¾å°TLDçå®æ´JARåè¡¨ã å¨æ«ææé´è·³è¿ä¸éè¦çJARå¯ä»¥ç¼©ç­å¯å¨æ¶é´åJSPç¼è¯æ¶é´ã
26-Feb-2021 16:52:51.513 严重 [localhost-startStop-1] org.apache.catalina.core.StandardContext.startInternal ä¸ä¸ªæå¤ä¸ªlistenerså¯å¨å¤±è´¥ï¼æ´å¤è¯¦ç»ä¿¡æ¯æ¥çå¯¹åºçå®¹å¨æ¥å¿æä»¶
26-Feb-2021 16:52:51.514 严重 [localhost-startStop-1] org.apache.catalina.core.StandardContext.startInternal ç±äºä¹åçéè¯¯ï¼Context[/examples]å¯å¨å¤±è´¥
26-Feb-2021 16:52:51.521 信息 [localhost-startStop-1] org.apache.catalina.startup.HostConfig.deployDirectory Webåºç¨ç¨åºç®å½[E:\learn\tomcat\catalina-home\webapps\examples]çé¨ç½²å·²å¨[221]æ¯«ç§åå®æ
26-Feb-2021 16:52:51.521 信息 [localhost-startStop-1] org.apache.catalina.startup.HostConfig.deployDirectory æweb åºç¨ç¨åºé¨ç½²å°ç®å½ [E:\learn\tomcat\catalina-home\webapps\host-manager]
26-Feb-2021 16:52:51.617 信息 [localhost-startStop-1] org.apache.jasper.servlet.TldScanner.scanJars è³å°æä¸ä¸ªJARè¢«æ«æç¨äºTLDä½å°æªåå«TLDã ä¸ºæ­¤è®°å½å¨å¯ç¨è°è¯æ¥å¿è®°å½ï¼ä»¥è·åå·²æ«æä½æªå¨å¶ä¸­æ¾å°TLDçå®æ´JARåè¡¨ã å¨æ«ææé´è·³è¿ä¸éè¦çJARå¯ä»¥ç¼©ç­å¯å¨æ¶é´åJSPç¼è¯æ¶é´ã
26-Feb-2021 16:52:51.627 信息 [localhost-startStop-1] org.apache.catalina.startup.HostConfig.deployDirectory Webåºç¨ç¨åºç®å½[E:\learn\tomcat\catalina-home\webapps\host-manager]çé¨ç½²å·²å¨[105]æ¯«ç§åå®æ
26-Feb-2021 16:52:51.627 信息 [localhost-startStop-1] org.apache.catalina.startup.HostConfig.deployDirectory æweb åºç¨ç¨åºé¨ç½²å°ç®å½ [E:\learn\tomcat\catalina-home\webapps\manager]
26-Feb-2021 16:52:51.791 信息 [localhost-startStop-1] org.apache.jasper.servlet.TldScanner.scanJars è³å°æä¸ä¸ªJARè¢«æ«æç¨äºTLDä½å°æªåå«TLDã ä¸ºæ­¤è®°å½å¨å¯ç¨è°è¯æ¥å¿è®°å½ï¼ä»¥è·åå·²æ«æä½æªå¨å¶ä¸­æ¾å°TLDçå®æ´JARåè¡¨ã å¨æ«ææé´è·³è¿ä¸éè¦çJARå¯ä»¥ç¼©ç­å¯å¨æ¶é´åJSPç¼è¯æ¶é´ã
26-Feb-2021 16:52:51.794 信息 [localhost-startStop-1] org.apache.catalina.startup.HostConfig.deployDirectory Webåºç¨ç¨åºç®å½[E:\learn\tomcat\catalina-home\webapps\manager]çé¨ç½²å·²å¨[166]æ¯«ç§åå®æ
26-Feb-2021 16:52:51.794 信息 [localhost-startStop-1] org.apache.catalina.startup.HostConfig.deployDirectory æweb åºç¨ç¨åºé¨ç½²å°ç®å½ [E:\learn\tomcat\catalina-home\webapps\ROOT]
26-Feb-2021 16:52:51.892 信息 [localhost-startStop-1] org.apache.jasper.servlet.TldScanner.scanJars è³å°æä¸ä¸ªJARè¢«æ«æç¨äºTLDä½å°æªåå«TLDã ä¸ºæ­¤è®°å½å¨å¯ç¨è°è¯æ¥å¿è®°å½ï¼ä»¥è·åå·²æ«æä½æªå¨å¶ä¸­æ¾å°TLDçå®æ´JARåè¡¨ã å¨æ«ææé´è·³è¿ä¸éè¦çJARå¯ä»¥ç¼©ç­å¯å¨æ¶é´åJSPç¼è¯æ¶é´ã
26-Feb-2021 16:52:51.894 信息 [localhost-startStop-1] org.apache.catalina.startup.HostConfig.deployDirectory Webåºç¨ç¨åºç®å½[E:\learn\tomcat\catalina-home\webapps\ROOT]çé¨ç½²å·²å¨[99]æ¯«ç§åå®æ
26-Feb-2021 16:52:51.898 信息 [main] org.apache.coyote.AbstractProtocol.start å¼å§åè®®å¤çå¥æ["http-nio-8080"]
26-Feb-2021 16:52:51.910 信息 [main] org.apache.catalina.startup.Catalina.start Server startup in 1020 ms
26-Feb-2021 16:53:45.547 信息 [Thread-4] org.apache.coyote.AbstractProtocol.pause æåProtocolHandler["http-nio-8080"]
26-Feb-2021 16:53:45.573 信息 [Thread-4] org.apache.catalina.core.StandardService.stopInternal æ­£å¨åæ­¢æå¡[Catalina]
26-Feb-2021 16:53:45.593 信息 [Thread-4] org.apache.coyote.AbstractProtocol.stop æ­£å¨åæ­¢ProtocolHandler ["http-nio-8080"]
26-Feb-2021 16:53:45.597 信息 [Thread-4] org.apache.coyote.AbstractProtocol.destroy æ­£å¨æ§æ¯åè®®å¤çå¨ ["http-nio-8080"]
26-Feb-2021 16:53:53.808 信息 [main] org.apache.catalina.startup.VersionLoggerListener.log Server.æå¡å¨çæ¬: Apache Tomcat/@VERSION@
26-Feb-2021 16:53:53.812 信息 [main] org.apache.catalina.startup.VersionLoggerListener.log æå¡å¨æå»º:        @VERSION_BUILT@
26-Feb-2021 16:53:53.812 信息 [main] org.apache.catalina.startup.VersionLoggerListener.log æå¡å¨çæ¬å·:      @VERSION_NUMBER@
26-Feb-2021 16:53:53.812 信息 [main] org.apache.catalina.startup.VersionLoggerListener.log æä½ç³»ç»åç§°:      Windows 7
26-Feb-2021 16:53:53.812 信息 [main] org.apache.catalina.startup.VersionLoggerListener.log OS.çæ¬:           6.1
26-Feb-2021 16:53:53.812 信息 [main] org.apache.catalina.startup.VersionLoggerListener.log æ¶æ:              amd64
26-Feb-2021 16:53:53.812 信息 [main] org.apache.catalina.startup.VersionLoggerListener.log Java ç¯å¢åé:     D:\Program Files\Java\jdk1.8.0_202\jre
26-Feb-2021 16:53:53.812 信息 [main] org.apache.catalina.startup.VersionLoggerListener.log Javaèææºçæ¬:    1.8.0_202-b08
26-Feb-2021 16:53:53.812 信息 [main] org.apache.catalina.startup.VersionLoggerListener.log JVM.ä¾åºå:        Oracle Corporation
26-Feb-2021 16:53:53.812 信息 [main] org.apache.catalina.startup.VersionLoggerListener.log CATALINA_BASE:     E:\learn\tomcat\catalina-home
26-Feb-2021 16:53:53.813 信息 [main] org.apache.catalina.startup.VersionLoggerListener.log CATALINA_HOME:     E:\learn\tomcat\catalina-home
26-Feb-2021 16:53:53.813 信息 [main] org.apache.catalina.startup.VersionLoggerListener.log å½ä»¤è¡åæ°ï¼       -agentlib:jdwp=transport=dt_socket,address=127.0.0.1:56660,suspend=y,server=n
26-Feb-2021 16:53:53.813 信息 [main] org.apache.catalina.startup.VersionLoggerListener.log å½ä»¤è¡åæ°ï¼       -Dcatalina.home=catalina-home
26-Feb-2021 16:53:53.813 信息 [main] org.apache.catalina.startup.VersionLoggerListener.log å½ä»¤è¡åæ°ï¼       -Dcatalina.base=catalina-home
26-Feb-2021 16:53:53.813 信息 [main] org.apache.catalina.startup.VersionLoggerListener.log å½ä»¤è¡åæ°ï¼       -Djava.endorsed.dirs=catalina-home/endorsed
26-Feb-2021 16:53:53.813 信息 [main] org.apache.catalina.startup.VersionLoggerListener.log å½ä»¤è¡åæ°ï¼       -Djava.io.tmpdir=catalina-home/temp
26-Feb-2021 16:53:53.813 信息 [main] org.apache.catalina.startup.VersionLoggerListener.log å½ä»¤è¡åæ°ï¼       -Djava.util.logging.manager=org.apache.juli.ClassLoaderLogManager
26-Feb-2021 16:53:53.813 信息 [main] org.apache.catalina.startup.VersionLoggerListener.log å½ä»¤è¡åæ°ï¼       -Djava.util.logging.config.file=catalina-home/conf/logging.properties
26-Feb-2021 16:53:53.813 信息 [main] org.apache.catalina.startup.VersionLoggerListener.log å½ä»¤è¡åæ°ï¼       -Dfile.encoding=UTF-8
26-Feb-2021 16:53:53.813 信息 [main] org.apache.catalina.startup.VersionLoggerListener.log å½ä»¤è¡åæ°ï¼       -javaagent:C:\Users\Administrator\.IntelliJIdea2019.1\system\captureAgent\debugger-agent.jar
26-Feb-2021 16:53:53.814 信息 [main] org.apache.catalina.core.AprLifecycleListener.lifecycleEvent å¨java.library.path:[D:\Program Files\Java\jdk1.8.0_202\bin;C:\Windows\Sun\Java\bin;C:\Windows\system32;C:\Windows;D:\Program Files\JetBrains\IntelliJ IDEA 2019.1.4\jre64\\bin;D:\Program Files\JetBrains\IntelliJ IDEA 2019.1.4\jre64\\bin\server;C:\Program Files (x86)\Common Files\Oracle\Java\javapath;C:\Windows\system32;C:\Windows;C:\Windows\System32\Wbem;C:\Windows\System32\WindowsPowerShell\v1.0\;d:\Program Files\Git\cmd;D:\Program Files\TortoiseSVN\bin;D:\Program Files\apache-maven-3.5.2\bin;D:\Program Files\TortoiseGit\bin;D:\Go\bin;D:\Program Files\gradle-4.10.2\bin;.]ä¸æ¾ä¸å°åºäºAPRçApache Tomcatæ¬æºåºï¼è¯¥åºåè®¸å¨çäº§ç¯å¢ä¸­è·å¾æä½³æ§è½
26-Feb-2021 16:53:53.941 信息 [main] org.apache.coyote.AbstractProtocol.init åå§ååè®®å¤çå¨ ["http-nio-8080"]
26-Feb-2021 16:53:54.085 信息 [main] org.apache.tomcat.util.net.NioSelectorPool.getSharedSelector Using a shared selector for servlet write/read
26-Feb-2021 16:53:54.101 信息 [main] org.apache.catalina.startup.Catalina.load Initialization processed in 754 ms
26-Feb-2021 16:53:54.135 信息 [main] org.apache.catalina.core.StandardService.startInternal æ­£å¨å¯å¨æå¡[Catalina]
26-Feb-2021 16:53:54.135 信息 [main] org.apache.catalina.core.StandardEngine.startInternal Starting Servlet Engine: Apache Tomcat/@VERSION@
26-Feb-2021 16:53:54.180 信息 [localhost-startStop-1] org.apache.catalina.startup.HostConfig.deployDirectory æweb åºç¨ç¨åºé¨ç½²å°ç®å½ [E:\learn\tomcat\catalina-home\webapps\docs]
26-Feb-2021 16:53:54.616 信息 [localhost-startStop-1] org.apache.jasper.servlet.TldScanner.scanJars è³å°æä¸ä¸ªJARè¢«æ«æç¨äºTLDä½å°æªåå«TLDã ä¸ºæ­¤è®°å½å¨å¯ç¨è°è¯æ¥å¿è®°å½ï¼ä»¥è·åå·²æ«æä½æªå¨å¶ä¸­æ¾å°TLDçå®æ´JARåè¡¨ã å¨æ«ææé´è·³è¿ä¸éè¦çJARå¯ä»¥ç¼©ç­å¯å¨æ¶é´åJSPç¼è¯æ¶é´ã
26-Feb-2021 16:53:54.644 信息 [localhost-startStop-1] org.apache.catalina.startup.HostConfig.deployDirectory Webåºç¨ç¨åºç®å½[E:\learn\tomcat\catalina-home\webapps\docs]çé¨ç½²å·²å¨[461]æ¯«ç§åå®æ
26-Feb-2021 16:53:54.644 信息 [localhost-startStop-1] org.apache.catalina.startup.HostConfig.deployDirectory æweb åºç¨ç¨åºé¨ç½²å°ç®å½ [E:\learn\tomcat\catalina-home\webapps\examples]
26-Feb-2021 16:53:59.674 信息 [localhost-startStop-1] org.apache.jasper.servlet.TldScanner.scanJars è³å°æä¸ä¸ªJARè¢«æ«æç¨äºTLDä½å°æªåå«TLDã ä¸ºæ­¤è®°å½å¨å¯ç¨è°è¯æ¥å¿è®°å½ï¼ä»¥è·åå·²æ«æä½æªå¨å¶ä¸­æ¾å°TLDçå®æ´JARåè¡¨ã å¨æ«ææé´è·³è¿ä¸éè¦çJARå¯ä»¥ç¼©ç­å¯å¨æ¶é´åJSPç¼è¯æ¶é´ã
26-Feb-2021 16:53:59.693 严重 [localhost-startStop-1] org.apache.catalina.core.StandardContext.startInternal ä¸ä¸ªæå¤ä¸ªlistenerså¯å¨å¤±è´¥ï¼æ´å¤è¯¦ç»ä¿¡æ¯æ¥çå¯¹åºçå®¹å¨æ¥å¿æä»¶
26-Feb-2021 16:53:59.694 严重 [localhost-startStop-1] org.apache.catalina.core.StandardContext.startInternal ç±äºä¹åçéè¯¯ï¼Context[/examples]å¯å¨å¤±è´¥
26-Feb-2021 16:53:59.702 信息 [localhost-startStop-1] org.apache.catalina.startup.HostConfig.deployDirectory Webåºç¨ç¨åºç®å½[E:\learn\tomcat\catalina-home\webapps\examples]çé¨ç½²å·²å¨[5,058]æ¯«ç§åå®æ
26-Feb-2021 16:53:59.703 信息 [localhost-startStop-1] org.apache.catalina.startup.HostConfig.deployDirectory æweb åºç¨ç¨åºé¨ç½²å°ç®å½ [E:\learn\tomcat\catalina-home\webapps\host-manager]
26-Feb-2021 16:53:59.802 信息 [localhost-startStop-1] org.apache.jasper.servlet.TldScanner.scanJars è³å°æä¸ä¸ªJARè¢«æ«æç¨äºTLDä½å°æªåå«TLDã ä¸ºæ­¤è®°å½å¨å¯ç¨è°è¯æ¥å¿è®°å½ï¼ä»¥è·åå·²æ«æä½æªå¨å¶ä¸­æ¾å°TLDçå®æ´JARåè¡¨ã å¨æ«ææé´è·³è¿ä¸éè¦çJARå¯ä»¥ç¼©ç­å¯å¨æ¶é´åJSPç¼è¯æ¶é´ã
26-Feb-2021 16:53:59.812 信息 [localhost-startStop-1] org.apache.catalina.startup.HostConfig.deployDirectory Webåºç¨ç¨åºç®å½[E:\learn\tomcat\catalina-home\webapps\host-manager]çé¨ç½²å·²å¨[109]æ¯«ç§åå®æ
26-Feb-2021 16:53:59.812 信息 [localhost-startStop-1] org.apache.catalina.startup.HostConfig.deployDirectory æweb åºç¨ç¨åºé¨ç½²å°ç®å½ [E:\learn\tomcat\catalina-home\webapps\manager]
26-Feb-2021 16:53:59.924 信息 [localhost-startStop-1] org.apache.jasper.servlet.TldScanner.scanJars è³å°æä¸ä¸ªJARè¢«æ«æç¨äºTLDä½å°æªåå«TLDã ä¸ºæ­¤è®°å½å¨å¯ç¨è°è¯æ¥å¿è®°å½ï¼ä»¥è·åå·²æ«æä½æªå¨å¶ä¸­æ¾å°TLDçå®æ´JARåè¡¨ã å¨æ«ææé´è·³è¿ä¸éè¦çJARå¯ä»¥ç¼©ç­å¯å¨æ¶é´åJSPç¼è¯æ¶é´ã
26-Feb-2021 16:53:59.927 信息 [localhost-startStop-1] org.apache.catalina.startup.HostConfig.deployDirectory Webåºç¨ç¨åºç®å½[E:\learn\tomcat\catalina-home\webapps\manager]çé¨ç½²å·²å¨[114]æ¯«ç§åå®æ
26-Feb-2021 16:53:59.927 信息 [localhost-startStop-1] org.apache.catalina.startup.HostConfig.deployDirectory æweb åºç¨ç¨åºé¨ç½²å°ç®å½ [E:\learn\tomcat\catalina-home\webapps\ROOT]
26-Feb-2021 16:54:00.044 信息 [localhost-startStop-1] org.apache.jasper.servlet.TldScanner.scanJars è³å°æä¸ä¸ªJARè¢«æ«æç¨äºTLDä½å°æªåå«TLDã ä¸ºæ­¤è®°å½å¨å¯ç¨è°è¯æ¥å¿è®°å½ï¼ä»¥è·åå·²æ«æä½æªå¨å¶ä¸­æ¾å°TLDçå®æ´JARåè¡¨ã å¨æ«ææé´è·³è¿ä¸éè¦çJARå¯ä»¥ç¼©ç­å¯å¨æ¶é´åJSPç¼è¯æ¶é´ã
26-Feb-2021 16:54:00.045 信息 [localhost-startStop-1] org.apache.catalina.startup.HostConfig.deployDirectory Webåºç¨ç¨åºç®å½[E:\learn\tomcat\catalina-home\webapps\ROOT]çé¨ç½²å·²å¨[118]æ¯«ç§åå®æ
26-Feb-2021 16:54:00.048 信息 [main] org.apache.coyote.AbstractProtocol.start å¼å§åè®®å¤çå¥æ["http-nio-8080"]
26-Feb-2021 16:54:00.056 信息 [main] org.apache.catalina.startup.Catalina.start Server startup in 5954 ms
26-Feb-2021 16:58:20.965 信息 [Thread-4] org.apache.coyote.AbstractProtocol.pause æåProtocolHandler["http-nio-8080"]
26-Feb-2021 16:58:20.992 信息 [Thread-4] org.apache.catalina.core.StandardService.stopInternal æ­£å¨åæ­¢æå¡[Catalina]
26-Feb-2021 16:58:21.009 信息 [Thread-4] org.apache.coyote.AbstractProtocol.stop æ­£å¨åæ­¢ProtocolHandler ["http-nio-8080"]
26-Feb-2021 16:58:21.013 信息 [Thread-4] org.apache.coyote.AbstractProtocol.destroy æ­£å¨æ§æ¯åè®®å¤çå¨ ["http-nio-8080"]
26-Feb-2021 16:58:28.788 信息 [main] org.apache.catalina.startup.VersionLoggerListener.log Server.æå¡å¨çæ¬: Apache Tomcat/@VERSION@
26-Feb-2021 16:58:28.793 信息 [main] org.apache.catalina.startup.VersionLoggerListener.log æå¡å¨æå»º:        @VERSION_BUILT@
26-Feb-2021 16:58:28.793 信息 [main] org.apache.catalina.startup.VersionLoggerListener.log æå¡å¨çæ¬å·:      @VERSION_NUMBER@
26-Feb-2021 16:58:28.793 信息 [main] org.apache.catalina.startup.VersionLoggerListener.log æä½ç³»ç»åç§°:      Windows 7
26-Feb-2021 16:58:28.794 信息 [main] org.apache.catalina.startup.VersionLoggerListener.log OS.çæ¬:           6.1
26-Feb-2021 16:58:28.794 信息 [main] org.apache.catalina.startup.VersionLoggerListener.log æ¶æ:              amd64
26-Feb-2021 16:58:28.794 信息 [main] org.apache.catalina.startup.VersionLoggerListener.log Java ç¯å¢åé:     D:\Program Files\Java\jdk1.8.0_202\jre
26-Feb-2021 16:58:28.794 信息 [main] org.apache.catalina.startup.VersionLoggerListener.log Javaèææºçæ¬:    1.8.0_202-b08
26-Feb-2021 16:58:28.794 信息 [main] org.apache.catalina.startup.VersionLoggerListener.log JVM.ä¾åºå:        Oracle Corporation
26-Feb-2021 16:58:28.794 信息 [main] org.apache.catalina.startup.VersionLoggerListener.log CATALINA_BASE:     E:\learn\tomcat\catalina-home
26-Feb-2021 16:58:28.794 信息 [main] org.apache.catalina.startup.VersionLoggerListener.log CATALINA_HOME:     E:\learn\tomcat\catalina-home
26-Feb-2021 16:58:28.794 信息 [main] org.apache.catalina.startup.VersionLoggerListener.log å½ä»¤è¡åæ°ï¼       -agentlib:jdwp=transport=dt_socket,address=127.0.0.1:57715,suspend=y,server=n
26-Feb-2021 16:58:28.795 信息 [main] org.apache.catalina.startup.VersionLoggerListener.log å½ä»¤è¡åæ°ï¼       -Dcatalina.home=catalina-home
26-Feb-2021 16:58:28.795 信息 [main] org.apache.catalina.startup.VersionLoggerListener.log å½ä»¤è¡åæ°ï¼       -Dcatalina.base=catalina-home
26-Feb-2021 16:58:28.795 信息 [main] org.apache.catalina.startup.VersionLoggerListener.log å½ä»¤è¡åæ°ï¼       -Djava.endorsed.dirs=catalina-home/endorsed
26-Feb-2021 16:58:28.795 信息 [main] org.apache.catalina.startup.VersionLoggerListener.log å½ä»¤è¡åæ°ï¼       -Djava.io.tmpdir=catalina-home/temp
26-Feb-2021 16:58:28.795 信息 [main] org.apache.catalina.startup.VersionLoggerListener.log å½ä»¤è¡åæ°ï¼       -Djava.util.logging.manager=org.apache.juli.ClassLoaderLogManager
26-Feb-2021 16:58:28.795 信息 [main] org.apache.catalina.startup.VersionLoggerListener.log å½ä»¤è¡åæ°ï¼       -Djava.util.logging.config.file=catalina-home/conf/logging.properties
26-Feb-2021 16:58:28.795 信息 [main] org.apache.catalina.startup.VersionLoggerListener.log å½ä»¤è¡åæ°ï¼       -Dfile.encoding=UTF-8
26-Feb-2021 16:58:28.795 信息 [main] org.apache.catalina.startup.VersionLoggerListener.log å½ä»¤è¡åæ°ï¼       -javaagent:C:\Users\Administrator\.IntelliJIdea2019.1\system\captureAgent\debugger-agent.jar
26-Feb-2021 16:58:28.795 信息 [main] org.apache.catalina.core.AprLifecycleListener.lifecycleEvent å¨java.library.path:[D:\Program Files\Java\jdk1.8.0_202\bin;C:\Windows\Sun\Java\bin;C:\Windows\system32;C:\Windows;D:\Program Files\JetBrains\IntelliJ IDEA 2019.1.4\jre64\\bin;D:\Program Files\JetBrains\IntelliJ IDEA 2019.1.4\jre64\\bin\server;C:\Program Files (x86)\Common Files\Oracle\Java\javapath;C:\Windows\system32;C:\Windows;C:\Windows\System32\Wbem;C:\Windows\System32\WindowsPowerShell\v1.0\;d:\Program Files\Git\cmd;D:\Program Files\TortoiseSVN\bin;D:\Program Files\apache-maven-3.5.2\bin;D:\Program Files\TortoiseGit\bin;D:\Go\bin;D:\Program Files\gradle-4.10.2\bin;.]ä¸æ¾ä¸å°åºäºAPRçApache Tomcatæ¬æºåºï¼è¯¥åºåè®¸å¨çäº§ç¯å¢ä¸­è·å¾æä½³æ§è½
26-Feb-2021 16:58:28.931 信息 [main] org.apache.coyote.AbstractProtocol.init åå§ååè®®å¤çå¨ ["http-nio-8080"]
26-Feb-2021 16:58:29.078 信息 [main] org.apache.tomcat.util.net.NioSelectorPool.getSharedSelector Using a shared selector for servlet write/read
26-Feb-2021 16:58:29.094 信息 [main] org.apache.catalina.startup.Catalina.load Initialization processed in 792 ms
26-Feb-2021 16:58:29.129 信息 [main] org.apache.catalina.core.StandardService.startInternal æ­£å¨å¯å¨æå¡[Catalina]
26-Feb-2021 16:58:29.129 信息 [main] org.apache.catalina.core.StandardEngine.startInternal Starting Servlet Engine: Apache Tomcat/@VERSION@
26-Feb-2021 16:58:29.182 信息 [localhost-startStop-1] org.apache.catalina.startup.HostConfig.deployDirectory æweb åºç¨ç¨åºé¨ç½²å°ç®å½ [E:\learn\tomcat\catalina-home\webapps\docs]
26-Feb-2021 16:58:29.671 信息 [localhost-startStop-1] org.apache.jasper.servlet.TldScanner.scanJars è³å°æä¸ä¸ªJARè¢«æ«æç¨äºTLDä½å°æªåå«TLDã ä¸ºæ­¤è®°å½å¨å¯ç¨è°è¯æ¥å¿è®°å½ï¼ä»¥è·åå·²æ«æä½æªå¨å¶ä¸­æ¾å°TLDçå®æ´JARåè¡¨ã å¨æ«ææé´è·³è¿ä¸éè¦çJARå¯ä»¥ç¼©ç­å¯å¨æ¶é´åJSPç¼è¯æ¶é´ã
26-Feb-2021 16:58:29.708 信息 [localhost-startStop-1] org.apache.catalina.startup.HostConfig.deployDirectory Webåºç¨ç¨åºç®å½[E:\learn\tomcat\catalina-home\webapps\docs]çé¨ç½²å·²å¨[520]æ¯«ç§åå®æ
26-Feb-2021 16:58:29.708 信息 [localhost-startStop-1] org.apache.catalina.startup.HostConfig.deployDirectory æweb åºç¨ç¨åºé¨ç½²å°ç®å½ [E:\learn\tomcat\catalina-home\webapps\examples]
26-Feb-2021 16:58:30.136 信息 [localhost-startStop-1] org.apache.jasper.servlet.TldScanner.scanJars è³å°æä¸ä¸ªJARè¢«æ«æç¨äºTLDä½å°æªåå«TLDã ä¸ºæ­¤è®°å½å¨å¯ç¨è°è¯æ¥å¿è®°å½ï¼ä»¥è·åå·²æ«æä½æªå¨å¶ä¸­æ¾å°TLDçå®æ´JARåè¡¨ã å¨æ«ææé´è·³è¿ä¸éè¦çJARå¯ä»¥ç¼©ç­å¯å¨æ¶é´åJSPç¼è¯æ¶é´ã
26-Feb-2021 16:58:30.167 严重 [localhost-startStop-1] org.apache.catalina.core.StandardContext.startInternal ä¸ä¸ªæå¤ä¸ªlistenerså¯å¨å¤±è´¥ï¼æ´å¤è¯¦ç»ä¿¡æ¯æ¥çå¯¹åºçå®¹å¨æ¥å¿æä»¶
26-Feb-2021 16:58:30.168 严重 [localhost-startStop-1] org.apache.catalina.core.StandardContext.startInternal ç±äºä¹åçéè¯¯ï¼Context[/examples]å¯å¨å¤±è´¥
26-Feb-2021 16:58:30.179 信息 [localhost-startStop-1] org.apache.catalina.startup.HostConfig.deployDirectory Webåºç¨ç¨åºç®å½[E:\learn\tomcat\catalina-home\webapps\examples]çé¨ç½²å·²å¨[471]æ¯«ç§åå®æ
26-Feb-2021 16:58:30.179 信息 [localhost-startStop-1] org.apache.catalina.startup.HostConfig.deployDirectory æweb åºç¨ç¨åºé¨ç½²å°ç®å½ [E:\learn\tomcat\catalina-home\webapps\host-manager]
26-Feb-2021 16:58:30.314 信息 [localhost-startStop-1] org.apache.jasper.servlet.TldScanner.scanJars è³å°æä¸ä¸ªJARè¢«æ«æç¨äºTLDä½å°æªåå«TLDã ä¸ºæ­¤è®°å½å¨å¯ç¨è°è¯æ¥å¿è®°å½ï¼ä»¥è·åå·²æ«æä½æªå¨å¶ä¸­æ¾å°TLDçå®æ´JARåè¡¨ã å¨æ«ææé´è·³è¿ä¸éè¦çJARå¯ä»¥ç¼©ç­å¯å¨æ¶é´åJSPç¼è¯æ¶é´ã
26-Feb-2021 16:58:30.327 信息 [localhost-startStop-1] org.apache.catalina.startup.HostConfig.deployDirectory Webåºç¨ç¨åºç®å½[E:\learn\tomcat\catalina-home\webapps\host-manager]çé¨ç½²å·²å¨[148]æ¯«ç§åå®æ
26-Feb-2021 16:58:30.328 信息 [localhost-startStop-1] org.apache.catalina.startup.HostConfig.deployDirectory æweb åºç¨ç¨åºé¨ç½²å°ç®å½ [E:\learn\tomcat\catalina-home\webapps\manager]
26-Feb-2021 16:58:30.459 信息 [localhost-startStop-1] org.apache.jasper.servlet.TldScanner.scanJars è³å°æä¸ä¸ªJARè¢«æ«æç¨äºTLDä½å°æªåå«TLDã ä¸ºæ­¤è®°å½å¨å¯ç¨è°è¯æ¥å¿è®°å½ï¼ä»¥è·åå·²æ«æä½æªå¨å¶ä¸­æ¾å°TLDçå®æ´JARåè¡¨ã å¨æ«ææé´è·³è¿ä¸éè¦çJARå¯ä»¥ç¼©ç­å¯å¨æ¶é´åJSPç¼è¯æ¶é´ã
26-Feb-2021 16:58:30.466 信息 [localhost-startStop-1] org.apache.catalina.startup.HostConfig.deployDirectory Webåºç¨ç¨åºç®å½[E:\learn\tomcat\catalina-home\webapps\manager]çé¨ç½²å·²å¨[138]æ¯«ç§åå®æ
26-Feb-2021 16:58:30.466 信息 [localhost-startStop-1] org.apache.catalina.startup.HostConfig.deployDirectory æweb åºç¨ç¨åºé¨ç½²å°ç®å½ [E:\learn\tomcat\catalina-home\webapps\ROOT]
26-Feb-2021 16:58:30.594 信息 [localhost-startStop-1] org.apache.jasper.servlet.TldScanner.scanJars è³å°æä¸ä¸ªJARè¢«æ«æç¨äºTLDä½å°æªåå«TLDã ä¸ºæ­¤è®°å½å¨å¯ç¨è°è¯æ¥å¿è®°å½ï¼ä»¥è·åå·²æ«æä½æªå¨å¶ä¸­æ¾å°TLDçå®æ´JARåè¡¨ã å¨æ«ææé´è·³è¿ä¸éè¦çJARå¯ä»¥ç¼©ç­å¯å¨æ¶é´åJSPç¼è¯æ¶é´ã
26-Feb-2021 16:58:30.595 信息 [localhost-startStop-1] org.apache.catalina.startup.HostConfig.deployDirectory Webåºç¨ç¨åºç®å½[E:\learn\tomcat\catalina-home\webapps\ROOT]çé¨ç½²å·²å¨[129]æ¯«ç§åå®æ
26-Feb-2021 16:58:30.597 信息 [main] org.apache.coyote.AbstractProtocol.start å¼å§åè®®å¤çå¥æ["http-nio-8080"]
26-Feb-2021 16:58:30.606 信息 [main] org.apache.catalina.startup.Catalina.start Server startup in 1511 ms
26-Feb-2021 16:58:35.220 信息 [Thread-4] org.apache.coyote.AbstractProtocol.pause æåProtocolHandler["http-nio-8080"]
26-Feb-2021 16:58:35.250 信息 [Thread-4] org.apache.catalina.core.StandardService.stopInternal æ­£å¨åæ­¢æå¡[Catalina]
26-Feb-2021 16:58:35.264 信息 [Thread-4] org.apache.coyote.AbstractProtocol.stop æ­£å¨åæ­¢ProtocolHandler ["http-nio-8080"]
26-Feb-2021 16:58:35.267 信息 [Thread-4] org.apache.coyote.AbstractProtocol.destroy æ­£å¨æ§æ¯åè®®å¤çå¨ ["http-nio-8080"]
26-Feb-2021 16:58:40.288 信息 [main] org.apache.catalina.startup.VersionLoggerListener.log Server.æå¡å¨çæ¬: Apache Tomcat/@VERSION@
26-Feb-2021 16:58:40.292 信息 [main] org.apache.catalina.startup.VersionLoggerListener.log æå¡å¨æå»º:        @VERSION_BUILT@
26-Feb-2021 16:58:40.292 信息 [main] org.apache.catalina.startup.VersionLoggerListener.log æå¡å¨çæ¬å·:      @VERSION_NUMBER@
26-Feb-2021 16:58:40.292 信息 [main] org.apache.catalina.startup.VersionLoggerListener.log æä½ç³»ç»åç§°:      Windows 7
26-Feb-2021 16:58:40.292 信息 [main] org.apache.catalina.startup.VersionLoggerListener.log OS.çæ¬:           6.1
26-Feb-2021 16:58:40.293 信息 [main] org.apache.catalina.startup.VersionLoggerListener.log æ¶æ:              amd64
26-Feb-2021 16:58:40.293 信息 [main] org.apache.catalina.startup.VersionLoggerListener.log Java ç¯å¢åé:     D:\Program Files\Java\jdk1.8.0_202\jre
26-Feb-2021 16:58:40.293 信息 [main] org.apache.catalina.startup.VersionLoggerListener.log Javaèææºçæ¬:    1.8.0_202-b08
26-Feb-2021 16:58:40.293 信息 [main] org.apache.catalina.startup.VersionLoggerListener.log JVM.ä¾åºå:        Oracle Corporation
26-Feb-2021 16:58:40.293 信息 [main] org.apache.catalina.startup.VersionLoggerListener.log CATALINA_BASE:     E:\learn\tomcat\catalina-home
26-Feb-2021 16:58:40.293 信息 [main] org.apache.catalina.startup.VersionLoggerListener.log CATALINA_HOME:     E:\learn\tomcat\catalina-home
26-Feb-2021 16:58:40.293 信息 [main] org.apache.catalina.startup.VersionLoggerListener.log å½ä»¤è¡åæ°ï¼       -agentlib:jdwp=transport=dt_socket,address=127.0.0.1:57774,suspend=y,server=n
26-Feb-2021 16:58:40.294 信息 [main] org.apache.catalina.startup.VersionLoggerListener.log å½ä»¤è¡åæ°ï¼       -Dcatalina.home=catalina-home
26-Feb-2021 16:58:40.294 信息 [main] org.apache.catalina.startup.VersionLoggerListener.log å½ä»¤è¡åæ°ï¼       -Dcatalina.base=catalina-home
26-Feb-2021 16:58:40.294 信息 [main] org.apache.catalina.startup.VersionLoggerListener.log å½ä»¤è¡åæ°ï¼       -Djava.endorsed.dirs=catalina-home/endorsed
26-Feb-2021 16:58:40.294 信息 [main] org.apache.catalina.startup.VersionLoggerListener.log å½ä»¤è¡åæ°ï¼       -Djava.io.tmpdir=catalina-home/temp
26-Feb-2021 16:58:40.294 信息 [main] org.apache.catalina.startup.VersionLoggerListener.log å½ä»¤è¡åæ°ï¼       -Djava.util.logging.manager=org.apache.juli.ClassLoaderLogManager
26-Feb-2021 16:58:40.294 信息 [main] org.apache.catalina.startup.VersionLoggerListener.log å½ä»¤è¡åæ°ï¼       -Djava.util.logging.config.file=catalina-home/conf/logging.properties
26-Feb-2021 16:58:40.294 信息 [main] org.apache.catalina.startup.VersionLoggerListener.log å½ä»¤è¡åæ°ï¼       -Dfile.encoding=UTF-8
26-Feb-2021 16:58:40.294 信息 [main] org.apache.catalina.startup.VersionLoggerListener.log å½ä»¤è¡åæ°ï¼       -javaagent:C:\Users\Administrator\.IntelliJIdea2019.1\system\captureAgent\debugger-agent.jar
26-Feb-2021 16:58:40.294 信息 [main] org.apache.catalina.core.AprLifecycleListener.lifecycleEvent å¨java.library.path:[D:\Program Files\Java\jdk1.8.0_202\bin;C:\Windows\Sun\Java\bin;C:\Windows\system32;C:\Windows;D:\Program Files\JetBrains\IntelliJ IDEA 2019.1.4\jre64\\bin;D:\Program Files\JetBrains\IntelliJ IDEA 2019.1.4\jre64\\bin\server;C:\Program Files (x86)\Common Files\Oracle\Java\javapath;C:\Windows\system32;C:\Windows;C:\Windows\System32\Wbem;C:\Windows\System32\WindowsPowerShell\v1.0\;d:\Program Files\Git\cmd;D:\Program Files\TortoiseSVN\bin;D:\Program Files\apache-maven-3.5.2\bin;D:\Program Files\TortoiseGit\bin;D:\Go\bin;D:\Program Files\gradle-4.10.2\bin;.]ä¸æ¾ä¸å°åºäºAPRçApache Tomcatæ¬æºåºï¼è¯¥åºåè®¸å¨çäº§ç¯å¢ä¸­è·å¾æä½³æ§è½
26-Feb-2021 16:58:40.426 信息 [main] org.apache.coyote.AbstractProtocol.init åå§ååè®®å¤çå¨ ["http-nio-8080"]
26-Feb-2021 16:58:40.555 信息 [main] org.apache.tomcat.util.net.NioSelectorPool.getSharedSelector Using a shared selector for servlet write/read
26-Feb-2021 16:58:40.571 信息 [main] org.apache.catalina.startup.Catalina.load Initialization processed in 758 ms
26-Feb-2021 16:58:40.604 信息 [main] org.apache.catalina.core.StandardService.startInternal æ­£å¨å¯å¨æå¡[Catalina]
26-Feb-2021 16:58:40.604 信息 [main] org.apache.catalina.core.StandardEngine.startInternal Starting Servlet Engine: Apache Tomcat/@VERSION@
26-Feb-2021 16:58:40.650 信息 [localhost-startStop-1] org.apache.catalina.startup.HostConfig.deployDirectory æweb åºç¨ç¨åºé¨ç½²å°ç®å½ [E:\learn\tomcat\catalina-home\webapps\docs]
26-Feb-2021 16:58:41.143 信息 [localhost-startStop-1] org.apache.jasper.servlet.TldScanner.scanJars è³å°æä¸ä¸ªJARè¢«æ«æç¨äºTLDä½å°æªåå«TLDã ä¸ºæ­¤è®°å½å¨å¯ç¨è°è¯æ¥å¿è®°å½ï¼ä»¥è·åå·²æ«æä½æªå¨å¶ä¸­æ¾å°TLDçå®æ´JARåè¡¨ã å¨æ«ææé´è·³è¿ä¸éè¦çJARå¯ä»¥ç¼©ç­å¯å¨æ¶é´åJSPç¼è¯æ¶é´ã
26-Feb-2021 16:58:41.168 信息 [localhost-startStop-1] org.apache.catalina.startup.HostConfig.deployDirectory Webåºç¨ç¨åºç®å½[E:\learn\tomcat\catalina-home\webapps\docs]çé¨ç½²å·²å¨[516]æ¯«ç§åå®æ
26-Feb-2021 16:58:41.168 信息 [localhost-startStop-1] org.apache.catalina.startup.HostConfig.deployDirectory æweb åºç¨ç¨åºé¨ç½²å°ç®å½ [E:\learn\tomcat\catalina-home\webapps\examples]
26-Feb-2021 16:58:41.389 信息 [localhost-startStop-1] org.apache.jasper.servlet.TldScanner.scanJars è³å°æä¸ä¸ªJARè¢«æ«æç¨äºTLDä½å°æªåå«TLDã ä¸ºæ­¤è®°å½å¨å¯ç¨è°è¯æ¥å¿è®°å½ï¼ä»¥è·åå·²æ«æä½æªå¨å¶ä¸­æ¾å°TLDçå®æ´JARåè¡¨ã å¨æ«ææé´è·³è¿ä¸éè¦çJARå¯ä»¥ç¼©ç­å¯å¨æ¶é´åJSPç¼è¯æ¶é´ã
26-Feb-2021 16:58:41.402 严重 [localhost-startStop-1] org.apache.catalina.core.StandardContext.startInternal ä¸ä¸ªæå¤ä¸ªlistenerså¯å¨å¤±è´¥ï¼æ´å¤è¯¦ç»ä¿¡æ¯æ¥çå¯¹åºçå®¹å¨æ¥å¿æä»¶
26-Feb-2021 16:58:41.403 严重 [localhost-startStop-1] org.apache.catalina.core.StandardContext.startInternal ç±äºä¹åçéè¯¯ï¼Context[/examples]å¯å¨å¤±è´¥
26-Feb-2021 16:58:41.410 信息 [localhost-startStop-1] org.apache.catalina.startup.HostConfig.deployDirectory Webåºç¨ç¨åºç®å½[E:\learn\tomcat\catalina-home\webapps\examples]çé¨ç½²å·²å¨[242]æ¯«ç§åå®æ
26-Feb-2021 16:58:41.410 信息 [localhost-startStop-1] org.apache.catalina.startup.HostConfig.deployDirectory æweb åºç¨ç¨åºé¨ç½²å°ç®å½ [E:\learn\tomcat\catalina-home\webapps\host-manager]
26-Feb-2021 16:58:41.510 信息 [localhost-startStop-1] org.apache.jasper.servlet.TldScanner.scanJars è³å°æä¸ä¸ªJARè¢«æ«æç¨äºTLDä½å°æªåå«TLDã ä¸ºæ­¤è®°å½å¨å¯ç¨è°è¯æ¥å¿è®°å½ï¼ä»¥è·åå·²æ«æä½æªå¨å¶ä¸­æ¾å°TLDçå®æ´JARåè¡¨ã å¨æ«ææé´è·³è¿ä¸éè¦çJARå¯ä»¥ç¼©ç­å¯å¨æ¶é´åJSPç¼è¯æ¶é´ã
26-Feb-2021 16:58:41.520 信息 [localhost-startStop-1] org.apache.catalina.startup.HostConfig.deployDirectory Webåºç¨ç¨åºç®å½[E:\learn\tomcat\catalina-home\webapps\host-manager]çé¨ç½²å·²å¨[110]æ¯«ç§åå®æ
26-Feb-2021 16:58:41.520 信息 [localhost-startStop-1] org.apache.catalina.startup.HostConfig.deployDirectory æweb åºç¨ç¨åºé¨ç½²å°ç®å½ [E:\learn\tomcat\catalina-home\webapps\manager]
26-Feb-2021 16:58:41.630 信息 [localhost-startStop-1] org.apache.jasper.servlet.TldScanner.scanJars è³å°æä¸ä¸ªJARè¢«æ«æç¨äºTLDä½å°æªåå«TLDã ä¸ºæ­¤è®°å½å¨å¯ç¨è°è¯æ¥å¿è®°å½ï¼ä»¥è·åå·²æ«æä½æªå¨å¶ä¸­æ¾å°TLDçå®æ´JARåè¡¨ã å¨æ«ææé´è·³è¿ä¸éè¦çJARå¯ä»¥ç¼©ç­å¯å¨æ¶é´åJSPç¼è¯æ¶é´ã
26-Feb-2021 16:58:41.633 信息 [localhost-startStop-1] org.apache.catalina.startup.HostConfig.deployDirectory Webåºç¨ç¨åºç®å½[E:\learn\tomcat\catalina-home\webapps\manager]çé¨ç½²å·²å¨[113]æ¯«ç§åå®æ
26-Feb-2021 16:58:41.633 信息 [localhost-startStop-1] org.apache.catalina.startup.HostConfig.deployDirectory æweb åºç¨ç¨åºé¨ç½²å°ç®å½ [E:\learn\tomcat\catalina-home\webapps\ROOT]
26-Feb-2021 16:58:41.751 信息 [localhost-startStop-1] org.apache.jasper.servlet.TldScanner.scanJars è³å°æä¸ä¸ªJARè¢«æ«æç¨äºTLDä½å°æªåå«TLDã ä¸ºæ­¤è®°å½å¨å¯ç¨è°è¯æ¥å¿è®°å½ï¼ä»¥è·åå·²æ«æä½æªå¨å¶ä¸­æ¾å°TLDçå®æ´JARåè¡¨ã å¨æ«ææé´è·³è¿ä¸éè¦çJARå¯ä»¥ç¼©ç­å¯å¨æ¶é´åJSPç¼è¯æ¶é´ã
26-Feb-2021 16:58:41.753 信息 [localhost-startStop-1] org.apache.catalina.startup.HostConfig.deployDirectory Webåºç¨ç¨åºç®å½[E:\learn\tomcat\catalina-home\webapps\ROOT]çé¨ç½²å·²å¨[120]æ¯«ç§åå®æ
26-Feb-2021 16:58:41.755 信息 [main] org.apache.coyote.AbstractProtocol.start å¼å§åè®®å¤çå¥æ["http-nio-8080"]
26-Feb-2021 16:58:41.763 信息 [main] org.apache.catalina.startup.Catalina.start Server startup in 1192 ms
26-Feb-2021 17:09:02.413 信息 [Thread-4] org.apache.coyote.AbstractProtocol.pause æåProtocolHandler["http-nio-8080"]
26-Feb-2021 17:09:02.440 信息 [Thread-4] org.apache.catalina.core.StandardService.stopInternal æ­£å¨åæ­¢æå¡[Catalina]
26-Feb-2021 17:09:02.449 信息 [Thread-4] org.apache.coyote.AbstractProtocol.stop æ­£å¨åæ­¢ProtocolHandler ["http-nio-8080"]
26-Feb-2021 17:09:02.455 信息 [Thread-4] org.apache.coyote.AbstractProtocol.destroy æ­£å¨æ§æ¯åè®®å¤çå¨ ["http-nio-8080"]
26-Feb-2021 17:09:16.192 信息 [main] org.apache.catalina.startup.VersionLoggerListener.log Server.æå¡å¨çæ¬: Apache Tomcat/@VERSION@
26-Feb-2021 17:09:16.197 信息 [main] org.apache.catalina.startup.VersionLoggerListener.log æå¡å¨æå»º:        @VERSION_BUILT@
26-Feb-2021 17:09:16.197 信息 [main] org.apache.catalina.startup.VersionLoggerListener.log æå¡å¨çæ¬å·:      @VERSION_NUMBER@
26-Feb-2021 17:09:16.197 信息 [main] org.apache.catalina.startup.VersionLoggerListener.log æä½ç³»ç»åç§°:      Windows 7
26-Feb-2021 17:09:16.197 信息 [main] org.apache.catalina.startup.VersionLoggerListener.log OS.çæ¬:           6.1
26-Feb-2021 17:09:16.197 信息 [main] org.apache.catalina.startup.VersionLoggerListener.log æ¶æ:              amd64
26-Feb-2021 17:09:16.197 信息 [main] org.apache.catalina.startup.VersionLoggerListener.log Java ç¯å¢åé:     D:\Program Files\Java\jdk1.8.0_202\jre
26-Feb-2021 17:09:16.198 信息 [main] org.apache.catalina.startup.VersionLoggerListener.log Javaèææºçæ¬:    1.8.0_202-b08
26-Feb-2021 17:09:16.198 信息 [main] org.apache.catalina.startup.VersionLoggerListener.log JVM.ä¾åºå:        Oracle Corporation
26-Feb-2021 17:09:16.198 信息 [main] org.apache.catalina.startup.VersionLoggerListener.log CATALINA_BASE:     E:\learn\tomcat\catalina-home
26-Feb-2021 17:09:16.198 信息 [main] org.apache.catalina.startup.VersionLoggerListener.log CATALINA_HOME:     E:\learn\tomcat\catalina-home
26-Feb-2021 17:09:16.198 信息 [main] org.apache.catalina.startup.VersionLoggerListener.log å½ä»¤è¡åæ°ï¼       -agentlib:jdwp=transport=dt_socket,address=127.0.0.1:60278,suspend=y,server=n
26-Feb-2021 17:09:16.198 信息 [main] org.apache.catalina.startup.VersionLoggerListener.log å½ä»¤è¡åæ°ï¼       -Dcatalina.home=catalina-home
26-Feb-2021 17:09:16.198 信息 [main] org.apache.catalina.startup.VersionLoggerListener.log å½ä»¤è¡åæ°ï¼       -Dcatalina.base=catalina-home
26-Feb-2021 17:09:16.198 信息 [main] org.apache.catalina.startup.VersionLoggerListener.log å½ä»¤è¡åæ°ï¼       -Djava.endorsed.dirs=catalina-home/endorsed
26-Feb-2021 17:09:16.198 信息 [main] org.apache.catalina.startup.VersionLoggerListener.log å½ä»¤è¡åæ°ï¼       -Djava.io.tmpdir=catalina-home/temp
26-Feb-2021 17:09:16.198 信息 [main] org.apache.catalina.startup.VersionLoggerListener.log å½ä»¤è¡åæ°ï¼       -Djava.util.logging.manager=org.apache.juli.ClassLoaderLogManager
26-Feb-2021 17:09:16.198 信息 [main] org.apache.catalina.startup.VersionLoggerListener.log å½ä»¤è¡åæ°ï¼       -Djava.util.logging.config.file=catalina-home/conf/logging.properties
26-Feb-2021 17:09:16.198 信息 [main] org.apache.catalina.startup.VersionLoggerListener.log å½ä»¤è¡åæ°ï¼       -Dfile.encoding=UTF-8
26-Feb-2021 17:09:16.198 信息 [main] org.apache.catalina.startup.VersionLoggerListener.log å½ä»¤è¡åæ°ï¼       -javaagent:C:\Users\Administrator\.IntelliJIdea2019.1\system\captureAgent\debugger-agent.jar
26-Feb-2021 17:09:16.199 信息 [main] org.apache.catalina.core.AprLifecycleListener.lifecycleEvent å¨java.library.path:[D:\Program Files\Java\jdk1.8.0_202\bin;C:\Windows\Sun\Java\bin;C:\Windows\system32;C:\Windows;D:\Program Files\JetBrains\IntelliJ IDEA 2019.1.4\jre64\\bin;D:\Program Files\JetBrains\IntelliJ IDEA 2019.1.4\jre64\\bin\server;C:\Program Files (x86)\Common Files\Oracle\Java\javapath;C:\Windows\system32;C:\Windows;C:\Windows\System32\Wbem;C:\Windows\System32\WindowsPowerShell\v1.0\;d:\Program Files\Git\cmd;D:\Program Files\TortoiseSVN\bin;D:\Program Files\apache-maven-3.5.2\bin;D:\Program Files\TortoiseGit\bin;D:\Go\bin;D:\Program Files\gradle-4.10.2\bin;.]ä¸æ¾ä¸å°åºäºAPRçApache Tomcatæ¬æºåºï¼è¯¥åºåè®¸å¨çäº§ç¯å¢ä¸­è·å¾æä½³æ§è½
26-Feb-2021 17:09:16.316 信息 [main] org.apache.coyote.AbstractProtocol.init åå§ååè®®å¤çå¨ ["http-nio-8080"]
26-Feb-2021 17:09:16.425 信息 [main] org.apache.tomcat.util.net.NioSelectorPool.getSharedSelector Using a shared selector for servlet write/read
26-Feb-2021 17:09:16.439 信息 [main] org.apache.catalina.startup.Catalina.load Initialization processed in 7052 ms
26-Feb-2021 17:09:16.469 信息 [main] org.apache.catalina.core.StandardService.startInternal æ­£å¨å¯å¨æå¡[Catalina]
26-Feb-2021 17:09:16.470 信息 [main] org.apache.catalina.core.StandardEngine.startInternal Starting Servlet Engine: Apache Tomcat/@VERSION@
26-Feb-2021 17:09:16.505 信息 [localhost-startStop-1] org.apache.catalina.startup.HostConfig.deployDirectory æweb åºç¨ç¨åºé¨ç½²å°ç®å½ [E:\learn\tomcat\catalina-home\webapps\docs]
26-Feb-2021 17:09:16.822 信息 [localhost-startStop-1] org.apache.jasper.servlet.TldScanner.scanJars è³å°æä¸ä¸ªJARè¢«æ«æç¨äºTLDä½å°æªåå«TLDã ä¸ºæ­¤è®°å½å¨å¯ç¨è°è¯æ¥å¿è®°å½ï¼ä»¥è·åå·²æ«æä½æªå¨å¶ä¸­æ¾å°TLDçå®æ´JARåè¡¨ã å¨æ«ææé´è·³è¿ä¸éè¦çJARå¯ä»¥ç¼©ç­å¯å¨æ¶é´åJSPç¼è¯æ¶é´ã
26-Feb-2021 17:09:16.844 信息 [localhost-startStop-1] org.apache.catalina.startup.HostConfig.deployDirectory Webåºç¨ç¨åºç®å½[E:\learn\tomcat\catalina-home\webapps\docs]çé¨ç½²å·²å¨[337]æ¯«ç§åå®æ
26-Feb-2021 17:09:16.844 信息 [localhost-startStop-1] org.apache.catalina.startup.HostConfig.deployDirectory æweb åºç¨ç¨åºé¨ç½²å°ç®å½ [E:\learn\tomcat\catalina-home\webapps\examples]
26-Feb-2021 17:09:17.029 信息 [localhost-startStop-1] org.apache.jasper.servlet.TldScanner.scanJars è³å°æä¸ä¸ªJARè¢«æ«æç¨äºTLDä½å°æªåå«TLDã ä¸ºæ­¤è®°å½å¨å¯ç¨è°è¯æ¥å¿è®°å½ï¼ä»¥è·åå·²æ«æä½æªå¨å¶ä¸­æ¾å°TLDçå®æ´JARåè¡¨ã å¨æ«ææé´è·³è¿ä¸éè¦çJARå¯ä»¥ç¼©ç­å¯å¨æ¶é´åJSPç¼è¯æ¶é´ã
26-Feb-2021 17:09:17.043 严重 [localhost-startStop-1] org.apache.catalina.core.StandardContext.startInternal ä¸ä¸ªæå¤ä¸ªlistenerså¯å¨å¤±è´¥ï¼æ´å¤è¯¦ç»ä¿¡æ¯æ¥çå¯¹åºçå®¹å¨æ¥å¿æä»¶
26-Feb-2021 17:09:17.044 严重 [localhost-startStop-1] org.apache.catalina.core.StandardContext.startInternal ç±äºä¹åçéè¯¯ï¼Context[/examples]å¯å¨å¤±è´¥
26-Feb-2021 17:09:17.052 信息 [localhost-startStop-1] org.apache.catalina.startup.HostConfig.deployDirectory Webåºç¨ç¨åºç®å½[E:\learn\tomcat\catalina-home\webapps\examples]çé¨ç½²å·²å¨[208]æ¯«ç§åå®æ
26-Feb-2021 17:09:17.052 信息 [localhost-startStop-1] org.apache.catalina.startup.HostConfig.deployDirectory æweb åºç¨ç¨åºé¨ç½²å°ç®å½ [E:\learn\tomcat\catalina-home\webapps\host-manager]
26-Feb-2021 17:09:17.135 信息 [localhost-startStop-1] org.apache.jasper.servlet.TldScanner.scanJars è³å°æä¸ä¸ªJARè¢«æ«æç¨äºTLDä½å°æªåå«TLDã ä¸ºæ­¤è®°å½å¨å¯ç¨è°è¯æ¥å¿è®°å½ï¼ä»¥è·åå·²æ«æä½æªå¨å¶ä¸­æ¾å°TLDçå®æ´JARåè¡¨ã å¨æ«ææé´è·³è¿ä¸éè¦çJARå¯ä»¥ç¼©ç­å¯å¨æ¶é´åJSPç¼è¯æ¶é´ã
26-Feb-2021 17:09:17.149 信息 [localhost-startStop-1] org.apache.catalina.startup.HostConfig.deployDirectory Webåºç¨ç¨åºç®å½[E:\learn\tomcat\catalina-home\webapps\host-manager]çé¨ç½²å·²å¨[97]æ¯«ç§åå®æ
26-Feb-2021 17:09:17.150 信息 [localhost-startStop-1] org.apache.catalina.startup.HostConfig.deployDirectory æweb åºç¨ç¨åºé¨ç½²å°ç®å½ [E:\learn\tomcat\catalina-home\webapps\manager]
26-Feb-2021 17:09:17.309 信息 [localhost-startStop-1] org.apache.jasper.servlet.TldScanner.scanJars è³å°æä¸ä¸ªJARè¢«æ«æç¨äºTLDä½å°æªåå«TLDã ä¸ºæ­¤è®°å½å¨å¯ç¨è°è¯æ¥å¿è®°å½ï¼ä»¥è·åå·²æ«æä½æªå¨å¶ä¸­æ¾å°TLDçå®æ´JARåè¡¨ã å¨æ«ææé´è·³è¿ä¸éè¦çJARå¯ä»¥ç¼©ç­å¯å¨æ¶é´åJSPç¼è¯æ¶é´ã
26-Feb-2021 17:09:17.311 信息 [localhost-startStop-1] org.apache.catalina.startup.HostConfig.deployDirectory Webåºç¨ç¨åºç®å½[E:\learn\tomcat\catalina-home\webapps\manager]çé¨ç½²å·²å¨[161]æ¯«ç§åå®æ
26-Feb-2021 17:09:17.311 信息 [localhost-startStop-1] org.apache.catalina.startup.HostConfig.deployDirectory æweb åºç¨ç¨åºé¨ç½²å°ç®å½ [E:\learn\tomcat\catalina-home\webapps\ROOT]
26-Feb-2021 17:09:17.411 信息 [localhost-startStop-1] org.apache.jasper.servlet.TldScanner.scanJars è³å°æä¸ä¸ªJARè¢«æ«æç¨äºTLDä½å°æªåå«TLDã ä¸ºæ­¤è®°å½å¨å¯ç¨è°è¯æ¥å¿è®°å½ï¼ä»¥è·åå·²æ«æä½æªå¨å¶ä¸­æ¾å°TLDçå®æ´JARåè¡¨ã å¨æ«ææé´è·³è¿ä¸éè¦çJARå¯ä»¥ç¼©ç­å¯å¨æ¶é´åJSPç¼è¯æ¶é´ã
26-Feb-2021 17:09:17.412 信息 [localhost-startStop-1] org.apache.catalina.startup.HostConfig.deployDirectory Webåºç¨ç¨åºç®å½[E:\learn\tomcat\catalina-home\webapps\ROOT]çé¨ç½²å·²å¨[101]æ¯«ç§åå®æ
26-Feb-2021 17:09:17.416 信息 [main] org.apache.coyote.AbstractProtocol.start å¼å§åè®®å¤çå¥æ["http-nio-8080"]
26-Feb-2021 17:09:17.424 信息 [main] org.apache.catalina.startup.Catalina.start Server startup in 984 ms
26-Feb-2021 17:22:52.623 信息 [Thread-4] org.apache.coyote.AbstractProtocol.pause æåProtocolHandler["http-nio-8080"]
26-Feb-2021 17:22:52.651 信息 [Thread-4] org.apache.catalina.core.StandardService.stopInternal æ­£å¨åæ­¢æå¡[Catalina]
26-Feb-2021 17:22:52.674 信息 [Thread-4] org.apache.coyote.AbstractProtocol.stop æ­£å¨åæ­¢ProtocolHandler ["http-nio-8080"]
26-Feb-2021 17:22:52.677 信息 [Thread-4] org.apache.coyote.AbstractProtocol.destroy æ­£å¨æ§æ¯åè®®å¤çå¨ ["http-nio-8080"]
26-Feb-2021 17:23:28.116 信息 [main] org.apache.catalina.startup.VersionLoggerListener.log Server.æå¡å¨çæ¬: Apache Tomcat/@VERSION@
26-Feb-2021 17:23:28.119 信息 [main] org.apache.catalina.startup.VersionLoggerListener.log æå¡å¨æå»º:        @VERSION_BUILT@
26-Feb-2021 17:23:28.119 信息 [main] org.apache.catalina.startup.VersionLoggerListener.log æå¡å¨çæ¬å·:      @VERSION_NUMBER@
26-Feb-2021 17:23:28.119 信息 [main] org.apache.catalina.startup.VersionLoggerListener.log æä½ç³»ç»åç§°:      Windows 7
26-Feb-2021 17:23:28.120 信息 [main] org.apache.catalina.startup.VersionLoggerListener.log OS.çæ¬:           6.1
26-Feb-2021 17:23:28.120 信息 [main] org.apache.catalina.startup.VersionLoggerListener.log æ¶æ:              amd64
26-Feb-2021 17:23:28.120 信息 [main] org.apache.catalina.startup.VersionLoggerListener.log Java ç¯å¢åé:     D:\Program Files\Java\jdk1.8.0_202\jre
26-Feb-2021 17:23:28.120 信息 [main] org.apache.catalina.startup.VersionLoggerListener.log Javaèææºçæ¬:    1.8.0_202-b08
26-Feb-2021 17:23:28.120 信息 [main] org.apache.catalina.startup.VersionLoggerListener.log JVM.ä¾åºå:        Oracle Corporation
26-Feb-2021 17:23:28.120 信息 [main] org.apache.catalina.startup.VersionLoggerListener.log CATALINA_BASE:     E:\learn\tomcat\catalina-home
26-Feb-2021 17:23:28.120 信息 [main] org.apache.catalina.startup.VersionLoggerListener.log CATALINA_HOME:     E:\learn\tomcat\catalina-home
26-Feb-2021 17:23:28.120 信息 [main] org.apache.catalina.startup.VersionLoggerListener.log å½ä»¤è¡åæ°ï¼       -agentlib:jdwp=transport=dt_socket,address=127.0.0.1:63681,suspend=y,server=n
26-Feb-2021 17:23:28.121 信息 [main] org.apache.catalina.startup.VersionLoggerListener.log å½ä»¤è¡åæ°ï¼       -Dcatalina.home=catalina-home
26-Feb-2021 17:23:28.121 信息 [main] org.apache.catalina.startup.VersionLoggerListener.log å½ä»¤è¡åæ°ï¼       -Dcatalina.base=catalina-home
26-Feb-2021 17:23:28.121 信息 [main] org.apache.catalina.startup.VersionLoggerListener.log å½ä»¤è¡åæ°ï¼       -Djava.endorsed.dirs=catalina-home/endorsed
26-Feb-2021 17:23:28.121 信息 [main] org.apache.catalina.startup.VersionLoggerListener.log å½ä»¤è¡åæ°ï¼       -Djava.io.tmpdir=catalina-home/temp
26-Feb-2021 17:23:28.121 信息 [main] org.apache.catalina.startup.VersionLoggerListener.log å½ä»¤è¡åæ°ï¼       -Djava.util.logging.manager=org.apache.juli.ClassLoaderLogManager
26-Feb-2021 17:23:28.121 信息 [main] org.apache.catalina.startup.VersionLoggerListener.log å½ä»¤è¡åæ°ï¼       -Djava.util.logging.config.file=catalina-home/conf/logging.properties
26-Feb-2021 17:23:28.121 信息 [main] org.apache.catalina.startup.VersionLoggerListener.log å½ä»¤è¡åæ°ï¼       -Dfile.encoding=UTF-8
26-Feb-2021 17:23:28.121 信息 [main] org.apache.catalina.startup.VersionLoggerListener.log å½ä»¤è¡åæ°ï¼       -javaagent:C:\Users\Administrator\.IntelliJIdea2019.1\system\captureAgent\debugger-agent.jar
26-Feb-2021 17:23:28.121 信息 [main] org.apache.catalina.core.AprLifecycleListener.lifecycleEvent å¨java.library.path:[D:\Program Files\Java\jdk1.8.0_202\bin;C:\Windows\Sun\Java\bin;C:\Windows\system32;C:\Windows;D:\Program Files\JetBrains\IntelliJ IDEA 2019.1.4\jre64\\bin;D:\Program Files\JetBrains\IntelliJ IDEA 2019.1.4\jre64\\bin\server;C:\Program Files (x86)\Common Files\Oracle\Java\javapath;C:\Windows\system32;C:\Windows;C:\Windows\System32\Wbem;C:\Windows\System32\WindowsPowerShell\v1.0\;d:\Program Files\Git\cmd;D:\Program Files\TortoiseSVN\bin;D:\Program Files\apache-maven-3.5.2\bin;D:\Program Files\TortoiseGit\bin;D:\Go\bin;D:\Program Files\gradle-4.10.2\bin;.]ä¸æ¾ä¸å°åºäºAPRçApache Tomcatæ¬æºåºï¼è¯¥åºåè®¸å¨çäº§ç¯å¢ä¸­è·å¾æä½³æ§è½
26-Feb-2021 17:23:28.241 信息 [main] org.apache.coyote.AbstractProtocol.init åå§ååè®®å¤çå¨ ["http-nio-8080"]
26-Feb-2021 17:23:28.345 信息 [main] org.apache.tomcat.util.net.NioSelectorPool.getSharedSelector Using a shared selector for servlet write/read
26-Feb-2021 17:23:28.359 信息 [main] org.apache.catalina.startup.Catalina.load Initialization processed in 26007 ms
26-Feb-2021 17:23:28.391 信息 [main] org.apache.catalina.core.StandardService.startInternal æ­£å¨å¯å¨æå¡[Catalina]
26-Feb-2021 17:23:28.391 信息 [main] org.apache.catalina.core.StandardEngine.startInternal Starting Servlet Engine: Apache Tomcat/@VERSION@
26-Feb-2021 17:23:28.424 信息 [localhost-startStop-1] org.apache.catalina.startup.HostConfig.deployDirectory æweb åºç¨ç¨åºé¨ç½²å°ç®å½ [E:\learn\tomcat\catalina-home\webapps\docs]
26-Feb-2021 17:23:28.744 信息 [localhost-startStop-1] org.apache.jasper.servlet.TldScanner.scanJars è³å°æä¸ä¸ªJARè¢«æ«æç¨äºTLDä½å°æªåå«TLDã ä¸ºæ­¤è®°å½å¨å¯ç¨è°è¯æ¥å¿è®°å½ï¼ä»¥è·åå·²æ«æä½æªå¨å¶ä¸­æ¾å°TLDçå®æ´JARåè¡¨ã å¨æ«ææé´è·³è¿ä¸éè¦çJARå¯ä»¥ç¼©ç­å¯å¨æ¶é´åJSPç¼è¯æ¶é´ã
26-Feb-2021 17:23:28.765 信息 [localhost-startStop-1] org.apache.catalina.startup.HostConfig.deployDirectory Webåºç¨ç¨åºç®å½[E:\learn\tomcat\catalina-home\webapps\docs]çé¨ç½²å·²å¨[338]æ¯«ç§åå®æ
26-Feb-2021 17:23:28.765 信息 [localhost-startStop-1] org.apache.catalina.startup.HostConfig.deployDirectory æweb åºç¨ç¨åºé¨ç½²å°ç®å½ [E:\learn\tomcat\catalina-home\webapps\examples]
26-Feb-2021 17:23:28.962 信息 [localhost-startStop-1] org.apache.jasper.servlet.TldScanner.scanJars è³å°æä¸ä¸ªJARè¢«æ«æç¨äºTLDä½å°æªåå«TLDã ä¸ºæ­¤è®°å½å¨å¯ç¨è°è¯æ¥å¿è®°å½ï¼ä»¥è·åå·²æ«æä½æªå¨å¶ä¸­æ¾å°TLDçå®æ´JARåè¡¨ã å¨æ«ææé´è·³è¿ä¸éè¦çJARå¯ä»¥ç¼©ç­å¯å¨æ¶é´åJSPç¼è¯æ¶é´ã
26-Feb-2021 17:23:28.974 严重 [localhost-startStop-1] org.apache.catalina.core.StandardContext.startInternal ä¸ä¸ªæå¤ä¸ªlistenerså¯å¨å¤±è´¥ï¼æ´å¤è¯¦ç»ä¿¡æ¯æ¥çå¯¹åºçå®¹å¨æ¥å¿æä»¶
26-Feb-2021 17:23:28.974 严重 [localhost-startStop-1] org.apache.catalina.core.StandardContext.startInternal ç±äºä¹åçéè¯¯ï¼Context[/examples]å¯å¨å¤±è´¥
26-Feb-2021 17:23:28.982 信息 [localhost-startStop-1] org.apache.catalina.startup.HostConfig.deployDirectory Webåºç¨ç¨åºç®å½[E:\learn\tomcat\catalina-home\webapps\examples]çé¨ç½²å·²å¨[217]æ¯«ç§åå®æ
26-Feb-2021 17:23:28.982 信息 [localhost-startStop-1] org.apache.catalina.startup.HostConfig.deployDirectory æweb åºç¨ç¨åºé¨ç½²å°ç®å½ [E:\learn\tomcat\catalina-home\webapps\host-manager]
26-Feb-2021 17:23:29.071 信息 [localhost-startStop-1] org.apache.jasper.servlet.TldScanner.scanJars è³å°æä¸ä¸ªJARè¢«æ«æç¨äºTLDä½å°æªåå«TLDã ä¸ºæ­¤è®°å½å¨å¯ç¨è°è¯æ¥å¿è®°å½ï¼ä»¥è·åå·²æ«æä½æªå¨å¶ä¸­æ¾å°TLDçå®æ´JARåè¡¨ã å¨æ«ææé´è·³è¿ä¸éè¦çJARå¯ä»¥ç¼©ç­å¯å¨æ¶é´åJSPç¼è¯æ¶é´ã
26-Feb-2021 17:23:29.079 信息 [localhost-startStop-1] org.apache.catalina.startup.HostConfig.deployDirectory Webåºç¨ç¨åºç®å½[E:\learn\tomcat\catalina-home\webapps\host-manager]çé¨ç½²å·²å¨[97]æ¯«ç§åå®æ
26-Feb-2021 17:23:29.080 信息 [localhost-startStop-1] org.apache.catalina.startup.HostConfig.deployDirectory æweb åºç¨ç¨åºé¨ç½²å°ç®å½ [E:\learn\tomcat\catalina-home\webapps\manager]
26-Feb-2021 17:23:29.197 信息 [localhost-startStop-1] org.apache.jasper.servlet.TldScanner.scanJars è³å°æä¸ä¸ªJARè¢«æ«æç¨äºTLDä½å°æªåå«TLDã ä¸ºæ­¤è®°å½å¨å¯ç¨è°è¯æ¥å¿è®°å½ï¼ä»¥è·åå·²æ«æä½æªå¨å¶ä¸­æ¾å°TLDçå®æ´JARåè¡¨ã å¨æ«ææé´è·³è¿ä¸éè¦çJARå¯ä»¥ç¼©ç­å¯å¨æ¶é´åJSPç¼è¯æ¶é´ã
26-Feb-2021 17:23:29.199 信息 [localhost-startStop-1] org.apache.catalina.startup.HostConfig.deployDirectory Webåºç¨ç¨åºç®å½[E:\learn\tomcat\catalina-home\webapps\manager]çé¨ç½²å·²å¨[119]æ¯«ç§åå®æ
26-Feb-2021 17:23:29.199 信息 [localhost-startStop-1] org.apache.catalina.startup.HostConfig.deployDirectory æweb åºç¨ç¨åºé¨ç½²å°ç®å½ [E:\learn\tomcat\catalina-home\webapps\ROOT]
26-Feb-2021 17:23:29.296 信息 [localhost-startStop-1] org.apache.jasper.servlet.TldScanner.scanJars è³å°æä¸ä¸ªJARè¢«æ«æç¨äºTLDä½å°æªåå«TLDã ä¸ºæ­¤è®°å½å¨å¯ç¨è°è¯æ¥å¿è®°å½ï¼ä»¥è·åå·²æ«æä½æªå¨å¶ä¸­æ¾å°TLDçå®æ´JARåè¡¨ã å¨æ«ææé´è·³è¿ä¸éè¦çJARå¯ä»¥ç¼©ç­å¯å¨æ¶é´åJSPç¼è¯æ¶é´ã
26-Feb-2021 17:23:29.297 信息 [localhost-startStop-1] org.apache.catalina.startup.HostConfig.deployDirectory Webåºç¨ç¨åºç®å½[E:\learn\tomcat\catalina-home\webapps\ROOT]çé¨ç½²å·²å¨[98]æ¯«ç§åå®æ
26-Feb-2021 17:23:29.301 信息 [main] org.apache.coyote.AbstractProtocol.start å¼å§åè®®å¤çå¥æ["http-nio-8080"]
26-Feb-2021 17:23:29.317 信息 [main] org.apache.catalina.startup.Catalina.start Server startup in 957 ms
26-Feb-2021 17:40:44.044 信息 [Thread-4] org.apache.coyote.AbstractProtocol.pause æåProtocolHandler["http-nio-8080"]
26-Feb-2021 17:40:44.072 信息 [Thread-4] org.apache.catalina.core.StandardService.stopInternal æ­£å¨åæ­¢æå¡[Catalina]
26-Feb-2021 17:40:44.098 信息 [Thread-4] org.apache.coyote.AbstractProtocol.stop æ­£å¨åæ­¢ProtocolHandler ["http-nio-8080"]
26-Feb-2021 17:40:44.100 信息 [Thread-4] org.apache.coyote.AbstractProtocol.destroy æ­£å¨æ§æ¯åè®®å¤çå¨ ["http-nio-8080"]
