09-Mar-2021 09:13:49.225 严重 [localhost-startStop-1] org.apache.catalina.core.StandardContext.listenerStart éç½®åºç¨ç¨åºçå¬å¨[listeners.ContextListener]éè¯¯
	java.lang.ClassNotFoundException: listeners.ContextListener
		at org.apache.catalina.loader.WebappClassLoaderBase.loadClass(WebappClassLoaderBase.java:1372)
		at org.apache.catalina.loader.WebappClassLoaderBase.loadClass(WebappClassLoaderBase.java:1195)
		at org.apache.catalina.core.DefaultInstanceManager.loadClass(DefaultInstanceManager.java:545)
		at org.apache.catalina.core.DefaultInstanceManager.loadClassMaybePrivileged(DefaultInstanceManager.java:526)
		at org.apache.catalina.core.DefaultInstanceManager.newInstance(DefaultInstanceManager.java:150)
		at org.apache.catalina.core.StandardContext.listenerStart(StandardContext.java:4650)
		at org.apache.catalina.core.StandardContext.startInternal(StandardContext.java:5190)
		at org.apache.catalina.util.LifecycleBase.start(LifecycleBase.java:196)
		at org.apache.catalina.core.ContainerBase.addChildInternal(ContainerBase.java:687)
		at org.apache.catalina.core.ContainerBase.addChild(ContainerBase.java:656)
		at org.apache.catalina.core.StandardHost.addChild(StandardHost.java:710)
		at org.apache.catalina.startup.HostConfig.deployDirectory(HostConfig.java:1120)
		at org.apache.catalina.startup.HostConfig$DeployDirectory.run(HostConfig.java:1873)
		at java.util.concurrent.Executors$RunnableAdapter.call(Executors.java:511)
		at java.util.concurrent.FutureTask.run$$$capture(FutureTask.java:266)
		at java.util.concurrent.FutureTask.run(FutureTask.java)
		at java.util.concurrent.ThreadPoolExecutor.runWorker(ThreadPoolExecutor.java:1149)
		at java.util.concurrent.ThreadPoolExecutor$Worker.run(ThreadPoolExecutor.java:624)
		at java.lang.Thread.run(Thread.java:748)
09-Mar-2021 09:13:49.227 严重 [localhost-startStop-1] org.apache.catalina.core.StandardContext.listenerStart éç½®åºç¨ç¨åºçå¬å¨[listeners.SessionListener]éè¯¯
	java.lang.ClassNotFoundException: listeners.SessionListener
		at org.apache.catalina.loader.WebappClassLoaderBase.loadClass(WebappClassLoaderBase.java:1372)
		at org.apache.catalina.loader.WebappClassLoaderBase.loadClass(WebappClassLoaderBase.java:1195)
		at org.apache.catalina.core.DefaultInstanceManager.loadClass(DefaultInstanceManager.java:545)
		at org.apache.catalina.core.DefaultInstanceManager.loadClassMaybePrivileged(DefaultInstanceManager.java:526)
		at org.apache.catalina.core.DefaultInstanceManager.newInstance(DefaultInstanceManager.java:150)
		at org.apache.catalina.core.StandardContext.listenerStart(StandardContext.java:4650)
		at org.apache.catalina.core.StandardContext.startInternal(StandardContext.java:5190)
		at org.apache.catalina.util.LifecycleBase.start(LifecycleBase.java:196)
		at org.apache.catalina.core.ContainerBase.addChildInternal(ContainerBase.java:687)
		at org.apache.catalina.core.ContainerBase.addChild(ContainerBase.java:656)
		at org.apache.catalina.core.StandardHost.addChild(StandardHost.java:710)
		at org.apache.catalina.startup.HostConfig.deployDirectory(HostConfig.java:1120)
		at org.apache.catalina.startup.HostConfig$DeployDirectory.run(HostConfig.java:1873)
		at java.util.concurrent.Executors$RunnableAdapter.call(Executors.java:511)
		at java.util.concurrent.FutureTask.run$$$capture(FutureTask.java:266)
		at java.util.concurrent.FutureTask.run(FutureTask.java)
		at java.util.concurrent.ThreadPoolExecutor.runWorker(ThreadPoolExecutor.java:1149)
		at java.util.concurrent.ThreadPoolExecutor$Worker.run(ThreadPoolExecutor.java:624)
		at java.lang.Thread.run(Thread.java:748)
09-Mar-2021 09:13:49.227 严重 [localhost-startStop-1] org.apache.catalina.core.StandardContext.listenerStart éç½®åºç¨ç¨åºçå¬å¨[async.AsyncStockContextListener]éè¯¯
	java.lang.ClassNotFoundException: async.AsyncStockContextListener
		at org.apache.catalina.loader.WebappClassLoaderBase.loadClass(WebappClassLoaderBase.java:1372)
		at org.apache.catalina.loader.WebappClassLoaderBase.loadClass(WebappClassLoaderBase.java:1195)
		at org.apache.catalina.core.DefaultInstanceManager.loadClass(DefaultInstanceManager.java:545)
		at org.apache.catalina.core.DefaultInstanceManager.loadClassMaybePrivileged(DefaultInstanceManager.java:526)
		at org.apache.catalina.core.DefaultInstanceManager.newInstance(DefaultInstanceManager.java:150)
		at org.apache.catalina.core.StandardContext.listenerStart(StandardContext.java:4650)
		at org.apache.catalina.core.StandardContext.startInternal(StandardContext.java:5190)
		at org.apache.catalina.util.LifecycleBase.start(LifecycleBase.java:196)
		at org.apache.catalina.core.ContainerBase.addChildInternal(ContainerBase.java:687)
		at org.apache.catalina.core.ContainerBase.addChild(ContainerBase.java:656)
		at org.apache.catalina.core.StandardHost.addChild(StandardHost.java:710)
		at org.apache.catalina.startup.HostConfig.deployDirectory(HostConfig.java:1120)
		at org.apache.catalina.startup.HostConfig$DeployDirectory.run(HostConfig.java:1873)
		at java.util.concurrent.Executors$RunnableAdapter.call(Executors.java:511)
		at java.util.concurrent.FutureTask.run$$$capture(FutureTask.java:266)
		at java.util.concurrent.FutureTask.run(FutureTask.java)
		at java.util.concurrent.ThreadPoolExecutor.runWorker(ThreadPoolExecutor.java:1149)
		at java.util.concurrent.ThreadPoolExecutor$Worker.run(ThreadPoolExecutor.java:624)
		at java.lang.Thread.run(Thread.java:748)
09-Mar-2021 09:13:49.228 严重 [localhost-startStop-1] org.apache.catalina.core.StandardContext.listenerStart éç½®åºç¨ç¨åºçå¬å¨[websocket.drawboard.DrawboardContextListener]éè¯¯
	java.lang.ClassNotFoundException: websocket.drawboard.DrawboardContextListener
		at org.apache.catalina.loader.WebappClassLoaderBase.loadClass(WebappClassLoaderBase.java:1372)
		at org.apache.catalina.loader.WebappClassLoaderBase.loadClass(WebappClassLoaderBase.java:1195)
		at org.apache.catalina.core.DefaultInstanceManager.loadClass(DefaultInstanceManager.java:545)
		at org.apache.catalina.core.DefaultInstanceManager.loadClassMaybePrivileged(DefaultInstanceManager.java:526)
		at org.apache.catalina.core.DefaultInstanceManager.newInstance(DefaultInstanceManager.java:150)
		at org.apache.catalina.core.StandardContext.listenerStart(StandardContext.java:4650)
		at org.apache.catalina.core.StandardContext.startInternal(StandardContext.java:5190)
		at org.apache.catalina.util.LifecycleBase.start(LifecycleBase.java:196)
		at org.apache.catalina.core.ContainerBase.addChildInternal(ContainerBase.java:687)
		at org.apache.catalina.core.ContainerBase.addChild(ContainerBase.java:656)
		at org.apache.catalina.core.StandardHost.addChild(StandardHost.java:710)
		at org.apache.catalina.startup.HostConfig.deployDirectory(HostConfig.java:1120)
		at org.apache.catalina.startup.HostConfig$DeployDirectory.run(HostConfig.java:1873)
		at java.util.concurrent.Executors$RunnableAdapter.call(Executors.java:511)
		at java.util.concurrent.FutureTask.run$$$capture(FutureTask.java:266)
		at java.util.concurrent.FutureTask.run(FutureTask.java)
		at java.util.concurrent.ThreadPoolExecutor.runWorker(ThreadPoolExecutor.java:1149)
		at java.util.concurrent.ThreadPoolExecutor$Worker.run(ThreadPoolExecutor.java:624)
		at java.lang.Thread.run(Thread.java:748)
09-Mar-2021 09:13:49.228 严重 [localhost-startStop-1] org.apache.catalina.core.StandardContext.listenerStart ç±äºä»¥åçéè¯¯ï¼å·²è·³è¿å®è£åºç¨ç¨åºä¾¦å¬å¨
09-Mar-2021 09:21:40.416 严重 [localhost-startStop-1] org.apache.catalina.core.StandardContext.listenerStart éç½®åºç¨ç¨åºçå¬å¨[listeners.ContextListener]éè¯¯
	java.lang.ClassNotFoundException: listeners.ContextListener
		at org.apache.catalina.loader.WebappClassLoaderBase.loadClass(WebappClassLoaderBase.java:1372)
		at org.apache.catalina.loader.WebappClassLoaderBase.loadClass(WebappClassLoaderBase.java:1195)
		at org.apache.catalina.core.DefaultInstanceManager.loadClass(DefaultInstanceManager.java:545)
		at org.apache.catalina.core.DefaultInstanceManager.loadClassMaybePrivileged(DefaultInstanceManager.java:526)
		at org.apache.catalina.core.DefaultInstanceManager.newInstance(DefaultInstanceManager.java:150)
		at org.apache.catalina.core.StandardContext.listenerStart(StandardContext.java:4650)
		at org.apache.catalina.core.StandardContext.startInternal(StandardContext.java:5190)
		at org.apache.catalina.util.LifecycleBase.start(LifecycleBase.java:196)
		at org.apache.catalina.core.ContainerBase.addChildInternal(ContainerBase.java:687)
		at org.apache.catalina.core.ContainerBase.addChild(ContainerBase.java:656)
		at org.apache.catalina.core.StandardHost.addChild(StandardHost.java:710)
		at org.apache.catalina.startup.HostConfig.deployDirectory(HostConfig.java:1120)
		at org.apache.catalina.startup.HostConfig$DeployDirectory.run(HostConfig.java:1873)
		at java.util.concurrent.Executors$RunnableAdapter.call(Executors.java:511)
		at java.util.concurrent.FutureTask.run$$$capture(FutureTask.java:266)
		at java.util.concurrent.FutureTask.run(FutureTask.java)
		at java.util.concurrent.ThreadPoolExecutor.runWorker(ThreadPoolExecutor.java:1149)
		at java.util.concurrent.ThreadPoolExecutor$Worker.run(ThreadPoolExecutor.java:624)
		at java.lang.Thread.run(Thread.java:748)
09-Mar-2021 09:21:40.417 严重 [localhost-startStop-1] org.apache.catalina.core.StandardContext.listenerStart éç½®åºç¨ç¨åºçå¬å¨[listeners.SessionListener]éè¯¯
	java.lang.ClassNotFoundException: listeners.SessionListener
		at org.apache.catalina.loader.WebappClassLoaderBase.loadClass(WebappClassLoaderBase.java:1372)
		at org.apache.catalina.loader.WebappClassLoaderBase.loadClass(WebappClassLoaderBase.java:1195)
		at org.apache.catalina.core.DefaultInstanceManager.loadClass(DefaultInstanceManager.java:545)
		at org.apache.catalina.core.DefaultInstanceManager.loadClassMaybePrivileged(DefaultInstanceManager.java:526)
		at org.apache.catalina.core.DefaultInstanceManager.newInstance(DefaultInstanceManager.java:150)
		at org.apache.catalina.core.StandardContext.listenerStart(StandardContext.java:4650)
		at org.apache.catalina.core.StandardContext.startInternal(StandardContext.java:5190)
		at org.apache.catalina.util.LifecycleBase.start(LifecycleBase.java:196)
		at org.apache.catalina.core.ContainerBase.addChildInternal(ContainerBase.java:687)
		at org.apache.catalina.core.ContainerBase.addChild(ContainerBase.java:656)
		at org.apache.catalina.core.StandardHost.addChild(StandardHost.java:710)
		at org.apache.catalina.startup.HostConfig.deployDirectory(HostConfig.java:1120)
		at org.apache.catalina.startup.HostConfig$DeployDirectory.run(HostConfig.java:1873)
		at java.util.concurrent.Executors$RunnableAdapter.call(Executors.java:511)
		at java.util.concurrent.FutureTask.run$$$capture(FutureTask.java:266)
		at java.util.concurrent.FutureTask.run(FutureTask.java)
		at java.util.concurrent.ThreadPoolExecutor.runWorker(ThreadPoolExecutor.java:1149)
		at java.util.concurrent.ThreadPoolExecutor$Worker.run(ThreadPoolExecutor.java:624)
		at java.lang.Thread.run(Thread.java:748)
09-Mar-2021 09:21:40.418 严重 [localhost-startStop-1] org.apache.catalina.core.StandardContext.listenerStart éç½®åºç¨ç¨åºçå¬å¨[async.AsyncStockContextListener]éè¯¯
	java.lang.ClassNotFoundException: async.AsyncStockContextListener
		at org.apache.catalina.loader.WebappClassLoaderBase.loadClass(WebappClassLoaderBase.java:1372)
		at org.apache.catalina.loader.WebappClassLoaderBase.loadClass(WebappClassLoaderBase.java:1195)
		at org.apache.catalina.core.DefaultInstanceManager.loadClass(DefaultInstanceManager.java:545)
		at org.apache.catalina.core.DefaultInstanceManager.loadClassMaybePrivileged(DefaultInstanceManager.java:526)
		at org.apache.catalina.core.DefaultInstanceManager.newInstance(DefaultInstanceManager.java:150)
		at org.apache.catalina.core.StandardContext.listenerStart(StandardContext.java:4650)
		at org.apache.catalina.core.StandardContext.startInternal(StandardContext.java:5190)
		at org.apache.catalina.util.LifecycleBase.start(LifecycleBase.java:196)
		at org.apache.catalina.core.ContainerBase.addChildInternal(ContainerBase.java:687)
		at org.apache.catalina.core.ContainerBase.addChild(ContainerBase.java:656)
		at org.apache.catalina.core.StandardHost.addChild(StandardHost.java:710)
		at org.apache.catalina.startup.HostConfig.deployDirectory(HostConfig.java:1120)
		at org.apache.catalina.startup.HostConfig$DeployDirectory.run(HostConfig.java:1873)
		at java.util.concurrent.Executors$RunnableAdapter.call(Executors.java:511)
		at java.util.concurrent.FutureTask.run$$$capture(FutureTask.java:266)
		at java.util.concurrent.FutureTask.run(FutureTask.java)
		at java.util.concurrent.ThreadPoolExecutor.runWorker(ThreadPoolExecutor.java:1149)
		at java.util.concurrent.ThreadPoolExecutor$Worker.run(ThreadPoolExecutor.java:624)
		at java.lang.Thread.run(Thread.java:748)
09-Mar-2021 09:21:40.419 严重 [localhost-startStop-1] org.apache.catalina.core.StandardContext.listenerStart éç½®åºç¨ç¨åºçå¬å¨[websocket.drawboard.DrawboardContextListener]éè¯¯
	java.lang.ClassNotFoundException: websocket.drawboard.DrawboardContextListener
		at org.apache.catalina.loader.WebappClassLoaderBase.loadClass(WebappClassLoaderBase.java:1372)
		at org.apache.catalina.loader.WebappClassLoaderBase.loadClass(WebappClassLoaderBase.java:1195)
		at org.apache.catalina.core.DefaultInstanceManager.loadClass(DefaultInstanceManager.java:545)
		at org.apache.catalina.core.DefaultInstanceManager.loadClassMaybePrivileged(DefaultInstanceManager.java:526)
		at org.apache.catalina.core.DefaultInstanceManager.newInstance(DefaultInstanceManager.java:150)
		at org.apache.catalina.core.StandardContext.listenerStart(StandardContext.java:4650)
		at org.apache.catalina.core.StandardContext.startInternal(StandardContext.java:5190)
		at org.apache.catalina.util.LifecycleBase.start(LifecycleBase.java:196)
		at org.apache.catalina.core.ContainerBase.addChildInternal(ContainerBase.java:687)
		at org.apache.catalina.core.ContainerBase.addChild(ContainerBase.java:656)
		at org.apache.catalina.core.StandardHost.addChild(StandardHost.java:710)
		at org.apache.catalina.startup.HostConfig.deployDirectory(HostConfig.java:1120)
		at org.apache.catalina.startup.HostConfig$DeployDirectory.run(HostConfig.java:1873)
		at java.util.concurrent.Executors$RunnableAdapter.call(Executors.java:511)
		at java.util.concurrent.FutureTask.run$$$capture(FutureTask.java:266)
		at java.util.concurrent.FutureTask.run(FutureTask.java)
		at java.util.concurrent.ThreadPoolExecutor.runWorker(ThreadPoolExecutor.java:1149)
		at java.util.concurrent.ThreadPoolExecutor$Worker.run(ThreadPoolExecutor.java:624)
		at java.lang.Thread.run(Thread.java:748)
09-Mar-2021 09:21:40.419 严重 [localhost-startStop-1] org.apache.catalina.core.StandardContext.listenerStart ç±äºä»¥åçéè¯¯ï¼å·²è·³è¿å®è£åºç¨ç¨åºä¾¦å¬å¨
09-Mar-2021 09:38:39.426 严重 [localhost-startStop-1] org.apache.catalina.core.StandardContext.listenerStart éç½®åºç¨ç¨åºçå¬å¨[listeners.ContextListener]éè¯¯
	java.lang.ClassNotFoundException: listeners.ContextListener
		at org.apache.catalina.loader.WebappClassLoaderBase.loadClass(WebappClassLoaderBase.java:1372)
		at org.apache.catalina.loader.WebappClassLoaderBase.loadClass(WebappClassLoaderBase.java:1195)
		at org.apache.catalina.core.DefaultInstanceManager.loadClass(DefaultInstanceManager.java:545)
		at org.apache.catalina.core.DefaultInstanceManager.loadClassMaybePrivileged(DefaultInstanceManager.java:526)
		at org.apache.catalina.core.DefaultInstanceManager.newInstance(DefaultInstanceManager.java:150)
		at org.apache.catalina.core.StandardContext.listenerStart(StandardContext.java:4653)
		at org.apache.catalina.core.StandardContext.startInternal(StandardContext.java:5193)
		at org.apache.catalina.util.LifecycleBase.start(LifecycleBase.java:196)
		at org.apache.catalina.core.ContainerBase.addChildInternal(ContainerBase.java:687)
		at org.apache.catalina.core.ContainerBase.addChild(ContainerBase.java:656)
		at org.apache.catalina.core.StandardHost.addChild(StandardHost.java:711)
		at org.apache.catalina.startup.HostConfig.deployDirectory(HostConfig.java:1120)
		at org.apache.catalina.startup.HostConfig$DeployDirectory.run(HostConfig.java:1876)
		at java.util.concurrent.Executors$RunnableAdapter.call(Executors.java:511)
		at java.util.concurrent.FutureTask.run$$$capture(FutureTask.java:266)
		at java.util.concurrent.FutureTask.run(FutureTask.java)
		at java.util.concurrent.ThreadPoolExecutor.runWorker(ThreadPoolExecutor.java:1149)
		at java.util.concurrent.ThreadPoolExecutor$Worker.run(ThreadPoolExecutor.java:624)
		at java.lang.Thread.run(Thread.java:748)
09-Mar-2021 09:38:39.426 严重 [localhost-startStop-1] org.apache.catalina.core.StandardContext.listenerStart éç½®åºç¨ç¨åºçå¬å¨[listeners.SessionListener]éè¯¯
	java.lang.ClassNotFoundException: listeners.SessionListener
		at org.apache.catalina.loader.WebappClassLoaderBase.loadClass(WebappClassLoaderBase.java:1372)
		at org.apache.catalina.loader.WebappClassLoaderBase.loadClass(WebappClassLoaderBase.java:1195)
		at org.apache.catalina.core.DefaultInstanceManager.loadClass(DefaultInstanceManager.java:545)
		at org.apache.catalina.core.DefaultInstanceManager.loadClassMaybePrivileged(DefaultInstanceManager.java:526)
		at org.apache.catalina.core.DefaultInstanceManager.newInstance(DefaultInstanceManager.java:150)
		at org.apache.catalina.core.StandardContext.listenerStart(StandardContext.java:4653)
		at org.apache.catalina.core.StandardContext.startInternal(StandardContext.java:5193)
		at org.apache.catalina.util.LifecycleBase.start(LifecycleBase.java:196)
		at org.apache.catalina.core.ContainerBase.addChildInternal(ContainerBase.java:687)
		at org.apache.catalina.core.ContainerBase.addChild(ContainerBase.java:656)
		at org.apache.catalina.core.StandardHost.addChild(StandardHost.java:711)
		at org.apache.catalina.startup.HostConfig.deployDirectory(HostConfig.java:1120)
		at org.apache.catalina.startup.HostConfig$DeployDirectory.run(HostConfig.java:1876)
		at java.util.concurrent.Executors$RunnableAdapter.call(Executors.java:511)
		at java.util.concurrent.FutureTask.run$$$capture(FutureTask.java:266)
		at java.util.concurrent.FutureTask.run(FutureTask.java)
		at java.util.concurrent.ThreadPoolExecutor.runWorker(ThreadPoolExecutor.java:1149)
		at java.util.concurrent.ThreadPoolExecutor$Worker.run(ThreadPoolExecutor.java:624)
		at java.lang.Thread.run(Thread.java:748)
09-Mar-2021 09:38:39.427 严重 [localhost-startStop-1] org.apache.catalina.core.StandardContext.listenerStart éç½®åºç¨ç¨åºçå¬å¨[async.AsyncStockContextListener]éè¯¯
	java.lang.ClassNotFoundException: async.AsyncStockContextListener
		at org.apache.catalina.loader.WebappClassLoaderBase.loadClass(WebappClassLoaderBase.java:1372)
		at org.apache.catalina.loader.WebappClassLoaderBase.loadClass(WebappClassLoaderBase.java:1195)
		at org.apache.catalina.core.DefaultInstanceManager.loadClass(DefaultInstanceManager.java:545)
		at org.apache.catalina.core.DefaultInstanceManager.loadClassMaybePrivileged(DefaultInstanceManager.java:526)
		at org.apache.catalina.core.DefaultInstanceManager.newInstance(DefaultInstanceManager.java:150)
		at org.apache.catalina.core.StandardContext.listenerStart(StandardContext.java:4653)
		at org.apache.catalina.core.StandardContext.startInternal(StandardContext.java:5193)
		at org.apache.catalina.util.LifecycleBase.start(LifecycleBase.java:196)
		at org.apache.catalina.core.ContainerBase.addChildInternal(ContainerBase.java:687)
		at org.apache.catalina.core.ContainerBase.addChild(ContainerBase.java:656)
		at org.apache.catalina.core.StandardHost.addChild(StandardHost.java:711)
		at org.apache.catalina.startup.HostConfig.deployDirectory(HostConfig.java:1120)
		at org.apache.catalina.startup.HostConfig$DeployDirectory.run(HostConfig.java:1876)
		at java.util.concurrent.Executors$RunnableAdapter.call(Executors.java:511)
		at java.util.concurrent.FutureTask.run$$$capture(FutureTask.java:266)
		at java.util.concurrent.FutureTask.run(FutureTask.java)
		at java.util.concurrent.ThreadPoolExecutor.runWorker(ThreadPoolExecutor.java:1149)
		at java.util.concurrent.ThreadPoolExecutor$Worker.run(ThreadPoolExecutor.java:624)
		at java.lang.Thread.run(Thread.java:748)
09-Mar-2021 09:38:39.428 严重 [localhost-startStop-1] org.apache.catalina.core.StandardContext.listenerStart éç½®åºç¨ç¨åºçå¬å¨[websocket.drawboard.DrawboardContextListener]éè¯¯
	java.lang.ClassNotFoundException: websocket.drawboard.DrawboardContextListener
		at org.apache.catalina.loader.WebappClassLoaderBase.loadClass(WebappClassLoaderBase.java:1372)
		at org.apache.catalina.loader.WebappClassLoaderBase.loadClass(WebappClassLoaderBase.java:1195)
		at org.apache.catalina.core.DefaultInstanceManager.loadClass(DefaultInstanceManager.java:545)
		at org.apache.catalina.core.DefaultInstanceManager.loadClassMaybePrivileged(DefaultInstanceManager.java:526)
		at org.apache.catalina.core.DefaultInstanceManager.newInstance(DefaultInstanceManager.java:150)
		at org.apache.catalina.core.StandardContext.listenerStart(StandardContext.java:4653)
		at org.apache.catalina.core.StandardContext.startInternal(StandardContext.java:5193)
		at org.apache.catalina.util.LifecycleBase.start(LifecycleBase.java:196)
		at org.apache.catalina.core.ContainerBase.addChildInternal(ContainerBase.java:687)
		at org.apache.catalina.core.ContainerBase.addChild(ContainerBase.java:656)
		at org.apache.catalina.core.StandardHost.addChild(StandardHost.java:711)
		at org.apache.catalina.startup.HostConfig.deployDirectory(HostConfig.java:1120)
		at org.apache.catalina.startup.HostConfig$DeployDirectory.run(HostConfig.java:1876)
		at java.util.concurrent.Executors$RunnableAdapter.call(Executors.java:511)
		at java.util.concurrent.FutureTask.run$$$capture(FutureTask.java:266)
		at java.util.concurrent.FutureTask.run(FutureTask.java)
		at java.util.concurrent.ThreadPoolExecutor.runWorker(ThreadPoolExecutor.java:1149)
		at java.util.concurrent.ThreadPoolExecutor$Worker.run(ThreadPoolExecutor.java:624)
		at java.lang.Thread.run(Thread.java:748)
09-Mar-2021 09:38:39.428 严重 [localhost-startStop-1] org.apache.catalina.core.StandardContext.listenerStart ç±äºä»¥åçéè¯¯ï¼å·²è·³è¿å®è£åºç¨ç¨åºä¾¦å¬å¨
09-Mar-2021 09:45:24.905 严重 [localhost-startStop-1] org.apache.catalina.core.StandardContext.listenerStart éç½®åºç¨ç¨åºçå¬å¨[listeners.ContextListener]éè¯¯
	java.lang.ClassNotFoundException: listeners.ContextListener
		at org.apache.catalina.loader.WebappClassLoaderBase.loadClass(WebappClassLoaderBase.java:1372)
		at org.apache.catalina.loader.WebappClassLoaderBase.loadClass(WebappClassLoaderBase.java:1195)
		at org.apache.catalina.core.DefaultInstanceManager.loadClass(DefaultInstanceManager.java:545)
		at org.apache.catalina.core.DefaultInstanceManager.loadClassMaybePrivileged(DefaultInstanceManager.java:526)
		at org.apache.catalina.core.DefaultInstanceManager.newInstance(DefaultInstanceManager.java:150)
		at org.apache.catalina.core.StandardContext.listenerStart(StandardContext.java:4653)
		at org.apache.catalina.core.StandardContext.startInternal(StandardContext.java:5193)
		at org.apache.catalina.util.LifecycleBase.start(LifecycleBase.java:196)
		at org.apache.catalina.core.ContainerBase.addChildInternal(ContainerBase.java:687)
		at org.apache.catalina.core.ContainerBase.addChild(ContainerBase.java:656)
		at org.apache.catalina.core.StandardHost.addChild(StandardHost.java:711)
		at org.apache.catalina.startup.HostConfig.deployDirectory(HostConfig.java:1120)
		at org.apache.catalina.startup.HostConfig$DeployDirectory.run(HostConfig.java:1876)
		at java.util.concurrent.Executors$RunnableAdapter.call(Executors.java:511)
		at java.util.concurrent.FutureTask.run$$$capture(FutureTask.java:266)
		at java.util.concurrent.FutureTask.run(FutureTask.java)
		at java.util.concurrent.ThreadPoolExecutor.runWorker(ThreadPoolExecutor.java:1149)
		at java.util.concurrent.ThreadPoolExecutor$Worker.run(ThreadPoolExecutor.java:624)
		at java.lang.Thread.run(Thread.java:748)
09-Mar-2021 09:45:24.906 严重 [localhost-startStop-1] org.apache.catalina.core.StandardContext.listenerStart éç½®åºç¨ç¨åºçå¬å¨[listeners.SessionListener]éè¯¯
	java.lang.ClassNotFoundException: listeners.SessionListener
		at org.apache.catalina.loader.WebappClassLoaderBase.loadClass(WebappClassLoaderBase.java:1372)
		at org.apache.catalina.loader.WebappClassLoaderBase.loadClass(WebappClassLoaderBase.java:1195)
		at org.apache.catalina.core.DefaultInstanceManager.loadClass(DefaultInstanceManager.java:545)
		at org.apache.catalina.core.DefaultInstanceManager.loadClassMaybePrivileged(DefaultInstanceManager.java:526)
		at org.apache.catalina.core.DefaultInstanceManager.newInstance(DefaultInstanceManager.java:150)
		at org.apache.catalina.core.StandardContext.listenerStart(StandardContext.java:4653)
		at org.apache.catalina.core.StandardContext.startInternal(StandardContext.java:5193)
		at org.apache.catalina.util.LifecycleBase.start(LifecycleBase.java:196)
		at org.apache.catalina.core.ContainerBase.addChildInternal(ContainerBase.java:687)
		at org.apache.catalina.core.ContainerBase.addChild(ContainerBase.java:656)
		at org.apache.catalina.core.StandardHost.addChild(StandardHost.java:711)
		at org.apache.catalina.startup.HostConfig.deployDirectory(HostConfig.java:1120)
		at org.apache.catalina.startup.HostConfig$DeployDirectory.run(HostConfig.java:1876)
		at java.util.concurrent.Executors$RunnableAdapter.call(Executors.java:511)
		at java.util.concurrent.FutureTask.run$$$capture(FutureTask.java:266)
		at java.util.concurrent.FutureTask.run(FutureTask.java)
		at java.util.concurrent.ThreadPoolExecutor.runWorker(ThreadPoolExecutor.java:1149)
		at java.util.concurrent.ThreadPoolExecutor$Worker.run(ThreadPoolExecutor.java:624)
		at java.lang.Thread.run(Thread.java:748)
09-Mar-2021 09:45:24.907 严重 [localhost-startStop-1] org.apache.catalina.core.StandardContext.listenerStart éç½®åºç¨ç¨åºçå¬å¨[async.AsyncStockContextListener]éè¯¯
	java.lang.ClassNotFoundException: async.AsyncStockContextListener
		at org.apache.catalina.loader.WebappClassLoaderBase.loadClass(WebappClassLoaderBase.java:1372)
		at org.apache.catalina.loader.WebappClassLoaderBase.loadClass(WebappClassLoaderBase.java:1195)
		at org.apache.catalina.core.DefaultInstanceManager.loadClass(DefaultInstanceManager.java:545)
		at org.apache.catalina.core.DefaultInstanceManager.loadClassMaybePrivileged(DefaultInstanceManager.java:526)
		at org.apache.catalina.core.DefaultInstanceManager.newInstance(DefaultInstanceManager.java:150)
		at org.apache.catalina.core.StandardContext.listenerStart(StandardContext.java:4653)
		at org.apache.catalina.core.StandardContext.startInternal(StandardContext.java:5193)
		at org.apache.catalina.util.LifecycleBase.start(LifecycleBase.java:196)
		at org.apache.catalina.core.ContainerBase.addChildInternal(ContainerBase.java:687)
		at org.apache.catalina.core.ContainerBase.addChild(ContainerBase.java:656)
		at org.apache.catalina.core.StandardHost.addChild(StandardHost.java:711)
		at org.apache.catalina.startup.HostConfig.deployDirectory(HostConfig.java:1120)
		at org.apache.catalina.startup.HostConfig$DeployDirectory.run(HostConfig.java:1876)
		at java.util.concurrent.Executors$RunnableAdapter.call(Executors.java:511)
		at java.util.concurrent.FutureTask.run$$$capture(FutureTask.java:266)
		at java.util.concurrent.FutureTask.run(FutureTask.java)
		at java.util.concurrent.ThreadPoolExecutor.runWorker(ThreadPoolExecutor.java:1149)
		at java.util.concurrent.ThreadPoolExecutor$Worker.run(ThreadPoolExecutor.java:624)
		at java.lang.Thread.run(Thread.java:748)
09-Mar-2021 09:45:24.908 严重 [localhost-startStop-1] org.apache.catalina.core.StandardContext.listenerStart éç½®åºç¨ç¨åºçå¬å¨[websocket.drawboard.DrawboardContextListener]éè¯¯
	java.lang.ClassNotFoundException: websocket.drawboard.DrawboardContextListener
		at org.apache.catalina.loader.WebappClassLoaderBase.loadClass(WebappClassLoaderBase.java:1372)
		at org.apache.catalina.loader.WebappClassLoaderBase.loadClass(WebappClassLoaderBase.java:1195)
		at org.apache.catalina.core.DefaultInstanceManager.loadClass(DefaultInstanceManager.java:545)
		at org.apache.catalina.core.DefaultInstanceManager.loadClassMaybePrivileged(DefaultInstanceManager.java:526)
		at org.apache.catalina.core.DefaultInstanceManager.newInstance(DefaultInstanceManager.java:150)
		at org.apache.catalina.core.StandardContext.listenerStart(StandardContext.java:4653)
		at org.apache.catalina.core.StandardContext.startInternal(StandardContext.java:5193)
		at org.apache.catalina.util.LifecycleBase.start(LifecycleBase.java:196)
		at org.apache.catalina.core.ContainerBase.addChildInternal(ContainerBase.java:687)
		at org.apache.catalina.core.ContainerBase.addChild(ContainerBase.java:656)
		at org.apache.catalina.core.StandardHost.addChild(StandardHost.java:711)
		at org.apache.catalina.startup.HostConfig.deployDirectory(HostConfig.java:1120)
		at org.apache.catalina.startup.HostConfig$DeployDirectory.run(HostConfig.java:1876)
		at java.util.concurrent.Executors$RunnableAdapter.call(Executors.java:511)
		at java.util.concurrent.FutureTask.run$$$capture(FutureTask.java:266)
		at java.util.concurrent.FutureTask.run(FutureTask.java)
		at java.util.concurrent.ThreadPoolExecutor.runWorker(ThreadPoolExecutor.java:1149)
		at java.util.concurrent.ThreadPoolExecutor$Worker.run(ThreadPoolExecutor.java:624)
		at java.lang.Thread.run(Thread.java:748)
09-Mar-2021 09:45:24.908 严重 [localhost-startStop-1] org.apache.catalina.core.StandardContext.listenerStart ç±äºä»¥åçéè¯¯ï¼å·²è·³è¿å®è£åºç¨ç¨åºä¾¦å¬å¨
09-Mar-2021 11:50:05.365 严重 [localhost-startStop-1] org.apache.catalina.core.StandardContext.listenerStart éç½®åºç¨ç¨åºçå¬å¨[listeners.ContextListener]éè¯¯
	java.lang.ClassNotFoundException: listeners.ContextListener
		at org.apache.catalina.loader.WebappClassLoaderBase.loadClass(WebappClassLoaderBase.java:1372)
		at org.apache.catalina.loader.WebappClassLoaderBase.loadClass(WebappClassLoaderBase.java:1195)
		at org.apache.catalina.core.DefaultInstanceManager.loadClass(DefaultInstanceManager.java:545)
		at org.apache.catalina.core.DefaultInstanceManager.loadClassMaybePrivileged(DefaultInstanceManager.java:526)
		at org.apache.catalina.core.DefaultInstanceManager.newInstance(DefaultInstanceManager.java:150)
		at org.apache.catalina.core.StandardContext.listenerStart(StandardContext.java:4668)
		at org.apache.catalina.core.StandardContext.startInternal(StandardContext.java:5210)
		at org.apache.catalina.util.LifecycleBase.start(LifecycleBase.java:196)
		at org.apache.catalina.core.ContainerBase.addChildInternal(ContainerBase.java:687)
		at org.apache.catalina.core.ContainerBase.addChild(ContainerBase.java:656)
		at org.apache.catalina.core.StandardHost.addChild(StandardHost.java:711)
		at org.apache.catalina.startup.HostConfig.deployDirectory(HostConfig.java:1120)
		at org.apache.catalina.startup.HostConfig$DeployDirectory.run(HostConfig.java:1877)
		at java.util.concurrent.Executors$RunnableAdapter.call(Executors.java:511)
		at java.util.concurrent.FutureTask.run$$$capture(FutureTask.java:266)
		at java.util.concurrent.FutureTask.run(FutureTask.java)
		at java.util.concurrent.ThreadPoolExecutor.runWorker(ThreadPoolExecutor.java:1149)
		at java.util.concurrent.ThreadPoolExecutor$Worker.run(ThreadPoolExecutor.java:624)
		at java.lang.Thread.run(Thread.java:748)
09-Mar-2021 11:50:05.366 严重 [localhost-startStop-1] org.apache.catalina.core.StandardContext.listenerStart éç½®åºç¨ç¨åºçå¬å¨[listeners.SessionListener]éè¯¯
	java.lang.ClassNotFoundException: listeners.SessionListener
		at org.apache.catalina.loader.WebappClassLoaderBase.loadClass(WebappClassLoaderBase.java:1372)
		at org.apache.catalina.loader.WebappClassLoaderBase.loadClass(WebappClassLoaderBase.java:1195)
		at org.apache.catalina.core.DefaultInstanceManager.loadClass(DefaultInstanceManager.java:545)
		at org.apache.catalina.core.DefaultInstanceManager.loadClassMaybePrivileged(DefaultInstanceManager.java:526)
		at org.apache.catalina.core.DefaultInstanceManager.newInstance(DefaultInstanceManager.java:150)
		at org.apache.catalina.core.StandardContext.listenerStart(StandardContext.java:4668)
		at org.apache.catalina.core.StandardContext.startInternal(StandardContext.java:5210)
		at org.apache.catalina.util.LifecycleBase.start(LifecycleBase.java:196)
		at org.apache.catalina.core.ContainerBase.addChildInternal(ContainerBase.java:687)
		at org.apache.catalina.core.ContainerBase.addChild(ContainerBase.java:656)
		at org.apache.catalina.core.StandardHost.addChild(StandardHost.java:711)
		at org.apache.catalina.startup.HostConfig.deployDirectory(HostConfig.java:1120)
		at org.apache.catalina.startup.HostConfig$DeployDirectory.run(HostConfig.java:1877)
		at java.util.concurrent.Executors$RunnableAdapter.call(Executors.java:511)
		at java.util.concurrent.FutureTask.run$$$capture(FutureTask.java:266)
		at java.util.concurrent.FutureTask.run(FutureTask.java)
		at java.util.concurrent.ThreadPoolExecutor.runWorker(ThreadPoolExecutor.java:1149)
		at java.util.concurrent.ThreadPoolExecutor$Worker.run(ThreadPoolExecutor.java:624)
		at java.lang.Thread.run(Thread.java:748)
09-Mar-2021 11:50:05.367 严重 [localhost-startStop-1] org.apache.catalina.core.StandardContext.listenerStart éç½®åºç¨ç¨åºçå¬å¨[async.AsyncStockContextListener]éè¯¯
	java.lang.ClassNotFoundException: async.AsyncStockContextListener
		at org.apache.catalina.loader.WebappClassLoaderBase.loadClass(WebappClassLoaderBase.java:1372)
		at org.apache.catalina.loader.WebappClassLoaderBase.loadClass(WebappClassLoaderBase.java:1195)
		at org.apache.catalina.core.DefaultInstanceManager.loadClass(DefaultInstanceManager.java:545)
		at org.apache.catalina.core.DefaultInstanceManager.loadClassMaybePrivileged(DefaultInstanceManager.java:526)
		at org.apache.catalina.core.DefaultInstanceManager.newInstance(DefaultInstanceManager.java:150)
		at org.apache.catalina.core.StandardContext.listenerStart(StandardContext.java:4668)
		at org.apache.catalina.core.StandardContext.startInternal(StandardContext.java:5210)
		at org.apache.catalina.util.LifecycleBase.start(LifecycleBase.java:196)
		at org.apache.catalina.core.ContainerBase.addChildInternal(ContainerBase.java:687)
		at org.apache.catalina.core.ContainerBase.addChild(ContainerBase.java:656)
		at org.apache.catalina.core.StandardHost.addChild(StandardHost.java:711)
		at org.apache.catalina.startup.HostConfig.deployDirectory(HostConfig.java:1120)
		at org.apache.catalina.startup.HostConfig$DeployDirectory.run(HostConfig.java:1877)
		at java.util.concurrent.Executors$RunnableAdapter.call(Executors.java:511)
		at java.util.concurrent.FutureTask.run$$$capture(FutureTask.java:266)
		at java.util.concurrent.FutureTask.run(FutureTask.java)
		at java.util.concurrent.ThreadPoolExecutor.runWorker(ThreadPoolExecutor.java:1149)
		at java.util.concurrent.ThreadPoolExecutor$Worker.run(ThreadPoolExecutor.java:624)
		at java.lang.Thread.run(Thread.java:748)
09-Mar-2021 11:50:05.368 严重 [localhost-startStop-1] org.apache.catalina.core.StandardContext.listenerStart éç½®åºç¨ç¨åºçå¬å¨[websocket.drawboard.DrawboardContextListener]éè¯¯
	java.lang.ClassNotFoundException: websocket.drawboard.DrawboardContextListener
		at org.apache.catalina.loader.WebappClassLoaderBase.loadClass(WebappClassLoaderBase.java:1372)
		at org.apache.catalina.loader.WebappClassLoaderBase.loadClass(WebappClassLoaderBase.java:1195)
		at org.apache.catalina.core.DefaultInstanceManager.loadClass(DefaultInstanceManager.java:545)
		at org.apache.catalina.core.DefaultInstanceManager.loadClassMaybePrivileged(DefaultInstanceManager.java:526)
		at org.apache.catalina.core.DefaultInstanceManager.newInstance(DefaultInstanceManager.java:150)
		at org.apache.catalina.core.StandardContext.listenerStart(StandardContext.java:4668)
		at org.apache.catalina.core.StandardContext.startInternal(StandardContext.java:5210)
		at org.apache.catalina.util.LifecycleBase.start(LifecycleBase.java:196)
		at org.apache.catalina.core.ContainerBase.addChildInternal(ContainerBase.java:687)
		at org.apache.catalina.core.ContainerBase.addChild(ContainerBase.java:656)
		at org.apache.catalina.core.StandardHost.addChild(StandardHost.java:711)
		at org.apache.catalina.startup.HostConfig.deployDirectory(HostConfig.java:1120)
		at org.apache.catalina.startup.HostConfig$DeployDirectory.run(HostConfig.java:1877)
		at java.util.concurrent.Executors$RunnableAdapter.call(Executors.java:511)
		at java.util.concurrent.FutureTask.run$$$capture(FutureTask.java:266)
		at java.util.concurrent.FutureTask.run(FutureTask.java)
		at java.util.concurrent.ThreadPoolExecutor.runWorker(ThreadPoolExecutor.java:1149)
		at java.util.concurrent.ThreadPoolExecutor$Worker.run(ThreadPoolExecutor.java:624)
		at java.lang.Thread.run(Thread.java:748)
09-Mar-2021 11:50:05.368 严重 [localhost-startStop-1] org.apache.catalina.core.StandardContext.listenerStart ç±äºä»¥åçéè¯¯ï¼å·²è·³è¿å®è£åºç¨ç¨åºä¾¦å¬å¨
