27-Feb-2021 09:22:48.087 严重 [localhost-startStop-1] org.apache.catalina.core.StandardContext.listenerStart éç½®åºç¨ç¨åºçå¬å¨[listeners.ContextListener]éè¯¯
	java.lang.ClassNotFoundException: listeners.ContextListener
		at org.apache.catalina.loader.WebappClassLoaderBase.loadClass(WebappClassLoaderBase.java:1372)
		at org.apache.catalina.loader.WebappClassLoaderBase.loadClass(WebappClassLoaderBase.java:1195)
		at org.apache.catalina.core.DefaultInstanceManager.loadClass(DefaultInstanceManager.java:545)
		at org.apache.catalina.core.DefaultInstanceManager.loadClassMaybePrivileged(DefaultInstanceManager.java:526)
		at org.apache.catalina.core.DefaultInstanceManager.newInstance(DefaultInstanceManager.java:150)
		at org.apache.catalina.core.StandardContext.listenerStart(StandardContext.java:4629)
		at org.apache.catalina.core.StandardContext.startInternal(StandardContext.java:5171)
		at org.apache.catalina.util.LifecycleBase.start(LifecycleBase.java:184)
		at org.apache.catalina.core.ContainerBase.addChildInternal(ContainerBase.java:743)
		at org.apache.catalina.core.ContainerBase.addChild(ContainerBase.java:719)
		at org.apache.catalina.core.StandardHost.addChild(StandardHost.java:705)
		at org.apache.catalina.startup.HostConfig.deployDirectory(HostConfig.java:1085)
		at org.apache.catalina.startup.HostConfig$DeployDirectory.run(HostConfig.java:1802)
		at java.util.concurrent.Executors$RunnableAdapter.call(Executors.java:511)
		at java.util.concurrent.FutureTask.run$$$capture(FutureTask.java:266)
		at java.util.concurrent.FutureTask.run(FutureTask.java)
		at java.util.concurrent.ThreadPoolExecutor.runWorker(ThreadPoolExecutor.java:1149)
		at java.util.concurrent.ThreadPoolExecutor$Worker.run(ThreadPoolExecutor.java:624)
		at java.lang.Thread.run(Thread.java:748)
27-Feb-2021 09:22:48.088 严重 [localhost-startStop-1] org.apache.catalina.core.StandardContext.listenerStart éç½®åºç¨ç¨åºçå¬å¨[listeners.SessionListener]éè¯¯
	java.lang.ClassNotFoundException: listeners.SessionListener
		at org.apache.catalina.loader.WebappClassLoaderBase.loadClass(WebappClassLoaderBase.java:1372)
		at org.apache.catalina.loader.WebappClassLoaderBase.loadClass(WebappClassLoaderBase.java:1195)
		at org.apache.catalina.core.DefaultInstanceManager.loadClass(DefaultInstanceManager.java:545)
		at org.apache.catalina.core.DefaultInstanceManager.loadClassMaybePrivileged(DefaultInstanceManager.java:526)
		at org.apache.catalina.core.DefaultInstanceManager.newInstance(DefaultInstanceManager.java:150)
		at org.apache.catalina.core.StandardContext.listenerStart(StandardContext.java:4629)
		at org.apache.catalina.core.StandardContext.startInternal(StandardContext.java:5171)
		at org.apache.catalina.util.LifecycleBase.start(LifecycleBase.java:184)
		at org.apache.catalina.core.ContainerBase.addChildInternal(ContainerBase.java:743)
		at org.apache.catalina.core.ContainerBase.addChild(ContainerBase.java:719)
		at org.apache.catalina.core.StandardHost.addChild(StandardHost.java:705)
		at org.apache.catalina.startup.HostConfig.deployDirectory(HostConfig.java:1085)
		at org.apache.catalina.startup.HostConfig$DeployDirectory.run(HostConfig.java:1802)
		at java.util.concurrent.Executors$RunnableAdapter.call(Executors.java:511)
		at java.util.concurrent.FutureTask.run$$$capture(FutureTask.java:266)
		at java.util.concurrent.FutureTask.run(FutureTask.java)
		at java.util.concurrent.ThreadPoolExecutor.runWorker(ThreadPoolExecutor.java:1149)
		at java.util.concurrent.ThreadPoolExecutor$Worker.run(ThreadPoolExecutor.java:624)
		at java.lang.Thread.run(Thread.java:748)
27-Feb-2021 09:22:48.090 严重 [localhost-startStop-1] org.apache.catalina.core.StandardContext.listenerStart éç½®åºç¨ç¨åºçå¬å¨[async.AsyncStockContextListener]éè¯¯
	java.lang.ClassNotFoundException: async.AsyncStockContextListener
		at org.apache.catalina.loader.WebappClassLoaderBase.loadClass(WebappClassLoaderBase.java:1372)
		at org.apache.catalina.loader.WebappClassLoaderBase.loadClass(WebappClassLoaderBase.java:1195)
		at org.apache.catalina.core.DefaultInstanceManager.loadClass(DefaultInstanceManager.java:545)
		at org.apache.catalina.core.DefaultInstanceManager.loadClassMaybePrivileged(DefaultInstanceManager.java:526)
		at org.apache.catalina.core.DefaultInstanceManager.newInstance(DefaultInstanceManager.java:150)
		at org.apache.catalina.core.StandardContext.listenerStart(StandardContext.java:4629)
		at org.apache.catalina.core.StandardContext.startInternal(StandardContext.java:5171)
		at org.apache.catalina.util.LifecycleBase.start(LifecycleBase.java:184)
		at org.apache.catalina.core.ContainerBase.addChildInternal(ContainerBase.java:743)
		at org.apache.catalina.core.ContainerBase.addChild(ContainerBase.java:719)
		at org.apache.catalina.core.StandardHost.addChild(StandardHost.java:705)
		at org.apache.catalina.startup.HostConfig.deployDirectory(HostConfig.java:1085)
		at org.apache.catalina.startup.HostConfig$DeployDirectory.run(HostConfig.java:1802)
		at java.util.concurrent.Executors$RunnableAdapter.call(Executors.java:511)
		at java.util.concurrent.FutureTask.run$$$capture(FutureTask.java:266)
		at java.util.concurrent.FutureTask.run(FutureTask.java)
		at java.util.concurrent.ThreadPoolExecutor.runWorker(ThreadPoolExecutor.java:1149)
		at java.util.concurrent.ThreadPoolExecutor$Worker.run(ThreadPoolExecutor.java:624)
		at java.lang.Thread.run(Thread.java:748)
27-Feb-2021 09:22:48.091 严重 [localhost-startStop-1] org.apache.catalina.core.StandardContext.listenerStart éç½®åºç¨ç¨åºçå¬å¨[websocket.drawboard.DrawboardContextListener]éè¯¯
	java.lang.ClassNotFoundException: websocket.drawboard.DrawboardContextListener
		at org.apache.catalina.loader.WebappClassLoaderBase.loadClass(WebappClassLoaderBase.java:1372)
		at org.apache.catalina.loader.WebappClassLoaderBase.loadClass(WebappClassLoaderBase.java:1195)
		at org.apache.catalina.core.DefaultInstanceManager.loadClass(DefaultInstanceManager.java:545)
		at org.apache.catalina.core.DefaultInstanceManager.loadClassMaybePrivileged(DefaultInstanceManager.java:526)
		at org.apache.catalina.core.DefaultInstanceManager.newInstance(DefaultInstanceManager.java:150)
		at org.apache.catalina.core.StandardContext.listenerStart(StandardContext.java:4629)
		at org.apache.catalina.core.StandardContext.startInternal(StandardContext.java:5171)
		at org.apache.catalina.util.LifecycleBase.start(LifecycleBase.java:184)
		at org.apache.catalina.core.ContainerBase.addChildInternal(ContainerBase.java:743)
		at org.apache.catalina.core.ContainerBase.addChild(ContainerBase.java:719)
		at org.apache.catalina.core.StandardHost.addChild(StandardHost.java:705)
		at org.apache.catalina.startup.HostConfig.deployDirectory(HostConfig.java:1085)
		at org.apache.catalina.startup.HostConfig$DeployDirectory.run(HostConfig.java:1802)
		at java.util.concurrent.Executors$RunnableAdapter.call(Executors.java:511)
		at java.util.concurrent.FutureTask.run$$$capture(FutureTask.java:266)
		at java.util.concurrent.FutureTask.run(FutureTask.java)
		at java.util.concurrent.ThreadPoolExecutor.runWorker(ThreadPoolExecutor.java:1149)
		at java.util.concurrent.ThreadPoolExecutor$Worker.run(ThreadPoolExecutor.java:624)
		at java.lang.Thread.run(Thread.java:748)
27-Feb-2021 09:22:48.091 严重 [localhost-startStop-1] org.apache.catalina.core.StandardContext.listenerStart ç±äºä»¥åçéè¯¯ï¼å·²è·³è¿å®è£åºç¨ç¨åºä¾¦å¬å¨
27-Feb-2021 10:00:14.063 严重 [localhost-startStop-1] org.apache.catalina.core.StandardContext.listenerStart éç½®åºç¨ç¨åºçå¬å¨[listeners.ContextListener]éè¯¯
	java.lang.ClassNotFoundException: listeners.ContextListener
		at org.apache.catalina.loader.WebappClassLoaderBase.loadClass(WebappClassLoaderBase.java:1372)
		at org.apache.catalina.loader.WebappClassLoaderBase.loadClass(WebappClassLoaderBase.java:1195)
		at org.apache.catalina.core.DefaultInstanceManager.loadClass(DefaultInstanceManager.java:545)
		at org.apache.catalina.core.DefaultInstanceManager.loadClassMaybePrivileged(DefaultInstanceManager.java:526)
		at org.apache.catalina.core.DefaultInstanceManager.newInstance(DefaultInstanceManager.java:150)
		at org.apache.catalina.core.StandardContext.listenerStart(StandardContext.java:4629)
		at org.apache.catalina.core.StandardContext.startInternal(StandardContext.java:5171)
		at org.apache.catalina.util.LifecycleBase.start(LifecycleBase.java:184)
		at org.apache.catalina.core.ContainerBase.addChildInternal(ContainerBase.java:743)
		at org.apache.catalina.core.ContainerBase.addChild(ContainerBase.java:719)
		at org.apache.catalina.core.StandardHost.addChild(StandardHost.java:705)
		at org.apache.catalina.startup.HostConfig.deployDirectory(HostConfig.java:1085)
		at org.apache.catalina.startup.HostConfig$DeployDirectory.run(HostConfig.java:1802)
		at java.util.concurrent.Executors$RunnableAdapter.call(Executors.java:511)
		at java.util.concurrent.FutureTask.run$$$capture(FutureTask.java:266)
		at java.util.concurrent.FutureTask.run(FutureTask.java)
		at java.util.concurrent.ThreadPoolExecutor.runWorker(ThreadPoolExecutor.java:1149)
		at java.util.concurrent.ThreadPoolExecutor$Worker.run(ThreadPoolExecutor.java:624)
		at java.lang.Thread.run(Thread.java:748)
27-Feb-2021 10:00:14.064 严重 [localhost-startStop-1] org.apache.catalina.core.StandardContext.listenerStart éç½®åºç¨ç¨åºçå¬å¨[listeners.SessionListener]éè¯¯
	java.lang.ClassNotFoundException: listeners.SessionListener
		at org.apache.catalina.loader.WebappClassLoaderBase.loadClass(WebappClassLoaderBase.java:1372)
		at org.apache.catalina.loader.WebappClassLoaderBase.loadClass(WebappClassLoaderBase.java:1195)
		at org.apache.catalina.core.DefaultInstanceManager.loadClass(DefaultInstanceManager.java:545)
		at org.apache.catalina.core.DefaultInstanceManager.loadClassMaybePrivileged(DefaultInstanceManager.java:526)
		at org.apache.catalina.core.DefaultInstanceManager.newInstance(DefaultInstanceManager.java:150)
		at org.apache.catalina.core.StandardContext.listenerStart(StandardContext.java:4629)
		at org.apache.catalina.core.StandardContext.startInternal(StandardContext.java:5171)
		at org.apache.catalina.util.LifecycleBase.start(LifecycleBase.java:184)
		at org.apache.catalina.core.ContainerBase.addChildInternal(ContainerBase.java:743)
		at org.apache.catalina.core.ContainerBase.addChild(ContainerBase.java:719)
		at org.apache.catalina.core.StandardHost.addChild(StandardHost.java:705)
		at org.apache.catalina.startup.HostConfig.deployDirectory(HostConfig.java:1085)
		at org.apache.catalina.startup.HostConfig$DeployDirectory.run(HostConfig.java:1802)
		at java.util.concurrent.Executors$RunnableAdapter.call(Executors.java:511)
		at java.util.concurrent.FutureTask.run$$$capture(FutureTask.java:266)
		at java.util.concurrent.FutureTask.run(FutureTask.java)
		at java.util.concurrent.ThreadPoolExecutor.runWorker(ThreadPoolExecutor.java:1149)
		at java.util.concurrent.ThreadPoolExecutor$Worker.run(ThreadPoolExecutor.java:624)
		at java.lang.Thread.run(Thread.java:748)
27-Feb-2021 10:00:14.065 严重 [localhost-startStop-1] org.apache.catalina.core.StandardContext.listenerStart éç½®åºç¨ç¨åºçå¬å¨[async.AsyncStockContextListener]éè¯¯
	java.lang.ClassNotFoundException: async.AsyncStockContextListener
		at org.apache.catalina.loader.WebappClassLoaderBase.loadClass(WebappClassLoaderBase.java:1372)
		at org.apache.catalina.loader.WebappClassLoaderBase.loadClass(WebappClassLoaderBase.java:1195)
		at org.apache.catalina.core.DefaultInstanceManager.loadClass(DefaultInstanceManager.java:545)
		at org.apache.catalina.core.DefaultInstanceManager.loadClassMaybePrivileged(DefaultInstanceManager.java:526)
		at org.apache.catalina.core.DefaultInstanceManager.newInstance(DefaultInstanceManager.java:150)
		at org.apache.catalina.core.StandardContext.listenerStart(StandardContext.java:4629)
		at org.apache.catalina.core.StandardContext.startInternal(StandardContext.java:5171)
		at org.apache.catalina.util.LifecycleBase.start(LifecycleBase.java:184)
		at org.apache.catalina.core.ContainerBase.addChildInternal(ContainerBase.java:743)
		at org.apache.catalina.core.ContainerBase.addChild(ContainerBase.java:719)
		at org.apache.catalina.core.StandardHost.addChild(StandardHost.java:705)
		at org.apache.catalina.startup.HostConfig.deployDirectory(HostConfig.java:1085)
		at org.apache.catalina.startup.HostConfig$DeployDirectory.run(HostConfig.java:1802)
		at java.util.concurrent.Executors$RunnableAdapter.call(Executors.java:511)
		at java.util.concurrent.FutureTask.run$$$capture(FutureTask.java:266)
		at java.util.concurrent.FutureTask.run(FutureTask.java)
		at java.util.concurrent.ThreadPoolExecutor.runWorker(ThreadPoolExecutor.java:1149)
		at java.util.concurrent.ThreadPoolExecutor$Worker.run(ThreadPoolExecutor.java:624)
		at java.lang.Thread.run(Thread.java:748)
27-Feb-2021 10:00:14.066 严重 [localhost-startStop-1] org.apache.catalina.core.StandardContext.listenerStart éç½®åºç¨ç¨åºçå¬å¨[websocket.drawboard.DrawboardContextListener]éè¯¯
	java.lang.ClassNotFoundException: websocket.drawboard.DrawboardContextListener
		at org.apache.catalina.loader.WebappClassLoaderBase.loadClass(WebappClassLoaderBase.java:1372)
		at org.apache.catalina.loader.WebappClassLoaderBase.loadClass(WebappClassLoaderBase.java:1195)
		at org.apache.catalina.core.DefaultInstanceManager.loadClass(DefaultInstanceManager.java:545)
		at org.apache.catalina.core.DefaultInstanceManager.loadClassMaybePrivileged(DefaultInstanceManager.java:526)
		at org.apache.catalina.core.DefaultInstanceManager.newInstance(DefaultInstanceManager.java:150)
		at org.apache.catalina.core.StandardContext.listenerStart(StandardContext.java:4629)
		at org.apache.catalina.core.StandardContext.startInternal(StandardContext.java:5171)
		at org.apache.catalina.util.LifecycleBase.start(LifecycleBase.java:184)
		at org.apache.catalina.core.ContainerBase.addChildInternal(ContainerBase.java:743)
		at org.apache.catalina.core.ContainerBase.addChild(ContainerBase.java:719)
		at org.apache.catalina.core.StandardHost.addChild(StandardHost.java:705)
		at org.apache.catalina.startup.HostConfig.deployDirectory(HostConfig.java:1085)
		at org.apache.catalina.startup.HostConfig$DeployDirectory.run(HostConfig.java:1802)
		at java.util.concurrent.Executors$RunnableAdapter.call(Executors.java:511)
		at java.util.concurrent.FutureTask.run$$$capture(FutureTask.java:266)
		at java.util.concurrent.FutureTask.run(FutureTask.java)
		at java.util.concurrent.ThreadPoolExecutor.runWorker(ThreadPoolExecutor.java:1149)
		at java.util.concurrent.ThreadPoolExecutor$Worker.run(ThreadPoolExecutor.java:624)
		at java.lang.Thread.run(Thread.java:748)
27-Feb-2021 10:00:14.066 严重 [localhost-startStop-1] org.apache.catalina.core.StandardContext.listenerStart ç±äºä»¥åçéè¯¯ï¼å·²è·³è¿å®è£åºç¨ç¨åºä¾¦å¬å¨
27-Feb-2021 10:09:57.487 严重 [localhost-startStop-1] org.apache.catalina.core.StandardContext.listenerStart éç½®åºç¨ç¨åºçå¬å¨[listeners.ContextListener]éè¯¯
	java.lang.ClassNotFoundException: listeners.ContextListener
		at org.apache.catalina.loader.WebappClassLoaderBase.loadClass(WebappClassLoaderBase.java:1372)
		at org.apache.catalina.loader.WebappClassLoaderBase.loadClass(WebappClassLoaderBase.java:1195)
		at org.apache.catalina.core.DefaultInstanceManager.loadClass(DefaultInstanceManager.java:545)
		at org.apache.catalina.core.DefaultInstanceManager.loadClassMaybePrivileged(DefaultInstanceManager.java:526)
		at org.apache.catalina.core.DefaultInstanceManager.newInstance(DefaultInstanceManager.java:150)
		at org.apache.catalina.core.StandardContext.listenerStart(StandardContext.java:4629)
		at org.apache.catalina.core.StandardContext.startInternal(StandardContext.java:5171)
		at org.apache.catalina.util.LifecycleBase.start(LifecycleBase.java:184)
		at org.apache.catalina.core.ContainerBase.addChildInternal(ContainerBase.java:743)
		at org.apache.catalina.core.ContainerBase.addChild(ContainerBase.java:719)
		at org.apache.catalina.core.StandardHost.addChild(StandardHost.java:705)
		at org.apache.catalina.startup.HostConfig.deployDirectory(HostConfig.java:1085)
		at org.apache.catalina.startup.HostConfig$DeployDirectory.run(HostConfig.java:1802)
		at java.util.concurrent.Executors$RunnableAdapter.call(Executors.java:511)
		at java.util.concurrent.FutureTask.run$$$capture(FutureTask.java:266)
		at java.util.concurrent.FutureTask.run(FutureTask.java)
		at java.util.concurrent.ThreadPoolExecutor.runWorker(ThreadPoolExecutor.java:1149)
		at java.util.concurrent.ThreadPoolExecutor$Worker.run(ThreadPoolExecutor.java:624)
		at java.lang.Thread.run(Thread.java:748)
27-Feb-2021 10:09:57.488 严重 [localhost-startStop-1] org.apache.catalina.core.StandardContext.listenerStart éç½®åºç¨ç¨åºçå¬å¨[listeners.SessionListener]éè¯¯
	java.lang.ClassNotFoundException: listeners.SessionListener
		at org.apache.catalina.loader.WebappClassLoaderBase.loadClass(WebappClassLoaderBase.java:1372)
		at org.apache.catalina.loader.WebappClassLoaderBase.loadClass(WebappClassLoaderBase.java:1195)
		at org.apache.catalina.core.DefaultInstanceManager.loadClass(DefaultInstanceManager.java:545)
		at org.apache.catalina.core.DefaultInstanceManager.loadClassMaybePrivileged(DefaultInstanceManager.java:526)
		at org.apache.catalina.core.DefaultInstanceManager.newInstance(DefaultInstanceManager.java:150)
		at org.apache.catalina.core.StandardContext.listenerStart(StandardContext.java:4629)
		at org.apache.catalina.core.StandardContext.startInternal(StandardContext.java:5171)
		at org.apache.catalina.util.LifecycleBase.start(LifecycleBase.java:184)
		at org.apache.catalina.core.ContainerBase.addChildInternal(ContainerBase.java:743)
		at org.apache.catalina.core.ContainerBase.addChild(ContainerBase.java:719)
		at org.apache.catalina.core.StandardHost.addChild(StandardHost.java:705)
		at org.apache.catalina.startup.HostConfig.deployDirectory(HostConfig.java:1085)
		at org.apache.catalina.startup.HostConfig$DeployDirectory.run(HostConfig.java:1802)
		at java.util.concurrent.Executors$RunnableAdapter.call(Executors.java:511)
		at java.util.concurrent.FutureTask.run$$$capture(FutureTask.java:266)
		at java.util.concurrent.FutureTask.run(FutureTask.java)
		at java.util.concurrent.ThreadPoolExecutor.runWorker(ThreadPoolExecutor.java:1149)
		at java.util.concurrent.ThreadPoolExecutor$Worker.run(ThreadPoolExecutor.java:624)
		at java.lang.Thread.run(Thread.java:748)
27-Feb-2021 10:09:57.490 严重 [localhost-startStop-1] org.apache.catalina.core.StandardContext.listenerStart éç½®åºç¨ç¨åºçå¬å¨[async.AsyncStockContextListener]éè¯¯
	java.lang.ClassNotFoundException: async.AsyncStockContextListener
		at org.apache.catalina.loader.WebappClassLoaderBase.loadClass(WebappClassLoaderBase.java:1372)
		at org.apache.catalina.loader.WebappClassLoaderBase.loadClass(WebappClassLoaderBase.java:1195)
		at org.apache.catalina.core.DefaultInstanceManager.loadClass(DefaultInstanceManager.java:545)
		at org.apache.catalina.core.DefaultInstanceManager.loadClassMaybePrivileged(DefaultInstanceManager.java:526)
		at org.apache.catalina.core.DefaultInstanceManager.newInstance(DefaultInstanceManager.java:150)
		at org.apache.catalina.core.StandardContext.listenerStart(StandardContext.java:4629)
		at org.apache.catalina.core.StandardContext.startInternal(StandardContext.java:5171)
		at org.apache.catalina.util.LifecycleBase.start(LifecycleBase.java:184)
		at org.apache.catalina.core.ContainerBase.addChildInternal(ContainerBase.java:743)
		at org.apache.catalina.core.ContainerBase.addChild(ContainerBase.java:719)
		at org.apache.catalina.core.StandardHost.addChild(StandardHost.java:705)
		at org.apache.catalina.startup.HostConfig.deployDirectory(HostConfig.java:1085)
		at org.apache.catalina.startup.HostConfig$DeployDirectory.run(HostConfig.java:1802)
		at java.util.concurrent.Executors$RunnableAdapter.call(Executors.java:511)
		at java.util.concurrent.FutureTask.run$$$capture(FutureTask.java:266)
		at java.util.concurrent.FutureTask.run(FutureTask.java)
		at java.util.concurrent.ThreadPoolExecutor.runWorker(ThreadPoolExecutor.java:1149)
		at java.util.concurrent.ThreadPoolExecutor$Worker.run(ThreadPoolExecutor.java:624)
		at java.lang.Thread.run(Thread.java:748)
27-Feb-2021 10:09:57.491 严重 [localhost-startStop-1] org.apache.catalina.core.StandardContext.listenerStart éç½®åºç¨ç¨åºçå¬å¨[websocket.drawboard.DrawboardContextListener]éè¯¯
	java.lang.ClassNotFoundException: websocket.drawboard.DrawboardContextListener
		at org.apache.catalina.loader.WebappClassLoaderBase.loadClass(WebappClassLoaderBase.java:1372)
		at org.apache.catalina.loader.WebappClassLoaderBase.loadClass(WebappClassLoaderBase.java:1195)
		at org.apache.catalina.core.DefaultInstanceManager.loadClass(DefaultInstanceManager.java:545)
		at org.apache.catalina.core.DefaultInstanceManager.loadClassMaybePrivileged(DefaultInstanceManager.java:526)
		at org.apache.catalina.core.DefaultInstanceManager.newInstance(DefaultInstanceManager.java:150)
		at org.apache.catalina.core.StandardContext.listenerStart(StandardContext.java:4629)
		at org.apache.catalina.core.StandardContext.startInternal(StandardContext.java:5171)
		at org.apache.catalina.util.LifecycleBase.start(LifecycleBase.java:184)
		at org.apache.catalina.core.ContainerBase.addChildInternal(ContainerBase.java:743)
		at org.apache.catalina.core.ContainerBase.addChild(ContainerBase.java:719)
		at org.apache.catalina.core.StandardHost.addChild(StandardHost.java:705)
		at org.apache.catalina.startup.HostConfig.deployDirectory(HostConfig.java:1085)
		at org.apache.catalina.startup.HostConfig$DeployDirectory.run(HostConfig.java:1802)
		at java.util.concurrent.Executors$RunnableAdapter.call(Executors.java:511)
		at java.util.concurrent.FutureTask.run$$$capture(FutureTask.java:266)
		at java.util.concurrent.FutureTask.run(FutureTask.java)
		at java.util.concurrent.ThreadPoolExecutor.runWorker(ThreadPoolExecutor.java:1149)
		at java.util.concurrent.ThreadPoolExecutor$Worker.run(ThreadPoolExecutor.java:624)
		at java.lang.Thread.run(Thread.java:748)
27-Feb-2021 10:09:57.491 严重 [localhost-startStop-1] org.apache.catalina.core.StandardContext.listenerStart ç±äºä»¥åçéè¯¯ï¼å·²è·³è¿å®è£åºç¨ç¨åºä¾¦å¬å¨
27-Feb-2021 10:12:57.415 严重 [localhost-startStop-1] org.apache.catalina.core.StandardContext.listenerStart éç½®åºç¨ç¨åºçå¬å¨[listeners.ContextListener]éè¯¯
	java.lang.ClassNotFoundException: listeners.ContextListener
		at org.apache.catalina.loader.WebappClassLoaderBase.loadClass(WebappClassLoaderBase.java:1372)
		at org.apache.catalina.loader.WebappClassLoaderBase.loadClass(WebappClassLoaderBase.java:1195)
		at org.apache.catalina.core.DefaultInstanceManager.loadClass(DefaultInstanceManager.java:545)
		at org.apache.catalina.core.DefaultInstanceManager.loadClassMaybePrivileged(DefaultInstanceManager.java:526)
		at org.apache.catalina.core.DefaultInstanceManager.newInstance(DefaultInstanceManager.java:150)
		at org.apache.catalina.core.StandardContext.listenerStart(StandardContext.java:4629)
		at org.apache.catalina.core.StandardContext.startInternal(StandardContext.java:5171)
		at org.apache.catalina.util.LifecycleBase.start(LifecycleBase.java:184)
		at org.apache.catalina.core.ContainerBase.addChildInternal(ContainerBase.java:743)
		at org.apache.catalina.core.ContainerBase.addChild(ContainerBase.java:719)
		at org.apache.catalina.core.StandardHost.addChild(StandardHost.java:705)
		at org.apache.catalina.startup.HostConfig.deployDirectory(HostConfig.java:1085)
		at org.apache.catalina.startup.HostConfig$DeployDirectory.run(HostConfig.java:1802)
		at java.util.concurrent.Executors$RunnableAdapter.call(Executors.java:511)
		at java.util.concurrent.FutureTask.run$$$capture(FutureTask.java:266)
		at java.util.concurrent.FutureTask.run(FutureTask.java)
		at java.util.concurrent.ThreadPoolExecutor.runWorker(ThreadPoolExecutor.java:1149)
		at java.util.concurrent.ThreadPoolExecutor$Worker.run(ThreadPoolExecutor.java:624)
		at java.lang.Thread.run(Thread.java:748)
27-Feb-2021 10:12:57.416 严重 [localhost-startStop-1] org.apache.catalina.core.StandardContext.listenerStart éç½®åºç¨ç¨åºçå¬å¨[listeners.SessionListener]éè¯¯
	java.lang.ClassNotFoundException: listeners.SessionListener
		at org.apache.catalina.loader.WebappClassLoaderBase.loadClass(WebappClassLoaderBase.java:1372)
		at org.apache.catalina.loader.WebappClassLoaderBase.loadClass(WebappClassLoaderBase.java:1195)
		at org.apache.catalina.core.DefaultInstanceManager.loadClass(DefaultInstanceManager.java:545)
		at org.apache.catalina.core.DefaultInstanceManager.loadClassMaybePrivileged(DefaultInstanceManager.java:526)
		at org.apache.catalina.core.DefaultInstanceManager.newInstance(DefaultInstanceManager.java:150)
		at org.apache.catalina.core.StandardContext.listenerStart(StandardContext.java:4629)
		at org.apache.catalina.core.StandardContext.startInternal(StandardContext.java:5171)
		at org.apache.catalina.util.LifecycleBase.start(LifecycleBase.java:184)
		at org.apache.catalina.core.ContainerBase.addChildInternal(ContainerBase.java:743)
		at org.apache.catalina.core.ContainerBase.addChild(ContainerBase.java:719)
		at org.apache.catalina.core.StandardHost.addChild(StandardHost.java:705)
		at org.apache.catalina.startup.HostConfig.deployDirectory(HostConfig.java:1085)
		at org.apache.catalina.startup.HostConfig$DeployDirectory.run(HostConfig.java:1802)
		at java.util.concurrent.Executors$RunnableAdapter.call(Executors.java:511)
		at java.util.concurrent.FutureTask.run$$$capture(FutureTask.java:266)
		at java.util.concurrent.FutureTask.run(FutureTask.java)
		at java.util.concurrent.ThreadPoolExecutor.runWorker(ThreadPoolExecutor.java:1149)
		at java.util.concurrent.ThreadPoolExecutor$Worker.run(ThreadPoolExecutor.java:624)
		at java.lang.Thread.run(Thread.java:748)
27-Feb-2021 10:12:57.417 严重 [localhost-startStop-1] org.apache.catalina.core.StandardContext.listenerStart éç½®åºç¨ç¨åºçå¬å¨[async.AsyncStockContextListener]éè¯¯
	java.lang.ClassNotFoundException: async.AsyncStockContextListener
		at org.apache.catalina.loader.WebappClassLoaderBase.loadClass(WebappClassLoaderBase.java:1372)
		at org.apache.catalina.loader.WebappClassLoaderBase.loadClass(WebappClassLoaderBase.java:1195)
		at org.apache.catalina.core.DefaultInstanceManager.loadClass(DefaultInstanceManager.java:545)
		at org.apache.catalina.core.DefaultInstanceManager.loadClassMaybePrivileged(DefaultInstanceManager.java:526)
		at org.apache.catalina.core.DefaultInstanceManager.newInstance(DefaultInstanceManager.java:150)
		at org.apache.catalina.core.StandardContext.listenerStart(StandardContext.java:4629)
		at org.apache.catalina.core.StandardContext.startInternal(StandardContext.java:5171)
		at org.apache.catalina.util.LifecycleBase.start(LifecycleBase.java:184)
		at org.apache.catalina.core.ContainerBase.addChildInternal(ContainerBase.java:743)
		at org.apache.catalina.core.ContainerBase.addChild(ContainerBase.java:719)
		at org.apache.catalina.core.StandardHost.addChild(StandardHost.java:705)
		at org.apache.catalina.startup.HostConfig.deployDirectory(HostConfig.java:1085)
		at org.apache.catalina.startup.HostConfig$DeployDirectory.run(HostConfig.java:1802)
		at java.util.concurrent.Executors$RunnableAdapter.call(Executors.java:511)
		at java.util.concurrent.FutureTask.run$$$capture(FutureTask.java:266)
		at java.util.concurrent.FutureTask.run(FutureTask.java)
		at java.util.concurrent.ThreadPoolExecutor.runWorker(ThreadPoolExecutor.java:1149)
		at java.util.concurrent.ThreadPoolExecutor$Worker.run(ThreadPoolExecutor.java:624)
		at java.lang.Thread.run(Thread.java:748)
27-Feb-2021 10:12:57.418 严重 [localhost-startStop-1] org.apache.catalina.core.StandardContext.listenerStart éç½®åºç¨ç¨åºçå¬å¨[websocket.drawboard.DrawboardContextListener]éè¯¯
	java.lang.ClassNotFoundException: websocket.drawboard.DrawboardContextListener
		at org.apache.catalina.loader.WebappClassLoaderBase.loadClass(WebappClassLoaderBase.java:1372)
		at org.apache.catalina.loader.WebappClassLoaderBase.loadClass(WebappClassLoaderBase.java:1195)
		at org.apache.catalina.core.DefaultInstanceManager.loadClass(DefaultInstanceManager.java:545)
		at org.apache.catalina.core.DefaultInstanceManager.loadClassMaybePrivileged(DefaultInstanceManager.java:526)
		at org.apache.catalina.core.DefaultInstanceManager.newInstance(DefaultInstanceManager.java:150)
		at org.apache.catalina.core.StandardContext.listenerStart(StandardContext.java:4629)
		at org.apache.catalina.core.StandardContext.startInternal(StandardContext.java:5171)
		at org.apache.catalina.util.LifecycleBase.start(LifecycleBase.java:184)
		at org.apache.catalina.core.ContainerBase.addChildInternal(ContainerBase.java:743)
		at org.apache.catalina.core.ContainerBase.addChild(ContainerBase.java:719)
		at org.apache.catalina.core.StandardHost.addChild(StandardHost.java:705)
		at org.apache.catalina.startup.HostConfig.deployDirectory(HostConfig.java:1085)
		at org.apache.catalina.startup.HostConfig$DeployDirectory.run(HostConfig.java:1802)
		at java.util.concurrent.Executors$RunnableAdapter.call(Executors.java:511)
		at java.util.concurrent.FutureTask.run$$$capture(FutureTask.java:266)
		at java.util.concurrent.FutureTask.run(FutureTask.java)
		at java.util.concurrent.ThreadPoolExecutor.runWorker(ThreadPoolExecutor.java:1149)
		at java.util.concurrent.ThreadPoolExecutor$Worker.run(ThreadPoolExecutor.java:624)
		at java.lang.Thread.run(Thread.java:748)
27-Feb-2021 10:12:57.418 严重 [localhost-startStop-1] org.apache.catalina.core.StandardContext.listenerStart ç±äºä»¥åçéè¯¯ï¼å·²è·³è¿å®è£åºç¨ç¨åºä¾¦å¬å¨
27-Feb-2021 10:48:40.103 严重 [localhost-startStop-1] org.apache.catalina.core.StandardContext.listenerStart éç½®åºç¨ç¨åºçå¬å¨[listeners.ContextListener]éè¯¯
	java.lang.ClassNotFoundException: listeners.ContextListener
		at org.apache.catalina.loader.WebappClassLoaderBase.loadClass(WebappClassLoaderBase.java:1372)
		at org.apache.catalina.loader.WebappClassLoaderBase.loadClass(WebappClassLoaderBase.java:1195)
		at org.apache.catalina.core.DefaultInstanceManager.loadClass(DefaultInstanceManager.java:545)
		at org.apache.catalina.core.DefaultInstanceManager.loadClassMaybePrivileged(DefaultInstanceManager.java:526)
		at org.apache.catalina.core.DefaultInstanceManager.newInstance(DefaultInstanceManager.java:150)
		at org.apache.catalina.core.StandardContext.listenerStart(StandardContext.java:4629)
		at org.apache.catalina.core.StandardContext.startInternal(StandardContext.java:5171)
		at org.apache.catalina.util.LifecycleBase.start(LifecycleBase.java:184)
		at org.apache.catalina.core.ContainerBase.addChildInternal(ContainerBase.java:743)
		at org.apache.catalina.core.ContainerBase.addChild(ContainerBase.java:719)
		at org.apache.catalina.core.StandardHost.addChild(StandardHost.java:705)
		at org.apache.catalina.startup.HostConfig.deployDirectory(HostConfig.java:1085)
		at org.apache.catalina.startup.HostConfig$DeployDirectory.run(HostConfig.java:1802)
		at java.util.concurrent.Executors$RunnableAdapter.call(Executors.java:511)
		at java.util.concurrent.FutureTask.run$$$capture(FutureTask.java:266)
		at java.util.concurrent.FutureTask.run(FutureTask.java)
		at java.util.concurrent.ThreadPoolExecutor.runWorker(ThreadPoolExecutor.java:1149)
		at java.util.concurrent.ThreadPoolExecutor$Worker.run(ThreadPoolExecutor.java:624)
		at java.lang.Thread.run(Thread.java:748)
27-Feb-2021 10:48:40.104 严重 [localhost-startStop-1] org.apache.catalina.core.StandardContext.listenerStart éç½®åºç¨ç¨åºçå¬å¨[listeners.SessionListener]éè¯¯
	java.lang.ClassNotFoundException: listeners.SessionListener
		at org.apache.catalina.loader.WebappClassLoaderBase.loadClass(WebappClassLoaderBase.java:1372)
		at org.apache.catalina.loader.WebappClassLoaderBase.loadClass(WebappClassLoaderBase.java:1195)
		at org.apache.catalina.core.DefaultInstanceManager.loadClass(DefaultInstanceManager.java:545)
		at org.apache.catalina.core.DefaultInstanceManager.loadClassMaybePrivileged(DefaultInstanceManager.java:526)
		at org.apache.catalina.core.DefaultInstanceManager.newInstance(DefaultInstanceManager.java:150)
		at org.apache.catalina.core.StandardContext.listenerStart(StandardContext.java:4629)
		at org.apache.catalina.core.StandardContext.startInternal(StandardContext.java:5171)
		at org.apache.catalina.util.LifecycleBase.start(LifecycleBase.java:184)
		at org.apache.catalina.core.ContainerBase.addChildInternal(ContainerBase.java:743)
		at org.apache.catalina.core.ContainerBase.addChild(ContainerBase.java:719)
		at org.apache.catalina.core.StandardHost.addChild(StandardHost.java:705)
		at org.apache.catalina.startup.HostConfig.deployDirectory(HostConfig.java:1085)
		at org.apache.catalina.startup.HostConfig$DeployDirectory.run(HostConfig.java:1802)
		at java.util.concurrent.Executors$RunnableAdapter.call(Executors.java:511)
		at java.util.concurrent.FutureTask.run$$$capture(FutureTask.java:266)
		at java.util.concurrent.FutureTask.run(FutureTask.java)
		at java.util.concurrent.ThreadPoolExecutor.runWorker(ThreadPoolExecutor.java:1149)
		at java.util.concurrent.ThreadPoolExecutor$Worker.run(ThreadPoolExecutor.java:624)
		at java.lang.Thread.run(Thread.java:748)
27-Feb-2021 10:48:40.105 严重 [localhost-startStop-1] org.apache.catalina.core.StandardContext.listenerStart éç½®åºç¨ç¨åºçå¬å¨[async.AsyncStockContextListener]éè¯¯
	java.lang.ClassNotFoundException: async.AsyncStockContextListener
		at org.apache.catalina.loader.WebappClassLoaderBase.loadClass(WebappClassLoaderBase.java:1372)
		at org.apache.catalina.loader.WebappClassLoaderBase.loadClass(WebappClassLoaderBase.java:1195)
		at org.apache.catalina.core.DefaultInstanceManager.loadClass(DefaultInstanceManager.java:545)
		at org.apache.catalina.core.DefaultInstanceManager.loadClassMaybePrivileged(DefaultInstanceManager.java:526)
		at org.apache.catalina.core.DefaultInstanceManager.newInstance(DefaultInstanceManager.java:150)
		at org.apache.catalina.core.StandardContext.listenerStart(StandardContext.java:4629)
		at org.apache.catalina.core.StandardContext.startInternal(StandardContext.java:5171)
		at org.apache.catalina.util.LifecycleBase.start(LifecycleBase.java:184)
		at org.apache.catalina.core.ContainerBase.addChildInternal(ContainerBase.java:743)
		at org.apache.catalina.core.ContainerBase.addChild(ContainerBase.java:719)
		at org.apache.catalina.core.StandardHost.addChild(StandardHost.java:705)
		at org.apache.catalina.startup.HostConfig.deployDirectory(HostConfig.java:1085)
		at org.apache.catalina.startup.HostConfig$DeployDirectory.run(HostConfig.java:1802)
		at java.util.concurrent.Executors$RunnableAdapter.call(Executors.java:511)
		at java.util.concurrent.FutureTask.run$$$capture(FutureTask.java:266)
		at java.util.concurrent.FutureTask.run(FutureTask.java)
		at java.util.concurrent.ThreadPoolExecutor.runWorker(ThreadPoolExecutor.java:1149)
		at java.util.concurrent.ThreadPoolExecutor$Worker.run(ThreadPoolExecutor.java:624)
		at java.lang.Thread.run(Thread.java:748)
27-Feb-2021 10:48:40.106 严重 [localhost-startStop-1] org.apache.catalina.core.StandardContext.listenerStart éç½®åºç¨ç¨åºçå¬å¨[websocket.drawboard.DrawboardContextListener]éè¯¯
	java.lang.ClassNotFoundException: websocket.drawboard.DrawboardContextListener
		at org.apache.catalina.loader.WebappClassLoaderBase.loadClass(WebappClassLoaderBase.java:1372)
		at org.apache.catalina.loader.WebappClassLoaderBase.loadClass(WebappClassLoaderBase.java:1195)
		at org.apache.catalina.core.DefaultInstanceManager.loadClass(DefaultInstanceManager.java:545)
		at org.apache.catalina.core.DefaultInstanceManager.loadClassMaybePrivileged(DefaultInstanceManager.java:526)
		at org.apache.catalina.core.DefaultInstanceManager.newInstance(DefaultInstanceManager.java:150)
		at org.apache.catalina.core.StandardContext.listenerStart(StandardContext.java:4629)
		at org.apache.catalina.core.StandardContext.startInternal(StandardContext.java:5171)
		at org.apache.catalina.util.LifecycleBase.start(LifecycleBase.java:184)
		at org.apache.catalina.core.ContainerBase.addChildInternal(ContainerBase.java:743)
		at org.apache.catalina.core.ContainerBase.addChild(ContainerBase.java:719)
		at org.apache.catalina.core.StandardHost.addChild(StandardHost.java:705)
		at org.apache.catalina.startup.HostConfig.deployDirectory(HostConfig.java:1085)
		at org.apache.catalina.startup.HostConfig$DeployDirectory.run(HostConfig.java:1802)
		at java.util.concurrent.Executors$RunnableAdapter.call(Executors.java:511)
		at java.util.concurrent.FutureTask.run$$$capture(FutureTask.java:266)
		at java.util.concurrent.FutureTask.run(FutureTask.java)
		at java.util.concurrent.ThreadPoolExecutor.runWorker(ThreadPoolExecutor.java:1149)
		at java.util.concurrent.ThreadPoolExecutor$Worker.run(ThreadPoolExecutor.java:624)
		at java.lang.Thread.run(Thread.java:748)
27-Feb-2021 10:48:40.106 严重 [localhost-startStop-1] org.apache.catalina.core.StandardContext.listenerStart ç±äºä»¥åçéè¯¯ï¼å·²è·³è¿å®è£åºç¨ç¨åºä¾¦å¬å¨
