05-Mar-2021 08:56:42.582 严重 [localhost-startStop-1] org.apache.catalina.core.StandardContext.listenerStart éç½®åºç¨ç¨åºçå¬å¨[listeners.ContextListener]éè¯¯
	java.lang.ClassNotFoundException: listeners.ContextListener
		at org.apache.catalina.loader.WebappClassLoaderBase.loadClass(WebappClassLoaderBase.java:1372)
		at org.apache.catalina.loader.WebappClassLoaderBase.loadClass(WebappClassLoaderBase.java:1195)
		at org.apache.catalina.core.DefaultInstanceManager.loadClass(DefaultInstanceManager.java:545)
		at org.apache.catalina.core.DefaultInstanceManager.loadClassMaybePrivileged(DefaultInstanceManager.java:526)
		at org.apache.catalina.core.DefaultInstanceManager.newInstance(DefaultInstanceManager.java:150)
		at org.apache.catalina.core.StandardContext.listenerStart(StandardContext.java:4629)
		at org.apache.catalina.core.StandardContext.startInternal(StandardContext.java:5171)
		at org.apache.catalina.util.LifecycleBase.start(LifecycleBase.java:194)
		at org.apache.catalina.core.ContainerBase.addChildInternal(ContainerBase.java:682)
		at org.apache.catalina.core.ContainerBase.addChild(ContainerBase.java:652)
		at org.apache.catalina.core.StandardHost.addChild(StandardHost.java:708)
		at org.apache.catalina.startup.HostConfig.deployDirectory(HostConfig.java:1081)
		at org.apache.catalina.startup.HostConfig$DeployDirectory.run(HostConfig.java:1798)
		at java.util.concurrent.Executors$RunnableAdapter.call(Executors.java:511)
		at java.util.concurrent.FutureTask.run$$$capture(FutureTask.java:266)
		at java.util.concurrent.FutureTask.run(FutureTask.java)
		at java.util.concurrent.ThreadPoolExecutor.runWorker(ThreadPoolExecutor.java:1149)
		at java.util.concurrent.ThreadPoolExecutor$Worker.run(ThreadPoolExecutor.java:624)
		at java.lang.Thread.run(Thread.java:748)
05-Mar-2021 08:56:42.583 严重 [localhost-startStop-1] org.apache.catalina.core.StandardContext.listenerStart éç½®åºç¨ç¨åºçå¬å¨[listeners.SessionListener]éè¯¯
	java.lang.ClassNotFoundException: listeners.SessionListener
		at org.apache.catalina.loader.WebappClassLoaderBase.loadClass(WebappClassLoaderBase.java:1372)
		at org.apache.catalina.loader.WebappClassLoaderBase.loadClass(WebappClassLoaderBase.java:1195)
		at org.apache.catalina.core.DefaultInstanceManager.loadClass(DefaultInstanceManager.java:545)
		at org.apache.catalina.core.DefaultInstanceManager.loadClassMaybePrivileged(DefaultInstanceManager.java:526)
		at org.apache.catalina.core.DefaultInstanceManager.newInstance(DefaultInstanceManager.java:150)
		at org.apache.catalina.core.StandardContext.listenerStart(StandardContext.java:4629)
		at org.apache.catalina.core.StandardContext.startInternal(StandardContext.java:5171)
		at org.apache.catalina.util.LifecycleBase.start(LifecycleBase.java:194)
		at org.apache.catalina.core.ContainerBase.addChildInternal(ContainerBase.java:682)
		at org.apache.catalina.core.ContainerBase.addChild(ContainerBase.java:652)
		at org.apache.catalina.core.StandardHost.addChild(StandardHost.java:708)
		at org.apache.catalina.startup.HostConfig.deployDirectory(HostConfig.java:1081)
		at org.apache.catalina.startup.HostConfig$DeployDirectory.run(HostConfig.java:1798)
		at java.util.concurrent.Executors$RunnableAdapter.call(Executors.java:511)
		at java.util.concurrent.FutureTask.run$$$capture(FutureTask.java:266)
		at java.util.concurrent.FutureTask.run(FutureTask.java)
		at java.util.concurrent.ThreadPoolExecutor.runWorker(ThreadPoolExecutor.java:1149)
		at java.util.concurrent.ThreadPoolExecutor$Worker.run(ThreadPoolExecutor.java:624)
		at java.lang.Thread.run(Thread.java:748)
05-Mar-2021 08:56:42.584 严重 [localhost-startStop-1] org.apache.catalina.core.StandardContext.listenerStart éç½®åºç¨ç¨åºçå¬å¨[async.AsyncStockContextListener]éè¯¯
	java.lang.ClassNotFoundException: async.AsyncStockContextListener
		at org.apache.catalina.loader.WebappClassLoaderBase.loadClass(WebappClassLoaderBase.java:1372)
		at org.apache.catalina.loader.WebappClassLoaderBase.loadClass(WebappClassLoaderBase.java:1195)
		at org.apache.catalina.core.DefaultInstanceManager.loadClass(DefaultInstanceManager.java:545)
		at org.apache.catalina.core.DefaultInstanceManager.loadClassMaybePrivileged(DefaultInstanceManager.java:526)
		at org.apache.catalina.core.DefaultInstanceManager.newInstance(DefaultInstanceManager.java:150)
		at org.apache.catalina.core.StandardContext.listenerStart(StandardContext.java:4629)
		at org.apache.catalina.core.StandardContext.startInternal(StandardContext.java:5171)
		at org.apache.catalina.util.LifecycleBase.start(LifecycleBase.java:194)
		at org.apache.catalina.core.ContainerBase.addChildInternal(ContainerBase.java:682)
		at org.apache.catalina.core.ContainerBase.addChild(ContainerBase.java:652)
		at org.apache.catalina.core.StandardHost.addChild(StandardHost.java:708)
		at org.apache.catalina.startup.HostConfig.deployDirectory(HostConfig.java:1081)
		at org.apache.catalina.startup.HostConfig$DeployDirectory.run(HostConfig.java:1798)
		at java.util.concurrent.Executors$RunnableAdapter.call(Executors.java:511)
		at java.util.concurrent.FutureTask.run$$$capture(FutureTask.java:266)
		at java.util.concurrent.FutureTask.run(FutureTask.java)
		at java.util.concurrent.ThreadPoolExecutor.runWorker(ThreadPoolExecutor.java:1149)
		at java.util.concurrent.ThreadPoolExecutor$Worker.run(ThreadPoolExecutor.java:624)
		at java.lang.Thread.run(Thread.java:748)
05-Mar-2021 08:56:42.585 严重 [localhost-startStop-1] org.apache.catalina.core.StandardContext.listenerStart éç½®åºç¨ç¨åºçå¬å¨[websocket.drawboard.DrawboardContextListener]éè¯¯
	java.lang.ClassNotFoundException: websocket.drawboard.DrawboardContextListener
		at org.apache.catalina.loader.WebappClassLoaderBase.loadClass(WebappClassLoaderBase.java:1372)
		at org.apache.catalina.loader.WebappClassLoaderBase.loadClass(WebappClassLoaderBase.java:1195)
		at org.apache.catalina.core.DefaultInstanceManager.loadClass(DefaultInstanceManager.java:545)
		at org.apache.catalina.core.DefaultInstanceManager.loadClassMaybePrivileged(DefaultInstanceManager.java:526)
		at org.apache.catalina.core.DefaultInstanceManager.newInstance(DefaultInstanceManager.java:150)
		at org.apache.catalina.core.StandardContext.listenerStart(StandardContext.java:4629)
		at org.apache.catalina.core.StandardContext.startInternal(StandardContext.java:5171)
		at org.apache.catalina.util.LifecycleBase.start(LifecycleBase.java:194)
		at org.apache.catalina.core.ContainerBase.addChildInternal(ContainerBase.java:682)
		at org.apache.catalina.core.ContainerBase.addChild(ContainerBase.java:652)
		at org.apache.catalina.core.StandardHost.addChild(StandardHost.java:708)
		at org.apache.catalina.startup.HostConfig.deployDirectory(HostConfig.java:1081)
		at org.apache.catalina.startup.HostConfig$DeployDirectory.run(HostConfig.java:1798)
		at java.util.concurrent.Executors$RunnableAdapter.call(Executors.java:511)
		at java.util.concurrent.FutureTask.run$$$capture(FutureTask.java:266)
		at java.util.concurrent.FutureTask.run(FutureTask.java)
		at java.util.concurrent.ThreadPoolExecutor.runWorker(ThreadPoolExecutor.java:1149)
		at java.util.concurrent.ThreadPoolExecutor$Worker.run(ThreadPoolExecutor.java:624)
		at java.lang.Thread.run(Thread.java:748)
05-Mar-2021 08:56:42.585 严重 [localhost-startStop-1] org.apache.catalina.core.StandardContext.listenerStart ç±äºä»¥åçéè¯¯ï¼å·²è·³è¿å®è£åºç¨ç¨åºä¾¦å¬å¨
05-Mar-2021 09:13:47.621 严重 [localhost-startStop-1] org.apache.catalina.core.StandardContext.listenerStart éç½®åºç¨ç¨åºçå¬å¨[listeners.ContextListener]éè¯¯
	java.lang.ClassNotFoundException: listeners.ContextListener
		at org.apache.catalina.loader.WebappClassLoaderBase.loadClass(WebappClassLoaderBase.java:1372)
		at org.apache.catalina.loader.WebappClassLoaderBase.loadClass(WebappClassLoaderBase.java:1195)
		at org.apache.catalina.core.DefaultInstanceManager.loadClass(DefaultInstanceManager.java:545)
		at org.apache.catalina.core.DefaultInstanceManager.loadClassMaybePrivileged(DefaultInstanceManager.java:526)
		at org.apache.catalina.core.DefaultInstanceManager.newInstance(DefaultInstanceManager.java:150)
		at org.apache.catalina.core.StandardContext.listenerStart(StandardContext.java:4632)
		at org.apache.catalina.core.StandardContext.startInternal(StandardContext.java:5174)
		at org.apache.catalina.util.LifecycleBase.start(LifecycleBase.java:196)
		at org.apache.catalina.core.ContainerBase.addChildInternal(ContainerBase.java:682)
		at org.apache.catalina.core.ContainerBase.addChild(ContainerBase.java:652)
		at org.apache.catalina.core.StandardHost.addChild(StandardHost.java:708)
		at org.apache.catalina.startup.HostConfig.deployDirectory(HostConfig.java:1081)
		at org.apache.catalina.startup.HostConfig$DeployDirectory.run(HostConfig.java:1798)
		at java.util.concurrent.Executors$RunnableAdapter.call(Executors.java:511)
		at java.util.concurrent.FutureTask.run$$$capture(FutureTask.java:266)
		at java.util.concurrent.FutureTask.run(FutureTask.java)
		at java.util.concurrent.ThreadPoolExecutor.runWorker(ThreadPoolExecutor.java:1149)
		at java.util.concurrent.ThreadPoolExecutor$Worker.run(ThreadPoolExecutor.java:624)
		at java.lang.Thread.run(Thread.java:748)
05-Mar-2021 09:13:47.622 严重 [localhost-startStop-1] org.apache.catalina.core.StandardContext.listenerStart éç½®åºç¨ç¨åºçå¬å¨[listeners.SessionListener]éè¯¯
	java.lang.ClassNotFoundException: listeners.SessionListener
		at org.apache.catalina.loader.WebappClassLoaderBase.loadClass(WebappClassLoaderBase.java:1372)
		at org.apache.catalina.loader.WebappClassLoaderBase.loadClass(WebappClassLoaderBase.java:1195)
		at org.apache.catalina.core.DefaultInstanceManager.loadClass(DefaultInstanceManager.java:545)
		at org.apache.catalina.core.DefaultInstanceManager.loadClassMaybePrivileged(DefaultInstanceManager.java:526)
		at org.apache.catalina.core.DefaultInstanceManager.newInstance(DefaultInstanceManager.java:150)
		at org.apache.catalina.core.StandardContext.listenerStart(StandardContext.java:4632)
		at org.apache.catalina.core.StandardContext.startInternal(StandardContext.java:5174)
		at org.apache.catalina.util.LifecycleBase.start(LifecycleBase.java:196)
		at org.apache.catalina.core.ContainerBase.addChildInternal(ContainerBase.java:682)
		at org.apache.catalina.core.ContainerBase.addChild(ContainerBase.java:652)
		at org.apache.catalina.core.StandardHost.addChild(StandardHost.java:708)
		at org.apache.catalina.startup.HostConfig.deployDirectory(HostConfig.java:1081)
		at org.apache.catalina.startup.HostConfig$DeployDirectory.run(HostConfig.java:1798)
		at java.util.concurrent.Executors$RunnableAdapter.call(Executors.java:511)
		at java.util.concurrent.FutureTask.run$$$capture(FutureTask.java:266)
		at java.util.concurrent.FutureTask.run(FutureTask.java)
		at java.util.concurrent.ThreadPoolExecutor.runWorker(ThreadPoolExecutor.java:1149)
		at java.util.concurrent.ThreadPoolExecutor$Worker.run(ThreadPoolExecutor.java:624)
		at java.lang.Thread.run(Thread.java:748)
05-Mar-2021 09:13:47.623 严重 [localhost-startStop-1] org.apache.catalina.core.StandardContext.listenerStart éç½®åºç¨ç¨åºçå¬å¨[async.AsyncStockContextListener]éè¯¯
	java.lang.ClassNotFoundException: async.AsyncStockContextListener
		at org.apache.catalina.loader.WebappClassLoaderBase.loadClass(WebappClassLoaderBase.java:1372)
		at org.apache.catalina.loader.WebappClassLoaderBase.loadClass(WebappClassLoaderBase.java:1195)
		at org.apache.catalina.core.DefaultInstanceManager.loadClass(DefaultInstanceManager.java:545)
		at org.apache.catalina.core.DefaultInstanceManager.loadClassMaybePrivileged(DefaultInstanceManager.java:526)
		at org.apache.catalina.core.DefaultInstanceManager.newInstance(DefaultInstanceManager.java:150)
		at org.apache.catalina.core.StandardContext.listenerStart(StandardContext.java:4632)
		at org.apache.catalina.core.StandardContext.startInternal(StandardContext.java:5174)
		at org.apache.catalina.util.LifecycleBase.start(LifecycleBase.java:196)
		at org.apache.catalina.core.ContainerBase.addChildInternal(ContainerBase.java:682)
		at org.apache.catalina.core.ContainerBase.addChild(ContainerBase.java:652)
		at org.apache.catalina.core.StandardHost.addChild(StandardHost.java:708)
		at org.apache.catalina.startup.HostConfig.deployDirectory(HostConfig.java:1081)
		at org.apache.catalina.startup.HostConfig$DeployDirectory.run(HostConfig.java:1798)
		at java.util.concurrent.Executors$RunnableAdapter.call(Executors.java:511)
		at java.util.concurrent.FutureTask.run$$$capture(FutureTask.java:266)
		at java.util.concurrent.FutureTask.run(FutureTask.java)
		at java.util.concurrent.ThreadPoolExecutor.runWorker(ThreadPoolExecutor.java:1149)
		at java.util.concurrent.ThreadPoolExecutor$Worker.run(ThreadPoolExecutor.java:624)
		at java.lang.Thread.run(Thread.java:748)
05-Mar-2021 09:13:47.624 严重 [localhost-startStop-1] org.apache.catalina.core.StandardContext.listenerStart éç½®åºç¨ç¨åºçå¬å¨[websocket.drawboard.DrawboardContextListener]éè¯¯
	java.lang.ClassNotFoundException: websocket.drawboard.DrawboardContextListener
		at org.apache.catalina.loader.WebappClassLoaderBase.loadClass(WebappClassLoaderBase.java:1372)
		at org.apache.catalina.loader.WebappClassLoaderBase.loadClass(WebappClassLoaderBase.java:1195)
		at org.apache.catalina.core.DefaultInstanceManager.loadClass(DefaultInstanceManager.java:545)
		at org.apache.catalina.core.DefaultInstanceManager.loadClassMaybePrivileged(DefaultInstanceManager.java:526)
		at org.apache.catalina.core.DefaultInstanceManager.newInstance(DefaultInstanceManager.java:150)
		at org.apache.catalina.core.StandardContext.listenerStart(StandardContext.java:4632)
		at org.apache.catalina.core.StandardContext.startInternal(StandardContext.java:5174)
		at org.apache.catalina.util.LifecycleBase.start(LifecycleBase.java:196)
		at org.apache.catalina.core.ContainerBase.addChildInternal(ContainerBase.java:682)
		at org.apache.catalina.core.ContainerBase.addChild(ContainerBase.java:652)
		at org.apache.catalina.core.StandardHost.addChild(StandardHost.java:708)
		at org.apache.catalina.startup.HostConfig.deployDirectory(HostConfig.java:1081)
		at org.apache.catalina.startup.HostConfig$DeployDirectory.run(HostConfig.java:1798)
		at java.util.concurrent.Executors$RunnableAdapter.call(Executors.java:511)
		at java.util.concurrent.FutureTask.run$$$capture(FutureTask.java:266)
		at java.util.concurrent.FutureTask.run(FutureTask.java)
		at java.util.concurrent.ThreadPoolExecutor.runWorker(ThreadPoolExecutor.java:1149)
		at java.util.concurrent.ThreadPoolExecutor$Worker.run(ThreadPoolExecutor.java:624)
		at java.lang.Thread.run(Thread.java:748)
05-Mar-2021 09:13:47.624 严重 [localhost-startStop-1] org.apache.catalina.core.StandardContext.listenerStart ç±äºä»¥åçéè¯¯ï¼å·²è·³è¿å®è£åºç¨ç¨åºä¾¦å¬å¨
05-Mar-2021 15:03:38.762 严重 [localhost-startStop-1] org.apache.catalina.core.StandardContext.listenerStart éç½®åºç¨ç¨åºçå¬å¨[listeners.ContextListener]éè¯¯
	java.lang.ClassNotFoundException: listeners.ContextListener
		at org.apache.catalina.loader.WebappClassLoaderBase.loadClass(WebappClassLoaderBase.java:1372)
		at org.apache.catalina.loader.WebappClassLoaderBase.loadClass(WebappClassLoaderBase.java:1195)
		at org.apache.catalina.core.DefaultInstanceManager.loadClass(DefaultInstanceManager.java:545)
		at org.apache.catalina.core.DefaultInstanceManager.loadClassMaybePrivileged(DefaultInstanceManager.java:526)
		at org.apache.catalina.core.DefaultInstanceManager.newInstance(DefaultInstanceManager.java:150)
		at org.apache.catalina.core.StandardContext.listenerStart(StandardContext.java:4632)
		at org.apache.catalina.core.StandardContext.startInternal(StandardContext.java:5174)
		at org.apache.catalina.util.LifecycleBase.start(LifecycleBase.java:196)
		at org.apache.catalina.core.ContainerBase.addChildInternal(ContainerBase.java:682)
		at org.apache.catalina.core.ContainerBase.addChild(ContainerBase.java:652)
		at org.apache.catalina.core.StandardHost.addChild(StandardHost.java:708)
		at org.apache.catalina.startup.HostConfig.deployDirectory(HostConfig.java:1081)
		at org.apache.catalina.startup.HostConfig$DeployDirectory.run(HostConfig.java:1798)
		at java.util.concurrent.Executors$RunnableAdapter.call(Executors.java:511)
		at java.util.concurrent.FutureTask.run$$$capture(FutureTask.java:266)
		at java.util.concurrent.FutureTask.run(FutureTask.java)
		at java.util.concurrent.ThreadPoolExecutor.runWorker(ThreadPoolExecutor.java:1149)
		at java.util.concurrent.ThreadPoolExecutor$Worker.run(ThreadPoolExecutor.java:624)
		at java.lang.Thread.run(Thread.java:748)
05-Mar-2021 15:03:38.764 严重 [localhost-startStop-1] org.apache.catalina.core.StandardContext.listenerStart éç½®åºç¨ç¨åºçå¬å¨[listeners.SessionListener]éè¯¯
	java.lang.ClassNotFoundException: listeners.SessionListener
		at org.apache.catalina.loader.WebappClassLoaderBase.loadClass(WebappClassLoaderBase.java:1372)
		at org.apache.catalina.loader.WebappClassLoaderBase.loadClass(WebappClassLoaderBase.java:1195)
		at org.apache.catalina.core.DefaultInstanceManager.loadClass(DefaultInstanceManager.java:545)
		at org.apache.catalina.core.DefaultInstanceManager.loadClassMaybePrivileged(DefaultInstanceManager.java:526)
		at org.apache.catalina.core.DefaultInstanceManager.newInstance(DefaultInstanceManager.java:150)
		at org.apache.catalina.core.StandardContext.listenerStart(StandardContext.java:4632)
		at org.apache.catalina.core.StandardContext.startInternal(StandardContext.java:5174)
		at org.apache.catalina.util.LifecycleBase.start(LifecycleBase.java:196)
		at org.apache.catalina.core.ContainerBase.addChildInternal(ContainerBase.java:682)
		at org.apache.catalina.core.ContainerBase.addChild(ContainerBase.java:652)
		at org.apache.catalina.core.StandardHost.addChild(StandardHost.java:708)
		at org.apache.catalina.startup.HostConfig.deployDirectory(HostConfig.java:1081)
		at org.apache.catalina.startup.HostConfig$DeployDirectory.run(HostConfig.java:1798)
		at java.util.concurrent.Executors$RunnableAdapter.call(Executors.java:511)
		at java.util.concurrent.FutureTask.run$$$capture(FutureTask.java:266)
		at java.util.concurrent.FutureTask.run(FutureTask.java)
		at java.util.concurrent.ThreadPoolExecutor.runWorker(ThreadPoolExecutor.java:1149)
		at java.util.concurrent.ThreadPoolExecutor$Worker.run(ThreadPoolExecutor.java:624)
		at java.lang.Thread.run(Thread.java:748)
05-Mar-2021 15:03:38.765 严重 [localhost-startStop-1] org.apache.catalina.core.StandardContext.listenerStart éç½®åºç¨ç¨åºçå¬å¨[async.AsyncStockContextListener]éè¯¯
	java.lang.ClassNotFoundException: async.AsyncStockContextListener
		at org.apache.catalina.loader.WebappClassLoaderBase.loadClass(WebappClassLoaderBase.java:1372)
		at org.apache.catalina.loader.WebappClassLoaderBase.loadClass(WebappClassLoaderBase.java:1195)
		at org.apache.catalina.core.DefaultInstanceManager.loadClass(DefaultInstanceManager.java:545)
		at org.apache.catalina.core.DefaultInstanceManager.loadClassMaybePrivileged(DefaultInstanceManager.java:526)
		at org.apache.catalina.core.DefaultInstanceManager.newInstance(DefaultInstanceManager.java:150)
		at org.apache.catalina.core.StandardContext.listenerStart(StandardContext.java:4632)
		at org.apache.catalina.core.StandardContext.startInternal(StandardContext.java:5174)
		at org.apache.catalina.util.LifecycleBase.start(LifecycleBase.java:196)
		at org.apache.catalina.core.ContainerBase.addChildInternal(ContainerBase.java:682)
		at org.apache.catalina.core.ContainerBase.addChild(ContainerBase.java:652)
		at org.apache.catalina.core.StandardHost.addChild(StandardHost.java:708)
		at org.apache.catalina.startup.HostConfig.deployDirectory(HostConfig.java:1081)
		at org.apache.catalina.startup.HostConfig$DeployDirectory.run(HostConfig.java:1798)
		at java.util.concurrent.Executors$RunnableAdapter.call(Executors.java:511)
		at java.util.concurrent.FutureTask.run$$$capture(FutureTask.java:266)
		at java.util.concurrent.FutureTask.run(FutureTask.java)
		at java.util.concurrent.ThreadPoolExecutor.runWorker(ThreadPoolExecutor.java:1149)
		at java.util.concurrent.ThreadPoolExecutor$Worker.run(ThreadPoolExecutor.java:624)
		at java.lang.Thread.run(Thread.java:748)
05-Mar-2021 15:03:38.766 严重 [localhost-startStop-1] org.apache.catalina.core.StandardContext.listenerStart éç½®åºç¨ç¨åºçå¬å¨[websocket.drawboard.DrawboardContextListener]éè¯¯
	java.lang.ClassNotFoundException: websocket.drawboard.DrawboardContextListener
		at org.apache.catalina.loader.WebappClassLoaderBase.loadClass(WebappClassLoaderBase.java:1372)
		at org.apache.catalina.loader.WebappClassLoaderBase.loadClass(WebappClassLoaderBase.java:1195)
		at org.apache.catalina.core.DefaultInstanceManager.loadClass(DefaultInstanceManager.java:545)
		at org.apache.catalina.core.DefaultInstanceManager.loadClassMaybePrivileged(DefaultInstanceManager.java:526)
		at org.apache.catalina.core.DefaultInstanceManager.newInstance(DefaultInstanceManager.java:150)
		at org.apache.catalina.core.StandardContext.listenerStart(StandardContext.java:4632)
		at org.apache.catalina.core.StandardContext.startInternal(StandardContext.java:5174)
		at org.apache.catalina.util.LifecycleBase.start(LifecycleBase.java:196)
		at org.apache.catalina.core.ContainerBase.addChildInternal(ContainerBase.java:682)
		at org.apache.catalina.core.ContainerBase.addChild(ContainerBase.java:652)
		at org.apache.catalina.core.StandardHost.addChild(StandardHost.java:708)
		at org.apache.catalina.startup.HostConfig.deployDirectory(HostConfig.java:1081)
		at org.apache.catalina.startup.HostConfig$DeployDirectory.run(HostConfig.java:1798)
		at java.util.concurrent.Executors$RunnableAdapter.call(Executors.java:511)
		at java.util.concurrent.FutureTask.run$$$capture(FutureTask.java:266)
		at java.util.concurrent.FutureTask.run(FutureTask.java)
		at java.util.concurrent.ThreadPoolExecutor.runWorker(ThreadPoolExecutor.java:1149)
		at java.util.concurrent.ThreadPoolExecutor$Worker.run(ThreadPoolExecutor.java:624)
		at java.lang.Thread.run(Thread.java:748)
05-Mar-2021 15:03:38.766 严重 [localhost-startStop-1] org.apache.catalina.core.StandardContext.listenerStart ç±äºä»¥åçéè¯¯ï¼å·²è·³è¿å®è£åºç¨ç¨åºä¾¦å¬å¨
05-Mar-2021 15:04:12.309 严重 [localhost-startStop-1] org.apache.catalina.core.StandardContext.listenerStart éç½®åºç¨ç¨åºçå¬å¨[listeners.ContextListener]éè¯¯
	java.lang.ClassNotFoundException: listeners.ContextListener
		at org.apache.catalina.loader.WebappClassLoaderBase.loadClass(WebappClassLoaderBase.java:1372)
		at org.apache.catalina.loader.WebappClassLoaderBase.loadClass(WebappClassLoaderBase.java:1195)
		at org.apache.catalina.core.DefaultInstanceManager.loadClass(DefaultInstanceManager.java:545)
		at org.apache.catalina.core.DefaultInstanceManager.loadClassMaybePrivileged(DefaultInstanceManager.java:526)
		at org.apache.catalina.core.DefaultInstanceManager.newInstance(DefaultInstanceManager.java:150)
		at org.apache.catalina.core.StandardContext.listenerStart(StandardContext.java:4632)
		at org.apache.catalina.core.StandardContext.startInternal(StandardContext.java:5174)
		at org.apache.catalina.util.LifecycleBase.start(LifecycleBase.java:196)
		at org.apache.catalina.core.ContainerBase.addChildInternal(ContainerBase.java:682)
		at org.apache.catalina.core.ContainerBase.addChild(ContainerBase.java:652)
		at org.apache.catalina.core.StandardHost.addChild(StandardHost.java:708)
		at org.apache.catalina.startup.HostConfig.deployDirectory(HostConfig.java:1081)
		at org.apache.catalina.startup.HostConfig$DeployDirectory.run(HostConfig.java:1798)
		at java.util.concurrent.Executors$RunnableAdapter.call(Executors.java:511)
		at java.util.concurrent.FutureTask.run$$$capture(FutureTask.java:266)
		at java.util.concurrent.FutureTask.run(FutureTask.java)
		at java.util.concurrent.ThreadPoolExecutor.runWorker(ThreadPoolExecutor.java:1149)
		at java.util.concurrent.ThreadPoolExecutor$Worker.run(ThreadPoolExecutor.java:624)
		at java.lang.Thread.run(Thread.java:748)
05-Mar-2021 15:04:12.310 严重 [localhost-startStop-1] org.apache.catalina.core.StandardContext.listenerStart éç½®åºç¨ç¨åºçå¬å¨[listeners.SessionListener]éè¯¯
	java.lang.ClassNotFoundException: listeners.SessionListener
		at org.apache.catalina.loader.WebappClassLoaderBase.loadClass(WebappClassLoaderBase.java:1372)
		at org.apache.catalina.loader.WebappClassLoaderBase.loadClass(WebappClassLoaderBase.java:1195)
		at org.apache.catalina.core.DefaultInstanceManager.loadClass(DefaultInstanceManager.java:545)
		at org.apache.catalina.core.DefaultInstanceManager.loadClassMaybePrivileged(DefaultInstanceManager.java:526)
		at org.apache.catalina.core.DefaultInstanceManager.newInstance(DefaultInstanceManager.java:150)
		at org.apache.catalina.core.StandardContext.listenerStart(StandardContext.java:4632)
		at org.apache.catalina.core.StandardContext.startInternal(StandardContext.java:5174)
		at org.apache.catalina.util.LifecycleBase.start(LifecycleBase.java:196)
		at org.apache.catalina.core.ContainerBase.addChildInternal(ContainerBase.java:682)
		at org.apache.catalina.core.ContainerBase.addChild(ContainerBase.java:652)
		at org.apache.catalina.core.StandardHost.addChild(StandardHost.java:708)
		at org.apache.catalina.startup.HostConfig.deployDirectory(HostConfig.java:1081)
		at org.apache.catalina.startup.HostConfig$DeployDirectory.run(HostConfig.java:1798)
		at java.util.concurrent.Executors$RunnableAdapter.call(Executors.java:511)
		at java.util.concurrent.FutureTask.run$$$capture(FutureTask.java:266)
		at java.util.concurrent.FutureTask.run(FutureTask.java)
		at java.util.concurrent.ThreadPoolExecutor.runWorker(ThreadPoolExecutor.java:1149)
		at java.util.concurrent.ThreadPoolExecutor$Worker.run(ThreadPoolExecutor.java:624)
		at java.lang.Thread.run(Thread.java:748)
05-Mar-2021 15:04:12.311 严重 [localhost-startStop-1] org.apache.catalina.core.StandardContext.listenerStart éç½®åºç¨ç¨åºçå¬å¨[async.AsyncStockContextListener]éè¯¯
	java.lang.ClassNotFoundException: async.AsyncStockContextListener
		at org.apache.catalina.loader.WebappClassLoaderBase.loadClass(WebappClassLoaderBase.java:1372)
		at org.apache.catalina.loader.WebappClassLoaderBase.loadClass(WebappClassLoaderBase.java:1195)
		at org.apache.catalina.core.DefaultInstanceManager.loadClass(DefaultInstanceManager.java:545)
		at org.apache.catalina.core.DefaultInstanceManager.loadClassMaybePrivileged(DefaultInstanceManager.java:526)
		at org.apache.catalina.core.DefaultInstanceManager.newInstance(DefaultInstanceManager.java:150)
		at org.apache.catalina.core.StandardContext.listenerStart(StandardContext.java:4632)
		at org.apache.catalina.core.StandardContext.startInternal(StandardContext.java:5174)
		at org.apache.catalina.util.LifecycleBase.start(LifecycleBase.java:196)
		at org.apache.catalina.core.ContainerBase.addChildInternal(ContainerBase.java:682)
		at org.apache.catalina.core.ContainerBase.addChild(ContainerBase.java:652)
		at org.apache.catalina.core.StandardHost.addChild(StandardHost.java:708)
		at org.apache.catalina.startup.HostConfig.deployDirectory(HostConfig.java:1081)
		at org.apache.catalina.startup.HostConfig$DeployDirectory.run(HostConfig.java:1798)
		at java.util.concurrent.Executors$RunnableAdapter.call(Executors.java:511)
		at java.util.concurrent.FutureTask.run$$$capture(FutureTask.java:266)
		at java.util.concurrent.FutureTask.run(FutureTask.java)
		at java.util.concurrent.ThreadPoolExecutor.runWorker(ThreadPoolExecutor.java:1149)
		at java.util.concurrent.ThreadPoolExecutor$Worker.run(ThreadPoolExecutor.java:624)
		at java.lang.Thread.run(Thread.java:748)
05-Mar-2021 15:04:12.312 严重 [localhost-startStop-1] org.apache.catalina.core.StandardContext.listenerStart éç½®åºç¨ç¨åºçå¬å¨[websocket.drawboard.DrawboardContextListener]éè¯¯
	java.lang.ClassNotFoundException: websocket.drawboard.DrawboardContextListener
		at org.apache.catalina.loader.WebappClassLoaderBase.loadClass(WebappClassLoaderBase.java:1372)
		at org.apache.catalina.loader.WebappClassLoaderBase.loadClass(WebappClassLoaderBase.java:1195)
		at org.apache.catalina.core.DefaultInstanceManager.loadClass(DefaultInstanceManager.java:545)
		at org.apache.catalina.core.DefaultInstanceManager.loadClassMaybePrivileged(DefaultInstanceManager.java:526)
		at org.apache.catalina.core.DefaultInstanceManager.newInstance(DefaultInstanceManager.java:150)
		at org.apache.catalina.core.StandardContext.listenerStart(StandardContext.java:4632)
		at org.apache.catalina.core.StandardContext.startInternal(StandardContext.java:5174)
		at org.apache.catalina.util.LifecycleBase.start(LifecycleBase.java:196)
		at org.apache.catalina.core.ContainerBase.addChildInternal(ContainerBase.java:682)
		at org.apache.catalina.core.ContainerBase.addChild(ContainerBase.java:652)
		at org.apache.catalina.core.StandardHost.addChild(StandardHost.java:708)
		at org.apache.catalina.startup.HostConfig.deployDirectory(HostConfig.java:1081)
		at org.apache.catalina.startup.HostConfig$DeployDirectory.run(HostConfig.java:1798)
		at java.util.concurrent.Executors$RunnableAdapter.call(Executors.java:511)
		at java.util.concurrent.FutureTask.run$$$capture(FutureTask.java:266)
		at java.util.concurrent.FutureTask.run(FutureTask.java)
		at java.util.concurrent.ThreadPoolExecutor.runWorker(ThreadPoolExecutor.java:1149)
		at java.util.concurrent.ThreadPoolExecutor$Worker.run(ThreadPoolExecutor.java:624)
		at java.lang.Thread.run(Thread.java:748)
05-Mar-2021 15:04:12.312 严重 [localhost-startStop-1] org.apache.catalina.core.StandardContext.listenerStart ç±äºä»¥åçéè¯¯ï¼å·²è·³è¿å®è£åºç¨ç¨åºä¾¦å¬å¨
05-Mar-2021 15:05:48.108 严重 [localhost-startStop-1] org.apache.catalina.core.StandardContext.listenerStart éç½®åºç¨ç¨åºçå¬å¨[listeners.ContextListener]éè¯¯
	java.lang.ClassNotFoundException: listeners.ContextListener
		at org.apache.catalina.loader.WebappClassLoaderBase.loadClass(WebappClassLoaderBase.java:1372)
		at org.apache.catalina.loader.WebappClassLoaderBase.loadClass(WebappClassLoaderBase.java:1195)
		at org.apache.catalina.core.DefaultInstanceManager.loadClass(DefaultInstanceManager.java:545)
		at org.apache.catalina.core.DefaultInstanceManager.loadClassMaybePrivileged(DefaultInstanceManager.java:526)
		at org.apache.catalina.core.DefaultInstanceManager.newInstance(DefaultInstanceManager.java:150)
		at org.apache.catalina.core.StandardContext.listenerStart(StandardContext.java:4632)
		at org.apache.catalina.core.StandardContext.startInternal(StandardContext.java:5174)
		at org.apache.catalina.util.LifecycleBase.start(LifecycleBase.java:196)
		at org.apache.catalina.core.ContainerBase.addChildInternal(ContainerBase.java:682)
		at org.apache.catalina.core.ContainerBase.addChild(ContainerBase.java:652)
		at org.apache.catalina.core.StandardHost.addChild(StandardHost.java:708)
		at org.apache.catalina.startup.HostConfig.deployDirectory(HostConfig.java:1081)
		at org.apache.catalina.startup.HostConfig$DeployDirectory.run(HostConfig.java:1798)
		at java.util.concurrent.Executors$RunnableAdapter.call(Executors.java:511)
		at java.util.concurrent.FutureTask.run$$$capture(FutureTask.java:266)
		at java.util.concurrent.FutureTask.run(FutureTask.java)
		at java.util.concurrent.ThreadPoolExecutor.runWorker(ThreadPoolExecutor.java:1149)
		at java.util.concurrent.ThreadPoolExecutor$Worker.run(ThreadPoolExecutor.java:624)
		at java.lang.Thread.run(Thread.java:748)
05-Mar-2021 15:05:48.109 严重 [localhost-startStop-1] org.apache.catalina.core.StandardContext.listenerStart éç½®åºç¨ç¨åºçå¬å¨[listeners.SessionListener]éè¯¯
	java.lang.ClassNotFoundException: listeners.SessionListener
		at org.apache.catalina.loader.WebappClassLoaderBase.loadClass(WebappClassLoaderBase.java:1372)
		at org.apache.catalina.loader.WebappClassLoaderBase.loadClass(WebappClassLoaderBase.java:1195)
		at org.apache.catalina.core.DefaultInstanceManager.loadClass(DefaultInstanceManager.java:545)
		at org.apache.catalina.core.DefaultInstanceManager.loadClassMaybePrivileged(DefaultInstanceManager.java:526)
		at org.apache.catalina.core.DefaultInstanceManager.newInstance(DefaultInstanceManager.java:150)
		at org.apache.catalina.core.StandardContext.listenerStart(StandardContext.java:4632)
		at org.apache.catalina.core.StandardContext.startInternal(StandardContext.java:5174)
		at org.apache.catalina.util.LifecycleBase.start(LifecycleBase.java:196)
		at org.apache.catalina.core.ContainerBase.addChildInternal(ContainerBase.java:682)
		at org.apache.catalina.core.ContainerBase.addChild(ContainerBase.java:652)
		at org.apache.catalina.core.StandardHost.addChild(StandardHost.java:708)
		at org.apache.catalina.startup.HostConfig.deployDirectory(HostConfig.java:1081)
		at org.apache.catalina.startup.HostConfig$DeployDirectory.run(HostConfig.java:1798)
		at java.util.concurrent.Executors$RunnableAdapter.call(Executors.java:511)
		at java.util.concurrent.FutureTask.run$$$capture(FutureTask.java:266)
		at java.util.concurrent.FutureTask.run(FutureTask.java)
		at java.util.concurrent.ThreadPoolExecutor.runWorker(ThreadPoolExecutor.java:1149)
		at java.util.concurrent.ThreadPoolExecutor$Worker.run(ThreadPoolExecutor.java:624)
		at java.lang.Thread.run(Thread.java:748)
05-Mar-2021 15:05:48.110 严重 [localhost-startStop-1] org.apache.catalina.core.StandardContext.listenerStart éç½®åºç¨ç¨åºçå¬å¨[async.AsyncStockContextListener]éè¯¯
	java.lang.ClassNotFoundException: async.AsyncStockContextListener
		at org.apache.catalina.loader.WebappClassLoaderBase.loadClass(WebappClassLoaderBase.java:1372)
		at org.apache.catalina.loader.WebappClassLoaderBase.loadClass(WebappClassLoaderBase.java:1195)
		at org.apache.catalina.core.DefaultInstanceManager.loadClass(DefaultInstanceManager.java:545)
		at org.apache.catalina.core.DefaultInstanceManager.loadClassMaybePrivileged(DefaultInstanceManager.java:526)
		at org.apache.catalina.core.DefaultInstanceManager.newInstance(DefaultInstanceManager.java:150)
		at org.apache.catalina.core.StandardContext.listenerStart(StandardContext.java:4632)
		at org.apache.catalina.core.StandardContext.startInternal(StandardContext.java:5174)
		at org.apache.catalina.util.LifecycleBase.start(LifecycleBase.java:196)
		at org.apache.catalina.core.ContainerBase.addChildInternal(ContainerBase.java:682)
		at org.apache.catalina.core.ContainerBase.addChild(ContainerBase.java:652)
		at org.apache.catalina.core.StandardHost.addChild(StandardHost.java:708)
		at org.apache.catalina.startup.HostConfig.deployDirectory(HostConfig.java:1081)
		at org.apache.catalina.startup.HostConfig$DeployDirectory.run(HostConfig.java:1798)
		at java.util.concurrent.Executors$RunnableAdapter.call(Executors.java:511)
		at java.util.concurrent.FutureTask.run$$$capture(FutureTask.java:266)
		at java.util.concurrent.FutureTask.run(FutureTask.java)
		at java.util.concurrent.ThreadPoolExecutor.runWorker(ThreadPoolExecutor.java:1149)
		at java.util.concurrent.ThreadPoolExecutor$Worker.run(ThreadPoolExecutor.java:624)
		at java.lang.Thread.run(Thread.java:748)
05-Mar-2021 15:05:48.111 严重 [localhost-startStop-1] org.apache.catalina.core.StandardContext.listenerStart éç½®åºç¨ç¨åºçå¬å¨[websocket.drawboard.DrawboardContextListener]éè¯¯
	java.lang.ClassNotFoundException: websocket.drawboard.DrawboardContextListener
		at org.apache.catalina.loader.WebappClassLoaderBase.loadClass(WebappClassLoaderBase.java:1372)
		at org.apache.catalina.loader.WebappClassLoaderBase.loadClass(WebappClassLoaderBase.java:1195)
		at org.apache.catalina.core.DefaultInstanceManager.loadClass(DefaultInstanceManager.java:545)
		at org.apache.catalina.core.DefaultInstanceManager.loadClassMaybePrivileged(DefaultInstanceManager.java:526)
		at org.apache.catalina.core.DefaultInstanceManager.newInstance(DefaultInstanceManager.java:150)
		at org.apache.catalina.core.StandardContext.listenerStart(StandardContext.java:4632)
		at org.apache.catalina.core.StandardContext.startInternal(StandardContext.java:5174)
		at org.apache.catalina.util.LifecycleBase.start(LifecycleBase.java:196)
		at org.apache.catalina.core.ContainerBase.addChildInternal(ContainerBase.java:682)
		at org.apache.catalina.core.ContainerBase.addChild(ContainerBase.java:652)
		at org.apache.catalina.core.StandardHost.addChild(StandardHost.java:708)
		at org.apache.catalina.startup.HostConfig.deployDirectory(HostConfig.java:1081)
		at org.apache.catalina.startup.HostConfig$DeployDirectory.run(HostConfig.java:1798)
		at java.util.concurrent.Executors$RunnableAdapter.call(Executors.java:511)
		at java.util.concurrent.FutureTask.run$$$capture(FutureTask.java:266)
		at java.util.concurrent.FutureTask.run(FutureTask.java)
		at java.util.concurrent.ThreadPoolExecutor.runWorker(ThreadPoolExecutor.java:1149)
		at java.util.concurrent.ThreadPoolExecutor$Worker.run(ThreadPoolExecutor.java:624)
		at java.lang.Thread.run(Thread.java:748)
05-Mar-2021 15:05:48.111 严重 [localhost-startStop-1] org.apache.catalina.core.StandardContext.listenerStart ç±äºä»¥åçéè¯¯ï¼å·²è·³è¿å®è£åºç¨ç¨åºä¾¦å¬å¨
05-Mar-2021 15:06:04.436 严重 [localhost-startStop-1] org.apache.catalina.core.StandardContext.listenerStart éç½®åºç¨ç¨åºçå¬å¨[listeners.ContextListener]éè¯¯
	java.lang.ClassNotFoundException: listeners.ContextListener
		at org.apache.catalina.loader.WebappClassLoaderBase.loadClass(WebappClassLoaderBase.java:1372)
		at org.apache.catalina.loader.WebappClassLoaderBase.loadClass(WebappClassLoaderBase.java:1195)
		at org.apache.catalina.core.DefaultInstanceManager.loadClass(DefaultInstanceManager.java:545)
		at org.apache.catalina.core.DefaultInstanceManager.loadClassMaybePrivileged(DefaultInstanceManager.java:526)
		at org.apache.catalina.core.DefaultInstanceManager.newInstance(DefaultInstanceManager.java:150)
		at org.apache.catalina.core.StandardContext.listenerStart(StandardContext.java:4632)
		at org.apache.catalina.core.StandardContext.startInternal(StandardContext.java:5174)
		at org.apache.catalina.util.LifecycleBase.start(LifecycleBase.java:196)
		at org.apache.catalina.core.ContainerBase.addChildInternal(ContainerBase.java:682)
		at org.apache.catalina.core.ContainerBase.addChild(ContainerBase.java:652)
		at org.apache.catalina.core.StandardHost.addChild(StandardHost.java:708)
		at org.apache.catalina.startup.HostConfig.deployDirectory(HostConfig.java:1081)
		at org.apache.catalina.startup.HostConfig$DeployDirectory.run(HostConfig.java:1798)
		at java.util.concurrent.Executors$RunnableAdapter.call(Executors.java:511)
		at java.util.concurrent.FutureTask.run$$$capture(FutureTask.java:266)
		at java.util.concurrent.FutureTask.run(FutureTask.java)
		at java.util.concurrent.ThreadPoolExecutor.runWorker(ThreadPoolExecutor.java:1149)
		at java.util.concurrent.ThreadPoolExecutor$Worker.run(ThreadPoolExecutor.java:624)
		at java.lang.Thread.run(Thread.java:748)
05-Mar-2021 15:06:04.437 严重 [localhost-startStop-1] org.apache.catalina.core.StandardContext.listenerStart éç½®åºç¨ç¨åºçå¬å¨[listeners.SessionListener]éè¯¯
	java.lang.ClassNotFoundException: listeners.SessionListener
		at org.apache.catalina.loader.WebappClassLoaderBase.loadClass(WebappClassLoaderBase.java:1372)
		at org.apache.catalina.loader.WebappClassLoaderBase.loadClass(WebappClassLoaderBase.java:1195)
		at org.apache.catalina.core.DefaultInstanceManager.loadClass(DefaultInstanceManager.java:545)
		at org.apache.catalina.core.DefaultInstanceManager.loadClassMaybePrivileged(DefaultInstanceManager.java:526)
		at org.apache.catalina.core.DefaultInstanceManager.newInstance(DefaultInstanceManager.java:150)
		at org.apache.catalina.core.StandardContext.listenerStart(StandardContext.java:4632)
		at org.apache.catalina.core.StandardContext.startInternal(StandardContext.java:5174)
		at org.apache.catalina.util.LifecycleBase.start(LifecycleBase.java:196)
		at org.apache.catalina.core.ContainerBase.addChildInternal(ContainerBase.java:682)
		at org.apache.catalina.core.ContainerBase.addChild(ContainerBase.java:652)
		at org.apache.catalina.core.StandardHost.addChild(StandardHost.java:708)
		at org.apache.catalina.startup.HostConfig.deployDirectory(HostConfig.java:1081)
		at org.apache.catalina.startup.HostConfig$DeployDirectory.run(HostConfig.java:1798)
		at java.util.concurrent.Executors$RunnableAdapter.call(Executors.java:511)
		at java.util.concurrent.FutureTask.run$$$capture(FutureTask.java:266)
		at java.util.concurrent.FutureTask.run(FutureTask.java)
		at java.util.concurrent.ThreadPoolExecutor.runWorker(ThreadPoolExecutor.java:1149)
		at java.util.concurrent.ThreadPoolExecutor$Worker.run(ThreadPoolExecutor.java:624)
		at java.lang.Thread.run(Thread.java:748)
05-Mar-2021 15:06:04.439 严重 [localhost-startStop-1] org.apache.catalina.core.StandardContext.listenerStart éç½®åºç¨ç¨åºçå¬å¨[async.AsyncStockContextListener]éè¯¯
	java.lang.ClassNotFoundException: async.AsyncStockContextListener
		at org.apache.catalina.loader.WebappClassLoaderBase.loadClass(WebappClassLoaderBase.java:1372)
		at org.apache.catalina.loader.WebappClassLoaderBase.loadClass(WebappClassLoaderBase.java:1195)
		at org.apache.catalina.core.DefaultInstanceManager.loadClass(DefaultInstanceManager.java:545)
		at org.apache.catalina.core.DefaultInstanceManager.loadClassMaybePrivileged(DefaultInstanceManager.java:526)
		at org.apache.catalina.core.DefaultInstanceManager.newInstance(DefaultInstanceManager.java:150)
		at org.apache.catalina.core.StandardContext.listenerStart(StandardContext.java:4632)
		at org.apache.catalina.core.StandardContext.startInternal(StandardContext.java:5174)
		at org.apache.catalina.util.LifecycleBase.start(LifecycleBase.java:196)
		at org.apache.catalina.core.ContainerBase.addChildInternal(ContainerBase.java:682)
		at org.apache.catalina.core.ContainerBase.addChild(ContainerBase.java:652)
		at org.apache.catalina.core.StandardHost.addChild(StandardHost.java:708)
		at org.apache.catalina.startup.HostConfig.deployDirectory(HostConfig.java:1081)
		at org.apache.catalina.startup.HostConfig$DeployDirectory.run(HostConfig.java:1798)
		at java.util.concurrent.Executors$RunnableAdapter.call(Executors.java:511)
		at java.util.concurrent.FutureTask.run$$$capture(FutureTask.java:266)
		at java.util.concurrent.FutureTask.run(FutureTask.java)
		at java.util.concurrent.ThreadPoolExecutor.runWorker(ThreadPoolExecutor.java:1149)
		at java.util.concurrent.ThreadPoolExecutor$Worker.run(ThreadPoolExecutor.java:624)
		at java.lang.Thread.run(Thread.java:748)
05-Mar-2021 15:06:04.440 严重 [localhost-startStop-1] org.apache.catalina.core.StandardContext.listenerStart éç½®åºç¨ç¨åºçå¬å¨[websocket.drawboard.DrawboardContextListener]éè¯¯
	java.lang.ClassNotFoundException: websocket.drawboard.DrawboardContextListener
		at org.apache.catalina.loader.WebappClassLoaderBase.loadClass(WebappClassLoaderBase.java:1372)
		at org.apache.catalina.loader.WebappClassLoaderBase.loadClass(WebappClassLoaderBase.java:1195)
		at org.apache.catalina.core.DefaultInstanceManager.loadClass(DefaultInstanceManager.java:545)
		at org.apache.catalina.core.DefaultInstanceManager.loadClassMaybePrivileged(DefaultInstanceManager.java:526)
		at org.apache.catalina.core.DefaultInstanceManager.newInstance(DefaultInstanceManager.java:150)
		at org.apache.catalina.core.StandardContext.listenerStart(StandardContext.java:4632)
		at org.apache.catalina.core.StandardContext.startInternal(StandardContext.java:5174)
		at org.apache.catalina.util.LifecycleBase.start(LifecycleBase.java:196)
		at org.apache.catalina.core.ContainerBase.addChildInternal(ContainerBase.java:682)
		at org.apache.catalina.core.ContainerBase.addChild(ContainerBase.java:652)
		at org.apache.catalina.core.StandardHost.addChild(StandardHost.java:708)
		at org.apache.catalina.startup.HostConfig.deployDirectory(HostConfig.java:1081)
		at org.apache.catalina.startup.HostConfig$DeployDirectory.run(HostConfig.java:1798)
		at java.util.concurrent.Executors$RunnableAdapter.call(Executors.java:511)
		at java.util.concurrent.FutureTask.run$$$capture(FutureTask.java:266)
		at java.util.concurrent.FutureTask.run(FutureTask.java)
		at java.util.concurrent.ThreadPoolExecutor.runWorker(ThreadPoolExecutor.java:1149)
		at java.util.concurrent.ThreadPoolExecutor$Worker.run(ThreadPoolExecutor.java:624)
		at java.lang.Thread.run(Thread.java:748)
05-Mar-2021 15:06:04.440 严重 [localhost-startStop-1] org.apache.catalina.core.StandardContext.listenerStart ç±äºä»¥åçéè¯¯ï¼å·²è·³è¿å®è£åºç¨ç¨åºä¾¦å¬å¨
05-Mar-2021 15:35:44.188 严重 [localhost-startStop-1] org.apache.catalina.core.StandardContext.listenerStart éç½®åºç¨ç¨åºçå¬å¨[listeners.ContextListener]éè¯¯
	java.lang.ClassNotFoundException: listeners.ContextListener
		at org.apache.catalina.loader.WebappClassLoaderBase.loadClass(WebappClassLoaderBase.java:1372)
		at org.apache.catalina.loader.WebappClassLoaderBase.loadClass(WebappClassLoaderBase.java:1195)
		at org.apache.catalina.core.DefaultInstanceManager.loadClass(DefaultInstanceManager.java:545)
		at org.apache.catalina.core.DefaultInstanceManager.loadClassMaybePrivileged(DefaultInstanceManager.java:526)
		at org.apache.catalina.core.DefaultInstanceManager.newInstance(DefaultInstanceManager.java:150)
		at org.apache.catalina.core.StandardContext.listenerStart(StandardContext.java:4632)
		at org.apache.catalina.core.StandardContext.startInternal(StandardContext.java:5174)
		at org.apache.catalina.util.LifecycleBase.start(LifecycleBase.java:196)
		at org.apache.catalina.core.ContainerBase.addChildInternal(ContainerBase.java:682)
		at org.apache.catalina.core.ContainerBase.addChild(ContainerBase.java:652)
		at org.apache.catalina.core.StandardHost.addChild(StandardHost.java:708)
		at org.apache.catalina.startup.HostConfig.deployDirectory(HostConfig.java:1081)
		at org.apache.catalina.startup.HostConfig$DeployDirectory.run(HostConfig.java:1798)
		at java.util.concurrent.Executors$RunnableAdapter.call(Executors.java:511)
		at java.util.concurrent.FutureTask.run$$$capture(FutureTask.java:266)
		at java.util.concurrent.FutureTask.run(FutureTask.java)
		at java.util.concurrent.ThreadPoolExecutor.runWorker(ThreadPoolExecutor.java:1149)
		at java.util.concurrent.ThreadPoolExecutor$Worker.run(ThreadPoolExecutor.java:624)
		at java.lang.Thread.run(Thread.java:748)
05-Mar-2021 15:35:44.189 严重 [localhost-startStop-1] org.apache.catalina.core.StandardContext.listenerStart éç½®åºç¨ç¨åºçå¬å¨[listeners.SessionListener]éè¯¯
	java.lang.ClassNotFoundException: listeners.SessionListener
		at org.apache.catalina.loader.WebappClassLoaderBase.loadClass(WebappClassLoaderBase.java:1372)
		at org.apache.catalina.loader.WebappClassLoaderBase.loadClass(WebappClassLoaderBase.java:1195)
		at org.apache.catalina.core.DefaultInstanceManager.loadClass(DefaultInstanceManager.java:545)
		at org.apache.catalina.core.DefaultInstanceManager.loadClassMaybePrivileged(DefaultInstanceManager.java:526)
		at org.apache.catalina.core.DefaultInstanceManager.newInstance(DefaultInstanceManager.java:150)
		at org.apache.catalina.core.StandardContext.listenerStart(StandardContext.java:4632)
		at org.apache.catalina.core.StandardContext.startInternal(StandardContext.java:5174)
		at org.apache.catalina.util.LifecycleBase.start(LifecycleBase.java:196)
		at org.apache.catalina.core.ContainerBase.addChildInternal(ContainerBase.java:682)
		at org.apache.catalina.core.ContainerBase.addChild(ContainerBase.java:652)
		at org.apache.catalina.core.StandardHost.addChild(StandardHost.java:708)
		at org.apache.catalina.startup.HostConfig.deployDirectory(HostConfig.java:1081)
		at org.apache.catalina.startup.HostConfig$DeployDirectory.run(HostConfig.java:1798)
		at java.util.concurrent.Executors$RunnableAdapter.call(Executors.java:511)
		at java.util.concurrent.FutureTask.run$$$capture(FutureTask.java:266)
		at java.util.concurrent.FutureTask.run(FutureTask.java)
		at java.util.concurrent.ThreadPoolExecutor.runWorker(ThreadPoolExecutor.java:1149)
		at java.util.concurrent.ThreadPoolExecutor$Worker.run(ThreadPoolExecutor.java:624)
		at java.lang.Thread.run(Thread.java:748)
05-Mar-2021 15:35:44.190 严重 [localhost-startStop-1] org.apache.catalina.core.StandardContext.listenerStart éç½®åºç¨ç¨åºçå¬å¨[async.AsyncStockContextListener]éè¯¯
	java.lang.ClassNotFoundException: async.AsyncStockContextListener
		at org.apache.catalina.loader.WebappClassLoaderBase.loadClass(WebappClassLoaderBase.java:1372)
		at org.apache.catalina.loader.WebappClassLoaderBase.loadClass(WebappClassLoaderBase.java:1195)
		at org.apache.catalina.core.DefaultInstanceManager.loadClass(DefaultInstanceManager.java:545)
		at org.apache.catalina.core.DefaultInstanceManager.loadClassMaybePrivileged(DefaultInstanceManager.java:526)
		at org.apache.catalina.core.DefaultInstanceManager.newInstance(DefaultInstanceManager.java:150)
		at org.apache.catalina.core.StandardContext.listenerStart(StandardContext.java:4632)
		at org.apache.catalina.core.StandardContext.startInternal(StandardContext.java:5174)
		at org.apache.catalina.util.LifecycleBase.start(LifecycleBase.java:196)
		at org.apache.catalina.core.ContainerBase.addChildInternal(ContainerBase.java:682)
		at org.apache.catalina.core.ContainerBase.addChild(ContainerBase.java:652)
		at org.apache.catalina.core.StandardHost.addChild(StandardHost.java:708)
		at org.apache.catalina.startup.HostConfig.deployDirectory(HostConfig.java:1081)
		at org.apache.catalina.startup.HostConfig$DeployDirectory.run(HostConfig.java:1798)
		at java.util.concurrent.Executors$RunnableAdapter.call(Executors.java:511)
		at java.util.concurrent.FutureTask.run$$$capture(FutureTask.java:266)
		at java.util.concurrent.FutureTask.run(FutureTask.java)
		at java.util.concurrent.ThreadPoolExecutor.runWorker(ThreadPoolExecutor.java:1149)
		at java.util.concurrent.ThreadPoolExecutor$Worker.run(ThreadPoolExecutor.java:624)
		at java.lang.Thread.run(Thread.java:748)
05-Mar-2021 15:35:44.191 严重 [localhost-startStop-1] org.apache.catalina.core.StandardContext.listenerStart éç½®åºç¨ç¨åºçå¬å¨[websocket.drawboard.DrawboardContextListener]éè¯¯
	java.lang.ClassNotFoundException: websocket.drawboard.DrawboardContextListener
		at org.apache.catalina.loader.WebappClassLoaderBase.loadClass(WebappClassLoaderBase.java:1372)
		at org.apache.catalina.loader.WebappClassLoaderBase.loadClass(WebappClassLoaderBase.java:1195)
		at org.apache.catalina.core.DefaultInstanceManager.loadClass(DefaultInstanceManager.java:545)
		at org.apache.catalina.core.DefaultInstanceManager.loadClassMaybePrivileged(DefaultInstanceManager.java:526)
		at org.apache.catalina.core.DefaultInstanceManager.newInstance(DefaultInstanceManager.java:150)
		at org.apache.catalina.core.StandardContext.listenerStart(StandardContext.java:4632)
		at org.apache.catalina.core.StandardContext.startInternal(StandardContext.java:5174)
		at org.apache.catalina.util.LifecycleBase.start(LifecycleBase.java:196)
		at org.apache.catalina.core.ContainerBase.addChildInternal(ContainerBase.java:682)
		at org.apache.catalina.core.ContainerBase.addChild(ContainerBase.java:652)
		at org.apache.catalina.core.StandardHost.addChild(StandardHost.java:708)
		at org.apache.catalina.startup.HostConfig.deployDirectory(HostConfig.java:1081)
		at org.apache.catalina.startup.HostConfig$DeployDirectory.run(HostConfig.java:1798)
		at java.util.concurrent.Executors$RunnableAdapter.call(Executors.java:511)
		at java.util.concurrent.FutureTask.run$$$capture(FutureTask.java:266)
		at java.util.concurrent.FutureTask.run(FutureTask.java)
		at java.util.concurrent.ThreadPoolExecutor.runWorker(ThreadPoolExecutor.java:1149)
		at java.util.concurrent.ThreadPoolExecutor$Worker.run(ThreadPoolExecutor.java:624)
		at java.lang.Thread.run(Thread.java:748)
05-Mar-2021 15:35:44.191 严重 [localhost-startStop-1] org.apache.catalina.core.StandardContext.listenerStart ç±äºä»¥åçéè¯¯ï¼å·²è·³è¿å®è£åºç¨ç¨åºä¾¦å¬å¨
05-Mar-2021 15:35:59.893 严重 [localhost-startStop-1] org.apache.catalina.core.StandardContext.listenerStart éç½®åºç¨ç¨åºçå¬å¨[listeners.ContextListener]éè¯¯
	java.lang.ClassNotFoundException: listeners.ContextListener
		at org.apache.catalina.loader.WebappClassLoaderBase.loadClass(WebappClassLoaderBase.java:1372)
		at org.apache.catalina.loader.WebappClassLoaderBase.loadClass(WebappClassLoaderBase.java:1195)
		at org.apache.catalina.core.DefaultInstanceManager.loadClass(DefaultInstanceManager.java:545)
		at org.apache.catalina.core.DefaultInstanceManager.loadClassMaybePrivileged(DefaultInstanceManager.java:526)
		at org.apache.catalina.core.DefaultInstanceManager.newInstance(DefaultInstanceManager.java:150)
		at org.apache.catalina.core.StandardContext.listenerStart(StandardContext.java:4632)
		at org.apache.catalina.core.StandardContext.startInternal(StandardContext.java:5174)
		at org.apache.catalina.util.LifecycleBase.start(LifecycleBase.java:196)
		at org.apache.catalina.core.ContainerBase.addChildInternal(ContainerBase.java:682)
		at org.apache.catalina.core.ContainerBase.addChild(ContainerBase.java:652)
		at org.apache.catalina.core.StandardHost.addChild(StandardHost.java:708)
		at org.apache.catalina.startup.HostConfig.deployDirectory(HostConfig.java:1081)
		at org.apache.catalina.startup.HostConfig$DeployDirectory.run(HostConfig.java:1798)
		at java.util.concurrent.Executors$RunnableAdapter.call(Executors.java:511)
		at java.util.concurrent.FutureTask.run$$$capture(FutureTask.java:266)
		at java.util.concurrent.FutureTask.run(FutureTask.java)
		at java.util.concurrent.ThreadPoolExecutor.runWorker(ThreadPoolExecutor.java:1149)
		at java.util.concurrent.ThreadPoolExecutor$Worker.run(ThreadPoolExecutor.java:624)
		at java.lang.Thread.run(Thread.java:748)
05-Mar-2021 15:35:59.894 严重 [localhost-startStop-1] org.apache.catalina.core.StandardContext.listenerStart éç½®åºç¨ç¨åºçå¬å¨[listeners.SessionListener]éè¯¯
	java.lang.ClassNotFoundException: listeners.SessionListener
		at org.apache.catalina.loader.WebappClassLoaderBase.loadClass(WebappClassLoaderBase.java:1372)
		at org.apache.catalina.loader.WebappClassLoaderBase.loadClass(WebappClassLoaderBase.java:1195)
		at org.apache.catalina.core.DefaultInstanceManager.loadClass(DefaultInstanceManager.java:545)
		at org.apache.catalina.core.DefaultInstanceManager.loadClassMaybePrivileged(DefaultInstanceManager.java:526)
		at org.apache.catalina.core.DefaultInstanceManager.newInstance(DefaultInstanceManager.java:150)
		at org.apache.catalina.core.StandardContext.listenerStart(StandardContext.java:4632)
		at org.apache.catalina.core.StandardContext.startInternal(StandardContext.java:5174)
		at org.apache.catalina.util.LifecycleBase.start(LifecycleBase.java:196)
		at org.apache.catalina.core.ContainerBase.addChildInternal(ContainerBase.java:682)
		at org.apache.catalina.core.ContainerBase.addChild(ContainerBase.java:652)
		at org.apache.catalina.core.StandardHost.addChild(StandardHost.java:708)
		at org.apache.catalina.startup.HostConfig.deployDirectory(HostConfig.java:1081)
		at org.apache.catalina.startup.HostConfig$DeployDirectory.run(HostConfig.java:1798)
		at java.util.concurrent.Executors$RunnableAdapter.call(Executors.java:511)
		at java.util.concurrent.FutureTask.run$$$capture(FutureTask.java:266)
		at java.util.concurrent.FutureTask.run(FutureTask.java)
		at java.util.concurrent.ThreadPoolExecutor.runWorker(ThreadPoolExecutor.java:1149)
		at java.util.concurrent.ThreadPoolExecutor$Worker.run(ThreadPoolExecutor.java:624)
		at java.lang.Thread.run(Thread.java:748)
05-Mar-2021 15:35:59.895 严重 [localhost-startStop-1] org.apache.catalina.core.StandardContext.listenerStart éç½®åºç¨ç¨åºçå¬å¨[async.AsyncStockContextListener]éè¯¯
	java.lang.ClassNotFoundException: async.AsyncStockContextListener
		at org.apache.catalina.loader.WebappClassLoaderBase.loadClass(WebappClassLoaderBase.java:1372)
		at org.apache.catalina.loader.WebappClassLoaderBase.loadClass(WebappClassLoaderBase.java:1195)
		at org.apache.catalina.core.DefaultInstanceManager.loadClass(DefaultInstanceManager.java:545)
		at org.apache.catalina.core.DefaultInstanceManager.loadClassMaybePrivileged(DefaultInstanceManager.java:526)
		at org.apache.catalina.core.DefaultInstanceManager.newInstance(DefaultInstanceManager.java:150)
		at org.apache.catalina.core.StandardContext.listenerStart(StandardContext.java:4632)
		at org.apache.catalina.core.StandardContext.startInternal(StandardContext.java:5174)
		at org.apache.catalina.util.LifecycleBase.start(LifecycleBase.java:196)
		at org.apache.catalina.core.ContainerBase.addChildInternal(ContainerBase.java:682)
		at org.apache.catalina.core.ContainerBase.addChild(ContainerBase.java:652)
		at org.apache.catalina.core.StandardHost.addChild(StandardHost.java:708)
		at org.apache.catalina.startup.HostConfig.deployDirectory(HostConfig.java:1081)
		at org.apache.catalina.startup.HostConfig$DeployDirectory.run(HostConfig.java:1798)
		at java.util.concurrent.Executors$RunnableAdapter.call(Executors.java:511)
		at java.util.concurrent.FutureTask.run$$$capture(FutureTask.java:266)
		at java.util.concurrent.FutureTask.run(FutureTask.java)
		at java.util.concurrent.ThreadPoolExecutor.runWorker(ThreadPoolExecutor.java:1149)
		at java.util.concurrent.ThreadPoolExecutor$Worker.run(ThreadPoolExecutor.java:624)
		at java.lang.Thread.run(Thread.java:748)
05-Mar-2021 15:35:59.896 严重 [localhost-startStop-1] org.apache.catalina.core.StandardContext.listenerStart éç½®åºç¨ç¨åºçå¬å¨[websocket.drawboard.DrawboardContextListener]éè¯¯
	java.lang.ClassNotFoundException: websocket.drawboard.DrawboardContextListener
		at org.apache.catalina.loader.WebappClassLoaderBase.loadClass(WebappClassLoaderBase.java:1372)
		at org.apache.catalina.loader.WebappClassLoaderBase.loadClass(WebappClassLoaderBase.java:1195)
		at org.apache.catalina.core.DefaultInstanceManager.loadClass(DefaultInstanceManager.java:545)
		at org.apache.catalina.core.DefaultInstanceManager.loadClassMaybePrivileged(DefaultInstanceManager.java:526)
		at org.apache.catalina.core.DefaultInstanceManager.newInstance(DefaultInstanceManager.java:150)
		at org.apache.catalina.core.StandardContext.listenerStart(StandardContext.java:4632)
		at org.apache.catalina.core.StandardContext.startInternal(StandardContext.java:5174)
		at org.apache.catalina.util.LifecycleBase.start(LifecycleBase.java:196)
		at org.apache.catalina.core.ContainerBase.addChildInternal(ContainerBase.java:682)
		at org.apache.catalina.core.ContainerBase.addChild(ContainerBase.java:652)
		at org.apache.catalina.core.StandardHost.addChild(StandardHost.java:708)
		at org.apache.catalina.startup.HostConfig.deployDirectory(HostConfig.java:1081)
		at org.apache.catalina.startup.HostConfig$DeployDirectory.run(HostConfig.java:1798)
		at java.util.concurrent.Executors$RunnableAdapter.call(Executors.java:511)
		at java.util.concurrent.FutureTask.run$$$capture(FutureTask.java:266)
		at java.util.concurrent.FutureTask.run(FutureTask.java)
		at java.util.concurrent.ThreadPoolExecutor.runWorker(ThreadPoolExecutor.java:1149)
		at java.util.concurrent.ThreadPoolExecutor$Worker.run(ThreadPoolExecutor.java:624)
		at java.lang.Thread.run(Thread.java:748)
05-Mar-2021 15:35:59.897 严重 [localhost-startStop-1] org.apache.catalina.core.StandardContext.listenerStart ç±äºä»¥åçéè¯¯ï¼å·²è·³è¿å®è£åºç¨ç¨åºä¾¦å¬å¨
05-Mar-2021 17:04:07.538 严重 [localhost-startStop-1] org.apache.catalina.core.StandardContext.listenerStart éç½®åºç¨ç¨åºçå¬å¨[listeners.ContextListener]éè¯¯
	java.lang.ClassNotFoundException: listeners.ContextListener
		at org.apache.catalina.loader.WebappClassLoaderBase.loadClass(WebappClassLoaderBase.java:1372)
		at org.apache.catalina.loader.WebappClassLoaderBase.loadClass(WebappClassLoaderBase.java:1195)
		at org.apache.catalina.core.DefaultInstanceManager.loadClass(DefaultInstanceManager.java:545)
		at org.apache.catalina.core.DefaultInstanceManager.loadClassMaybePrivileged(DefaultInstanceManager.java:526)
		at org.apache.catalina.core.DefaultInstanceManager.newInstance(DefaultInstanceManager.java:150)
		at org.apache.catalina.core.StandardContext.listenerStart(StandardContext.java:4632)
		at org.apache.catalina.core.StandardContext.startInternal(StandardContext.java:5174)
		at org.apache.catalina.util.LifecycleBase.start(LifecycleBase.java:196)
		at org.apache.catalina.core.ContainerBase.addChildInternal(ContainerBase.java:682)
		at org.apache.catalina.core.ContainerBase.addChild(ContainerBase.java:652)
		at org.apache.catalina.core.StandardHost.addChild(StandardHost.java:708)
		at org.apache.catalina.startup.HostConfig.deployDirectory(HostConfig.java:1081)
		at org.apache.catalina.startup.HostConfig$DeployDirectory.run(HostConfig.java:1798)
		at java.util.concurrent.Executors$RunnableAdapter.call(Executors.java:511)
		at java.util.concurrent.FutureTask.run$$$capture(FutureTask.java:266)
		at java.util.concurrent.FutureTask.run(FutureTask.java)
		at java.util.concurrent.ThreadPoolExecutor.runWorker(ThreadPoolExecutor.java:1149)
		at java.util.concurrent.ThreadPoolExecutor$Worker.run(ThreadPoolExecutor.java:624)
		at java.lang.Thread.run(Thread.java:748)
05-Mar-2021 17:04:07.539 严重 [localhost-startStop-1] org.apache.catalina.core.StandardContext.listenerStart éç½®åºç¨ç¨åºçå¬å¨[listeners.SessionListener]éè¯¯
	java.lang.ClassNotFoundException: listeners.SessionListener
		at org.apache.catalina.loader.WebappClassLoaderBase.loadClass(WebappClassLoaderBase.java:1372)
		at org.apache.catalina.loader.WebappClassLoaderBase.loadClass(WebappClassLoaderBase.java:1195)
		at org.apache.catalina.core.DefaultInstanceManager.loadClass(DefaultInstanceManager.java:545)
		at org.apache.catalina.core.DefaultInstanceManager.loadClassMaybePrivileged(DefaultInstanceManager.java:526)
		at org.apache.catalina.core.DefaultInstanceManager.newInstance(DefaultInstanceManager.java:150)
		at org.apache.catalina.core.StandardContext.listenerStart(StandardContext.java:4632)
		at org.apache.catalina.core.StandardContext.startInternal(StandardContext.java:5174)
		at org.apache.catalina.util.LifecycleBase.start(LifecycleBase.java:196)
		at org.apache.catalina.core.ContainerBase.addChildInternal(ContainerBase.java:682)
		at org.apache.catalina.core.ContainerBase.addChild(ContainerBase.java:652)
		at org.apache.catalina.core.StandardHost.addChild(StandardHost.java:708)
		at org.apache.catalina.startup.HostConfig.deployDirectory(HostConfig.java:1081)
		at org.apache.catalina.startup.HostConfig$DeployDirectory.run(HostConfig.java:1798)
		at java.util.concurrent.Executors$RunnableAdapter.call(Executors.java:511)
		at java.util.concurrent.FutureTask.run$$$capture(FutureTask.java:266)
		at java.util.concurrent.FutureTask.run(FutureTask.java)
		at java.util.concurrent.ThreadPoolExecutor.runWorker(ThreadPoolExecutor.java:1149)
		at java.util.concurrent.ThreadPoolExecutor$Worker.run(ThreadPoolExecutor.java:624)
		at java.lang.Thread.run(Thread.java:748)
05-Mar-2021 17:04:07.539 严重 [localhost-startStop-1] org.apache.catalina.core.StandardContext.listenerStart éç½®åºç¨ç¨åºçå¬å¨[async.AsyncStockContextListener]éè¯¯
	java.lang.ClassNotFoundException: async.AsyncStockContextListener
		at org.apache.catalina.loader.WebappClassLoaderBase.loadClass(WebappClassLoaderBase.java:1372)
		at org.apache.catalina.loader.WebappClassLoaderBase.loadClass(WebappClassLoaderBase.java:1195)
		at org.apache.catalina.core.DefaultInstanceManager.loadClass(DefaultInstanceManager.java:545)
		at org.apache.catalina.core.DefaultInstanceManager.loadClassMaybePrivileged(DefaultInstanceManager.java:526)
		at org.apache.catalina.core.DefaultInstanceManager.newInstance(DefaultInstanceManager.java:150)
		at org.apache.catalina.core.StandardContext.listenerStart(StandardContext.java:4632)
		at org.apache.catalina.core.StandardContext.startInternal(StandardContext.java:5174)
		at org.apache.catalina.util.LifecycleBase.start(LifecycleBase.java:196)
		at org.apache.catalina.core.ContainerBase.addChildInternal(ContainerBase.java:682)
		at org.apache.catalina.core.ContainerBase.addChild(ContainerBase.java:652)
		at org.apache.catalina.core.StandardHost.addChild(StandardHost.java:708)
		at org.apache.catalina.startup.HostConfig.deployDirectory(HostConfig.java:1081)
		at org.apache.catalina.startup.HostConfig$DeployDirectory.run(HostConfig.java:1798)
		at java.util.concurrent.Executors$RunnableAdapter.call(Executors.java:511)
		at java.util.concurrent.FutureTask.run$$$capture(FutureTask.java:266)
		at java.util.concurrent.FutureTask.run(FutureTask.java)
		at java.util.concurrent.ThreadPoolExecutor.runWorker(ThreadPoolExecutor.java:1149)
		at java.util.concurrent.ThreadPoolExecutor$Worker.run(ThreadPoolExecutor.java:624)
		at java.lang.Thread.run(Thread.java:748)
05-Mar-2021 17:04:07.540 严重 [localhost-startStop-1] org.apache.catalina.core.StandardContext.listenerStart éç½®åºç¨ç¨åºçå¬å¨[websocket.drawboard.DrawboardContextListener]éè¯¯
	java.lang.ClassNotFoundException: websocket.drawboard.DrawboardContextListener
		at org.apache.catalina.loader.WebappClassLoaderBase.loadClass(WebappClassLoaderBase.java:1372)
		at org.apache.catalina.loader.WebappClassLoaderBase.loadClass(WebappClassLoaderBase.java:1195)
		at org.apache.catalina.core.DefaultInstanceManager.loadClass(DefaultInstanceManager.java:545)
		at org.apache.catalina.core.DefaultInstanceManager.loadClassMaybePrivileged(DefaultInstanceManager.java:526)
		at org.apache.catalina.core.DefaultInstanceManager.newInstance(DefaultInstanceManager.java:150)
		at org.apache.catalina.core.StandardContext.listenerStart(StandardContext.java:4632)
		at org.apache.catalina.core.StandardContext.startInternal(StandardContext.java:5174)
		at org.apache.catalina.util.LifecycleBase.start(LifecycleBase.java:196)
		at org.apache.catalina.core.ContainerBase.addChildInternal(ContainerBase.java:682)
		at org.apache.catalina.core.ContainerBase.addChild(ContainerBase.java:652)
		at org.apache.catalina.core.StandardHost.addChild(StandardHost.java:708)
		at org.apache.catalina.startup.HostConfig.deployDirectory(HostConfig.java:1081)
		at org.apache.catalina.startup.HostConfig$DeployDirectory.run(HostConfig.java:1798)
		at java.util.concurrent.Executors$RunnableAdapter.call(Executors.java:511)
		at java.util.concurrent.FutureTask.run$$$capture(FutureTask.java:266)
		at java.util.concurrent.FutureTask.run(FutureTask.java)
		at java.util.concurrent.ThreadPoolExecutor.runWorker(ThreadPoolExecutor.java:1149)
		at java.util.concurrent.ThreadPoolExecutor$Worker.run(ThreadPoolExecutor.java:624)
		at java.lang.Thread.run(Thread.java:748)
05-Mar-2021 17:04:07.540 严重 [localhost-startStop-1] org.apache.catalina.core.StandardContext.listenerStart ç±äºä»¥åçéè¯¯ï¼å·²è·³è¿å®è£åºç¨ç¨åºä¾¦å¬å¨
05-Mar-2021 17:14:14.698 严重 [localhost-startStop-1] org.apache.catalina.core.StandardContext.listenerStart éç½®åºç¨ç¨åºçå¬å¨[listeners.ContextListener]éè¯¯
	java.lang.ClassNotFoundException: listeners.ContextListener
		at org.apache.catalina.loader.WebappClassLoaderBase.loadClass(WebappClassLoaderBase.java:1372)
		at org.apache.catalina.loader.WebappClassLoaderBase.loadClass(WebappClassLoaderBase.java:1195)
		at org.apache.catalina.core.DefaultInstanceManager.loadClass(DefaultInstanceManager.java:545)
		at org.apache.catalina.core.DefaultInstanceManager.loadClassMaybePrivileged(DefaultInstanceManager.java:526)
		at org.apache.catalina.core.DefaultInstanceManager.newInstance(DefaultInstanceManager.java:150)
		at org.apache.catalina.core.StandardContext.listenerStart(StandardContext.java:4632)
		at org.apache.catalina.core.StandardContext.startInternal(StandardContext.java:5174)
		at org.apache.catalina.util.LifecycleBase.start(LifecycleBase.java:196)
		at org.apache.catalina.core.ContainerBase.addChildInternal(ContainerBase.java:682)
		at org.apache.catalina.core.ContainerBase.addChild(ContainerBase.java:652)
		at org.apache.catalina.core.StandardHost.addChild(StandardHost.java:708)
		at org.apache.catalina.startup.HostConfig.deployDirectory(HostConfig.java:1081)
		at org.apache.catalina.startup.HostConfig$DeployDirectory.run(HostConfig.java:1798)
		at java.util.concurrent.Executors$RunnableAdapter.call(Executors.java:511)
		at java.util.concurrent.FutureTask.run$$$capture(FutureTask.java:266)
		at java.util.concurrent.FutureTask.run(FutureTask.java)
		at java.util.concurrent.ThreadPoolExecutor.runWorker(ThreadPoolExecutor.java:1149)
		at java.util.concurrent.ThreadPoolExecutor$Worker.run(ThreadPoolExecutor.java:624)
		at java.lang.Thread.run(Thread.java:748)
05-Mar-2021 17:14:14.699 严重 [localhost-startStop-1] org.apache.catalina.core.StandardContext.listenerStart éç½®åºç¨ç¨åºçå¬å¨[listeners.SessionListener]éè¯¯
	java.lang.ClassNotFoundException: listeners.SessionListener
		at org.apache.catalina.loader.WebappClassLoaderBase.loadClass(WebappClassLoaderBase.java:1372)
		at org.apache.catalina.loader.WebappClassLoaderBase.loadClass(WebappClassLoaderBase.java:1195)
		at org.apache.catalina.core.DefaultInstanceManager.loadClass(DefaultInstanceManager.java:545)
		at org.apache.catalina.core.DefaultInstanceManager.loadClassMaybePrivileged(DefaultInstanceManager.java:526)
		at org.apache.catalina.core.DefaultInstanceManager.newInstance(DefaultInstanceManager.java:150)
		at org.apache.catalina.core.StandardContext.listenerStart(StandardContext.java:4632)
		at org.apache.catalina.core.StandardContext.startInternal(StandardContext.java:5174)
		at org.apache.catalina.util.LifecycleBase.start(LifecycleBase.java:196)
		at org.apache.catalina.core.ContainerBase.addChildInternal(ContainerBase.java:682)
		at org.apache.catalina.core.ContainerBase.addChild(ContainerBase.java:652)
		at org.apache.catalina.core.StandardHost.addChild(StandardHost.java:708)
		at org.apache.catalina.startup.HostConfig.deployDirectory(HostConfig.java:1081)
		at org.apache.catalina.startup.HostConfig$DeployDirectory.run(HostConfig.java:1798)
		at java.util.concurrent.Executors$RunnableAdapter.call(Executors.java:511)
		at java.util.concurrent.FutureTask.run$$$capture(FutureTask.java:266)
		at java.util.concurrent.FutureTask.run(FutureTask.java)
		at java.util.concurrent.ThreadPoolExecutor.runWorker(ThreadPoolExecutor.java:1149)
		at java.util.concurrent.ThreadPoolExecutor$Worker.run(ThreadPoolExecutor.java:624)
		at java.lang.Thread.run(Thread.java:748)
05-Mar-2021 17:14:14.700 严重 [localhost-startStop-1] org.apache.catalina.core.StandardContext.listenerStart éç½®åºç¨ç¨åºçå¬å¨[async.AsyncStockContextListener]éè¯¯
	java.lang.ClassNotFoundException: async.AsyncStockContextListener
		at org.apache.catalina.loader.WebappClassLoaderBase.loadClass(WebappClassLoaderBase.java:1372)
		at org.apache.catalina.loader.WebappClassLoaderBase.loadClass(WebappClassLoaderBase.java:1195)
		at org.apache.catalina.core.DefaultInstanceManager.loadClass(DefaultInstanceManager.java:545)
		at org.apache.catalina.core.DefaultInstanceManager.loadClassMaybePrivileged(DefaultInstanceManager.java:526)
		at org.apache.catalina.core.DefaultInstanceManager.newInstance(DefaultInstanceManager.java:150)
		at org.apache.catalina.core.StandardContext.listenerStart(StandardContext.java:4632)
		at org.apache.catalina.core.StandardContext.startInternal(StandardContext.java:5174)
		at org.apache.catalina.util.LifecycleBase.start(LifecycleBase.java:196)
		at org.apache.catalina.core.ContainerBase.addChildInternal(ContainerBase.java:682)
		at org.apache.catalina.core.ContainerBase.addChild(ContainerBase.java:652)
		at org.apache.catalina.core.StandardHost.addChild(StandardHost.java:708)
		at org.apache.catalina.startup.HostConfig.deployDirectory(HostConfig.java:1081)
		at org.apache.catalina.startup.HostConfig$DeployDirectory.run(HostConfig.java:1798)
		at java.util.concurrent.Executors$RunnableAdapter.call(Executors.java:511)
		at java.util.concurrent.FutureTask.run$$$capture(FutureTask.java:266)
		at java.util.concurrent.FutureTask.run(FutureTask.java)
		at java.util.concurrent.ThreadPoolExecutor.runWorker(ThreadPoolExecutor.java:1149)
		at java.util.concurrent.ThreadPoolExecutor$Worker.run(ThreadPoolExecutor.java:624)
		at java.lang.Thread.run(Thread.java:748)
05-Mar-2021 17:14:14.702 严重 [localhost-startStop-1] org.apache.catalina.core.StandardContext.listenerStart éç½®åºç¨ç¨åºçå¬å¨[websocket.drawboard.DrawboardContextListener]éè¯¯
	java.lang.ClassNotFoundException: websocket.drawboard.DrawboardContextListener
		at org.apache.catalina.loader.WebappClassLoaderBase.loadClass(WebappClassLoaderBase.java:1372)
		at org.apache.catalina.loader.WebappClassLoaderBase.loadClass(WebappClassLoaderBase.java:1195)
		at org.apache.catalina.core.DefaultInstanceManager.loadClass(DefaultInstanceManager.java:545)
		at org.apache.catalina.core.DefaultInstanceManager.loadClassMaybePrivileged(DefaultInstanceManager.java:526)
		at org.apache.catalina.core.DefaultInstanceManager.newInstance(DefaultInstanceManager.java:150)
		at org.apache.catalina.core.StandardContext.listenerStart(StandardContext.java:4632)
		at org.apache.catalina.core.StandardContext.startInternal(StandardContext.java:5174)
		at org.apache.catalina.util.LifecycleBase.start(LifecycleBase.java:196)
		at org.apache.catalina.core.ContainerBase.addChildInternal(ContainerBase.java:682)
		at org.apache.catalina.core.ContainerBase.addChild(ContainerBase.java:652)
		at org.apache.catalina.core.StandardHost.addChild(StandardHost.java:708)
		at org.apache.catalina.startup.HostConfig.deployDirectory(HostConfig.java:1081)
		at org.apache.catalina.startup.HostConfig$DeployDirectory.run(HostConfig.java:1798)
		at java.util.concurrent.Executors$RunnableAdapter.call(Executors.java:511)
		at java.util.concurrent.FutureTask.run$$$capture(FutureTask.java:266)
		at java.util.concurrent.FutureTask.run(FutureTask.java)
		at java.util.concurrent.ThreadPoolExecutor.runWorker(ThreadPoolExecutor.java:1149)
		at java.util.concurrent.ThreadPoolExecutor$Worker.run(ThreadPoolExecutor.java:624)
		at java.lang.Thread.run(Thread.java:748)
05-Mar-2021 17:14:14.702 严重 [localhost-startStop-1] org.apache.catalina.core.StandardContext.listenerStart ç±äºä»¥åçéè¯¯ï¼å·²è·³è¿å®è£åºç¨ç¨åºä¾¦å¬å¨
05-Mar-2021 17:14:21.199 严重 [localhost-startStop-1] org.apache.catalina.core.StandardContext.listenerStart éç½®åºç¨ç¨åºçå¬å¨[listeners.ContextListener]éè¯¯
	java.lang.ClassNotFoundException: listeners.ContextListener
		at org.apache.catalina.loader.WebappClassLoaderBase.loadClass(WebappClassLoaderBase.java:1372)
		at org.apache.catalina.loader.WebappClassLoaderBase.loadClass(WebappClassLoaderBase.java:1195)
		at org.apache.catalina.core.DefaultInstanceManager.loadClass(DefaultInstanceManager.java:545)
		at org.apache.catalina.core.DefaultInstanceManager.loadClassMaybePrivileged(DefaultInstanceManager.java:526)
		at org.apache.catalina.core.DefaultInstanceManager.newInstance(DefaultInstanceManager.java:150)
		at org.apache.catalina.core.StandardContext.listenerStart(StandardContext.java:4632)
		at org.apache.catalina.core.StandardContext.startInternal(StandardContext.java:5174)
		at org.apache.catalina.util.LifecycleBase.start(LifecycleBase.java:196)
		at org.apache.catalina.core.ContainerBase.addChildInternal(ContainerBase.java:682)
		at org.apache.catalina.core.ContainerBase.addChild(ContainerBase.java:652)
		at org.apache.catalina.core.StandardHost.addChild(StandardHost.java:708)
		at org.apache.catalina.startup.HostConfig.deployDirectory(HostConfig.java:1081)
		at org.apache.catalina.startup.HostConfig$DeployDirectory.run(HostConfig.java:1798)
		at java.util.concurrent.Executors$RunnableAdapter.call(Executors.java:511)
		at java.util.concurrent.FutureTask.run$$$capture(FutureTask.java:266)
		at java.util.concurrent.FutureTask.run(FutureTask.java)
		at java.util.concurrent.ThreadPoolExecutor.runWorker(ThreadPoolExecutor.java:1149)
		at java.util.concurrent.ThreadPoolExecutor$Worker.run(ThreadPoolExecutor.java:624)
		at java.lang.Thread.run(Thread.java:748)
05-Mar-2021 17:14:21.201 严重 [localhost-startStop-1] org.apache.catalina.core.StandardContext.listenerStart éç½®åºç¨ç¨åºçå¬å¨[listeners.SessionListener]éè¯¯
	java.lang.ClassNotFoundException: listeners.SessionListener
		at org.apache.catalina.loader.WebappClassLoaderBase.loadClass(WebappClassLoaderBase.java:1372)
		at org.apache.catalina.loader.WebappClassLoaderBase.loadClass(WebappClassLoaderBase.java:1195)
		at org.apache.catalina.core.DefaultInstanceManager.loadClass(DefaultInstanceManager.java:545)
		at org.apache.catalina.core.DefaultInstanceManager.loadClassMaybePrivileged(DefaultInstanceManager.java:526)
		at org.apache.catalina.core.DefaultInstanceManager.newInstance(DefaultInstanceManager.java:150)
		at org.apache.catalina.core.StandardContext.listenerStart(StandardContext.java:4632)
		at org.apache.catalina.core.StandardContext.startInternal(StandardContext.java:5174)
		at org.apache.catalina.util.LifecycleBase.start(LifecycleBase.java:196)
		at org.apache.catalina.core.ContainerBase.addChildInternal(ContainerBase.java:682)
		at org.apache.catalina.core.ContainerBase.addChild(ContainerBase.java:652)
		at org.apache.catalina.core.StandardHost.addChild(StandardHost.java:708)
		at org.apache.catalina.startup.HostConfig.deployDirectory(HostConfig.java:1081)
		at org.apache.catalina.startup.HostConfig$DeployDirectory.run(HostConfig.java:1798)
		at java.util.concurrent.Executors$RunnableAdapter.call(Executors.java:511)
		at java.util.concurrent.FutureTask.run$$$capture(FutureTask.java:266)
		at java.util.concurrent.FutureTask.run(FutureTask.java)
		at java.util.concurrent.ThreadPoolExecutor.runWorker(ThreadPoolExecutor.java:1149)
		at java.util.concurrent.ThreadPoolExecutor$Worker.run(ThreadPoolExecutor.java:624)
		at java.lang.Thread.run(Thread.java:748)
05-Mar-2021 17:14:21.201 严重 [localhost-startStop-1] org.apache.catalina.core.StandardContext.listenerStart éç½®åºç¨ç¨åºçå¬å¨[async.AsyncStockContextListener]éè¯¯
	java.lang.ClassNotFoundException: async.AsyncStockContextListener
		at org.apache.catalina.loader.WebappClassLoaderBase.loadClass(WebappClassLoaderBase.java:1372)
		at org.apache.catalina.loader.WebappClassLoaderBase.loadClass(WebappClassLoaderBase.java:1195)
		at org.apache.catalina.core.DefaultInstanceManager.loadClass(DefaultInstanceManager.java:545)
		at org.apache.catalina.core.DefaultInstanceManager.loadClassMaybePrivileged(DefaultInstanceManager.java:526)
		at org.apache.catalina.core.DefaultInstanceManager.newInstance(DefaultInstanceManager.java:150)
		at org.apache.catalina.core.StandardContext.listenerStart(StandardContext.java:4632)
		at org.apache.catalina.core.StandardContext.startInternal(StandardContext.java:5174)
		at org.apache.catalina.util.LifecycleBase.start(LifecycleBase.java:196)
		at org.apache.catalina.core.ContainerBase.addChildInternal(ContainerBase.java:682)
		at org.apache.catalina.core.ContainerBase.addChild(ContainerBase.java:652)
		at org.apache.catalina.core.StandardHost.addChild(StandardHost.java:708)
		at org.apache.catalina.startup.HostConfig.deployDirectory(HostConfig.java:1081)
		at org.apache.catalina.startup.HostConfig$DeployDirectory.run(HostConfig.java:1798)
		at java.util.concurrent.Executors$RunnableAdapter.call(Executors.java:511)
		at java.util.concurrent.FutureTask.run$$$capture(FutureTask.java:266)
		at java.util.concurrent.FutureTask.run(FutureTask.java)
		at java.util.concurrent.ThreadPoolExecutor.runWorker(ThreadPoolExecutor.java:1149)
		at java.util.concurrent.ThreadPoolExecutor$Worker.run(ThreadPoolExecutor.java:624)
		at java.lang.Thread.run(Thread.java:748)
05-Mar-2021 17:14:21.202 严重 [localhost-startStop-1] org.apache.catalina.core.StandardContext.listenerStart éç½®åºç¨ç¨åºçå¬å¨[websocket.drawboard.DrawboardContextListener]éè¯¯
	java.lang.ClassNotFoundException: websocket.drawboard.DrawboardContextListener
		at org.apache.catalina.loader.WebappClassLoaderBase.loadClass(WebappClassLoaderBase.java:1372)
		at org.apache.catalina.loader.WebappClassLoaderBase.loadClass(WebappClassLoaderBase.java:1195)
		at org.apache.catalina.core.DefaultInstanceManager.loadClass(DefaultInstanceManager.java:545)
		at org.apache.catalina.core.DefaultInstanceManager.loadClassMaybePrivileged(DefaultInstanceManager.java:526)
		at org.apache.catalina.core.DefaultInstanceManager.newInstance(DefaultInstanceManager.java:150)
		at org.apache.catalina.core.StandardContext.listenerStart(StandardContext.java:4632)
		at org.apache.catalina.core.StandardContext.startInternal(StandardContext.java:5174)
		at org.apache.catalina.util.LifecycleBase.start(LifecycleBase.java:196)
		at org.apache.catalina.core.ContainerBase.addChildInternal(ContainerBase.java:682)
		at org.apache.catalina.core.ContainerBase.addChild(ContainerBase.java:652)
		at org.apache.catalina.core.StandardHost.addChild(StandardHost.java:708)
		at org.apache.catalina.startup.HostConfig.deployDirectory(HostConfig.java:1081)
		at org.apache.catalina.startup.HostConfig$DeployDirectory.run(HostConfig.java:1798)
		at java.util.concurrent.Executors$RunnableAdapter.call(Executors.java:511)
		at java.util.concurrent.FutureTask.run$$$capture(FutureTask.java:266)
		at java.util.concurrent.FutureTask.run(FutureTask.java)
		at java.util.concurrent.ThreadPoolExecutor.runWorker(ThreadPoolExecutor.java:1149)
		at java.util.concurrent.ThreadPoolExecutor$Worker.run(ThreadPoolExecutor.java:624)
		at java.lang.Thread.run(Thread.java:748)
05-Mar-2021 17:14:21.203 严重 [localhost-startStop-1] org.apache.catalina.core.StandardContext.listenerStart ç±äºä»¥åçéè¯¯ï¼å·²è·³è¿å®è£åºç¨ç¨åºä¾¦å¬å¨
05-Mar-2021 17:23:38.266 严重 [localhost-startStop-1] org.apache.catalina.core.StandardContext.listenerStart éç½®åºç¨ç¨åºçå¬å¨[listeners.ContextListener]éè¯¯
	java.lang.ClassNotFoundException: listeners.ContextListener
		at org.apache.catalina.loader.WebappClassLoaderBase.loadClass(WebappClassLoaderBase.java:1372)
		at org.apache.catalina.loader.WebappClassLoaderBase.loadClass(WebappClassLoaderBase.java:1195)
		at org.apache.catalina.core.DefaultInstanceManager.loadClass(DefaultInstanceManager.java:545)
		at org.apache.catalina.core.DefaultInstanceManager.loadClassMaybePrivileged(DefaultInstanceManager.java:526)
		at org.apache.catalina.core.DefaultInstanceManager.newInstance(DefaultInstanceManager.java:150)
		at org.apache.catalina.core.StandardContext.listenerStart(StandardContext.java:4632)
		at org.apache.catalina.core.StandardContext.startInternal(StandardContext.java:5174)
		at org.apache.catalina.util.LifecycleBase.start(LifecycleBase.java:196)
		at org.apache.catalina.core.ContainerBase.addChildInternal(ContainerBase.java:682)
		at org.apache.catalina.core.ContainerBase.addChild(ContainerBase.java:652)
		at org.apache.catalina.core.StandardHost.addChild(StandardHost.java:708)
		at org.apache.catalina.startup.HostConfig.deployDirectory(HostConfig.java:1081)
		at org.apache.catalina.startup.HostConfig$DeployDirectory.run(HostConfig.java:1798)
		at java.util.concurrent.Executors$RunnableAdapter.call(Executors.java:511)
		at java.util.concurrent.FutureTask.run$$$capture(FutureTask.java:266)
		at java.util.concurrent.FutureTask.run(FutureTask.java)
		at java.util.concurrent.ThreadPoolExecutor.runWorker(ThreadPoolExecutor.java:1149)
		at java.util.concurrent.ThreadPoolExecutor$Worker.run(ThreadPoolExecutor.java:624)
		at java.lang.Thread.run(Thread.java:748)
05-Mar-2021 17:23:38.267 严重 [localhost-startStop-1] org.apache.catalina.core.StandardContext.listenerStart éç½®åºç¨ç¨åºçå¬å¨[listeners.SessionListener]éè¯¯
	java.lang.ClassNotFoundException: listeners.SessionListener
		at org.apache.catalina.loader.WebappClassLoaderBase.loadClass(WebappClassLoaderBase.java:1372)
		at org.apache.catalina.loader.WebappClassLoaderBase.loadClass(WebappClassLoaderBase.java:1195)
		at org.apache.catalina.core.DefaultInstanceManager.loadClass(DefaultInstanceManager.java:545)
		at org.apache.catalina.core.DefaultInstanceManager.loadClassMaybePrivileged(DefaultInstanceManager.java:526)
		at org.apache.catalina.core.DefaultInstanceManager.newInstance(DefaultInstanceManager.java:150)
		at org.apache.catalina.core.StandardContext.listenerStart(StandardContext.java:4632)
		at org.apache.catalina.core.StandardContext.startInternal(StandardContext.java:5174)
		at org.apache.catalina.util.LifecycleBase.start(LifecycleBase.java:196)
		at org.apache.catalina.core.ContainerBase.addChildInternal(ContainerBase.java:682)
		at org.apache.catalina.core.ContainerBase.addChild(ContainerBase.java:652)
		at org.apache.catalina.core.StandardHost.addChild(StandardHost.java:708)
		at org.apache.catalina.startup.HostConfig.deployDirectory(HostConfig.java:1081)
		at org.apache.catalina.startup.HostConfig$DeployDirectory.run(HostConfig.java:1798)
		at java.util.concurrent.Executors$RunnableAdapter.call(Executors.java:511)
		at java.util.concurrent.FutureTask.run$$$capture(FutureTask.java:266)
		at java.util.concurrent.FutureTask.run(FutureTask.java)
		at java.util.concurrent.ThreadPoolExecutor.runWorker(ThreadPoolExecutor.java:1149)
		at java.util.concurrent.ThreadPoolExecutor$Worker.run(ThreadPoolExecutor.java:624)
		at java.lang.Thread.run(Thread.java:748)
05-Mar-2021 17:23:38.268 严重 [localhost-startStop-1] org.apache.catalina.core.StandardContext.listenerStart éç½®åºç¨ç¨åºçå¬å¨[async.AsyncStockContextListener]éè¯¯
	java.lang.ClassNotFoundException: async.AsyncStockContextListener
		at org.apache.catalina.loader.WebappClassLoaderBase.loadClass(WebappClassLoaderBase.java:1372)
		at org.apache.catalina.loader.WebappClassLoaderBase.loadClass(WebappClassLoaderBase.java:1195)
		at org.apache.catalina.core.DefaultInstanceManager.loadClass(DefaultInstanceManager.java:545)
		at org.apache.catalina.core.DefaultInstanceManager.loadClassMaybePrivileged(DefaultInstanceManager.java:526)
		at org.apache.catalina.core.DefaultInstanceManager.newInstance(DefaultInstanceManager.java:150)
		at org.apache.catalina.core.StandardContext.listenerStart(StandardContext.java:4632)
		at org.apache.catalina.core.StandardContext.startInternal(StandardContext.java:5174)
		at org.apache.catalina.util.LifecycleBase.start(LifecycleBase.java:196)
		at org.apache.catalina.core.ContainerBase.addChildInternal(ContainerBase.java:682)
		at org.apache.catalina.core.ContainerBase.addChild(ContainerBase.java:652)
		at org.apache.catalina.core.StandardHost.addChild(StandardHost.java:708)
		at org.apache.catalina.startup.HostConfig.deployDirectory(HostConfig.java:1081)
		at org.apache.catalina.startup.HostConfig$DeployDirectory.run(HostConfig.java:1798)
		at java.util.concurrent.Executors$RunnableAdapter.call(Executors.java:511)
		at java.util.concurrent.FutureTask.run$$$capture(FutureTask.java:266)
		at java.util.concurrent.FutureTask.run(FutureTask.java)
		at java.util.concurrent.ThreadPoolExecutor.runWorker(ThreadPoolExecutor.java:1149)
		at java.util.concurrent.ThreadPoolExecutor$Worker.run(ThreadPoolExecutor.java:624)
		at java.lang.Thread.run(Thread.java:748)
05-Mar-2021 17:23:38.268 严重 [localhost-startStop-1] org.apache.catalina.core.StandardContext.listenerStart éç½®åºç¨ç¨åºçå¬å¨[websocket.drawboard.DrawboardContextListener]éè¯¯
	java.lang.ClassNotFoundException: websocket.drawboard.DrawboardContextListener
		at org.apache.catalina.loader.WebappClassLoaderBase.loadClass(WebappClassLoaderBase.java:1372)
		at org.apache.catalina.loader.WebappClassLoaderBase.loadClass(WebappClassLoaderBase.java:1195)
		at org.apache.catalina.core.DefaultInstanceManager.loadClass(DefaultInstanceManager.java:545)
		at org.apache.catalina.core.DefaultInstanceManager.loadClassMaybePrivileged(DefaultInstanceManager.java:526)
		at org.apache.catalina.core.DefaultInstanceManager.newInstance(DefaultInstanceManager.java:150)
		at org.apache.catalina.core.StandardContext.listenerStart(StandardContext.java:4632)
		at org.apache.catalina.core.StandardContext.startInternal(StandardContext.java:5174)
		at org.apache.catalina.util.LifecycleBase.start(LifecycleBase.java:196)
		at org.apache.catalina.core.ContainerBase.addChildInternal(ContainerBase.java:682)
		at org.apache.catalina.core.ContainerBase.addChild(ContainerBase.java:652)
		at org.apache.catalina.core.StandardHost.addChild(StandardHost.java:708)
		at org.apache.catalina.startup.HostConfig.deployDirectory(HostConfig.java:1081)
		at org.apache.catalina.startup.HostConfig$DeployDirectory.run(HostConfig.java:1798)
		at java.util.concurrent.Executors$RunnableAdapter.call(Executors.java:511)
		at java.util.concurrent.FutureTask.run$$$capture(FutureTask.java:266)
		at java.util.concurrent.FutureTask.run(FutureTask.java)
		at java.util.concurrent.ThreadPoolExecutor.runWorker(ThreadPoolExecutor.java:1149)
		at java.util.concurrent.ThreadPoolExecutor$Worker.run(ThreadPoolExecutor.java:624)
		at java.lang.Thread.run(Thread.java:748)
05-Mar-2021 17:23:38.268 严重 [localhost-startStop-1] org.apache.catalina.core.StandardContext.listenerStart ç±äºä»¥åçéè¯¯ï¼å·²è·³è¿å®è£åºç¨ç¨åºä¾¦å¬å¨
